This file contains any messages produced by compilers while
running configure, to aid debugging if configure makes a mistake.

It was created by configure, which was
generated by GNU Autoconf 2.59.  Invocation command line was

  $ ./configure --host=mips-linux --target= --with-logfile=/var/local/tmp/radvd.log --with-pidfile=/var/local/tmp/radvd.pid --with-configfile=/var/local/tmp/radvd.conf --prefix=/home/hhuang/Development/src3/rootfs-ap99-hgw.build

## --------- ##
## Platform. ##
## --------- ##

hostname = development-laptop
uname -m = i686
uname -r = 2.6.24-16-generic
uname -s = Linux
uname -v = #1 SMP Thu Apr 10 13:23:42 UTC 2008

/usr/bin/uname -p = unknown
/bin/uname -X     = unknown

/bin/arch              = unknown
/usr/bin/arch -k       = unknown
/usr/convex/getsysinfo = unknown
hostinfo               = unknown
/bin/machine           = unknown
/usr/bin/oslevel       = unknown
/bin/universe          = unknown

PATH: /usr/local/sbin
PATH: /usr/local/bin
PATH: /usr/sbin
PATH: /usr/bin
PATH: /sbin
PATH: /bin
PATH: /usr/games


## ----------- ##
## Core tests. ##
## ----------- ##

configure:1344: checking build system type
configure:1362: result: i686-pc-linux-gnu
configure:1370: checking host system type
configure:1384: result: mips-mips-linux-gnu
configure:1392: checking target system type
configure:1406: result: mips-mips-linux-gnu
configure:1435: checking for a BSD-compatible install
configure:1490: result: /usr/bin/install -c
configure:1501: checking whether build environment is sane
configure:1544: result: yes
configure:1609: checking for gawk
configure:1638: result: no
configure:1609: checking for mawk
configure:1625: found /usr/bin/mawk
configure:1635: result: mawk
configure:1645: checking whether make sets $(MAKE)
configure:1665: result: yes
configure:1732: checking for mips-linux-strip
configure:1761: result: no
configure:1770: checking for strip
configure:1786: found /usr/bin/strip
configure:1797: result: strip
configure:1828: result: linux
configure:1863: checking for mips-linux-gcc
configure:1889: result: mips-linux-uclibc-gcc
configure:2171: checking for C compiler version
configure:2174: mips-linux-uclibc-gcc --version </dev/null >&5
mips-linux-uclibc-gcc (GCC) 4.3.3
Copyright (C) 2008 Free Software Foundation, Inc.
This is free software; see the source for copying conditions.  There is NO
warranty; not even for MERCHANTABILITY or FITNESS FOR A PARTICULAR PURPOSE.

configure:2177: $? = 0
configure:2179: mips-linux-uclibc-gcc -v </dev/null >&5
Using built-in specs.
Target: mips-linux-uclibc
Configured with: /home/hhuang/Development/src3/build/gcc-4.3.3/toolchain_build_mips/gcc-4.3.3/configure --prefix=/usr --build=i386-pc-linux-gnu --host=i386-pc-linux-gnu --target=mips-linux-uclibc --enable-languages=c --with-sysroot=/home/hhuang/Development/src3/build/gcc-4.3.3/build_mips/staging_dir --with-build-time-tools=/home/hhuang/Development/src3/build/gcc-4.3.3/build_mips/staging_dir/usr/mips-linux-uclibc/bin --disable-__cxa_atexit --enable-target-optspace --with-gnu-ld --disable-libssp --disable-tls --enable-shared --with-gmp=/home/hhuang/Development/src3/build/gcc-4.3.3/toolchain_build_mips/gmp --with-mpfr=/home/hhuang/Development/src3/build/gcc-4.3.3/toolchain_build_mips/mpfr --disable-nls --enable-threads --disable-multilib --disable-decimal-float --with-float=soft --with-abi=32 --with-tune=mips32r2
Thread model: posix
gcc version 4.3.3 (GCC) 
configure:2182: $? = 0
configure:2184: mips-linux-uclibc-gcc -V </dev/null >&5
mips-linux-uclibc-gcc: '-V' option must have argument
configure:2187: $? = 1
configure:2210: checking for C compiler default output file name
configure:2213: mips-linux-uclibc-gcc -s  -L. conftest.c  >&5
configure:2216: $? = 0
configure:2262: result: a.out
configure:2267: checking whether the C compiler works
configure:2273: ./a.out
./configure: line 2274: ./a.out: cannot execute binary file
configure:2276: $? = 126
configure:2293: result: yes
configure:2300: checking whether we are cross compiling
configure:2302: result: yes
configure:2305: checking for suffix of executables
configure:2307: mips-linux-uclibc-gcc -o conftest -s  -L. conftest.c  >&5
configure:2310: $? = 0
configure:2335: result: 
configure:2341: checking for suffix of object files
configure:2362: mips-linux-uclibc-gcc -c -s  conftest.c >&5
configure:2365: $? = 0
configure:2387: result: o
configure:2391: checking whether we are using the GNU C compiler
configure:2415: mips-linux-uclibc-gcc -c -s  conftest.c >&5
configure:2421: $? = 0
configure:2425: test -z 
			 || test ! -s conftest.err
configure:2428: $? = 0
configure:2431: test -s conftest.o
configure:2434: $? = 0
configure:2447: result: yes
configure:2453: checking whether mips-linux-uclibc-gcc accepts -g
configure:2474: mips-linux-uclibc-gcc -c -g  conftest.c >&5
configure:2480: $? = 0
configure:2484: test -z 
			 || test ! -s conftest.err
configure:2487: $? = 0
configure:2490: test -s conftest.o
configure:2493: $? = 0
configure:2504: result: yes
configure:2521: checking for mips-linux-uclibc-gcc option to accept ANSI C
configure:2591: mips-linux-uclibc-gcc  -c -s  conftest.c >&5
configure:2597: $? = 0
configure:2601: test -z 
			 || test ! -s conftest.err
configure:2604: $? = 0
configure:2607: test -s conftest.o
configure:2610: $? = 0
configure:2628: result: none needed
configure:2646: mips-linux-uclibc-gcc -c -s  conftest.c >&5
conftest.c:2: error: expected '=', ',', ';', 'asm' or '__attribute__' before 'me'
configure:2652: $? = 1
configure: failed program was:
| #ifndef __cplusplus
|   choke me
| #endif
configure:2796: checking for style of include used by make
configure:2824: result: GNU
configure:2852: checking dependency style of mips-linux-uclibc-gcc
configure:2942: result: gcc3
configure:2973: checking for a BSD-compatible install
configure:3028: result: /usr/bin/install -c
configure:3041: checking for rm
configure:3059: found /bin/rm
configure:3072: result: /bin/rm
configure:3086: checking for sed
configure:3104: found /bin/sed
configure:3117: result: /bin/sed
configure:3131: checking for ln
configure:3149: found /bin/ln
configure:3161: result: /bin/ln
configure:3172: checking for bison
configure:3188: found /usr/bin/bison
configure:3198: result: bison -y
configure:3214: checking for flex
configure:3230: found /usr/bin/flex
configure:3240: result: flex
configure:3253: checking for yywrap in -lfl
configure:3283: mips-linux-uclibc-gcc -o conftest -s  -L. conftest.c -lfl   >&5
configure:3289: $? = 0
configure:3293: test -z 
			 || test ! -s conftest.err
configure:3296: $? = 0
configure:3299: test -s conftest
configure:3302: $? = 0
configure:3315: result: yes
configure:3393: checking lex output file root
configure:3404: flex conftest.l
configure:3407: $? = 0
configure:3419: result: lex.yy
configure:3424: checking whether yytext is a pointer
configure:3440: mips-linux-uclibc-gcc -o conftest -s  -L. conftest.c  -lfl >&5
configure:3446: $? = 0
configure:3450: test -z 
			 || test ! -s conftest.err
configure:3453: $? = 0
configure:3456: test -s conftest
configure:3459: $? = 0
configure:3473: result: yes
configure:3489: checking for tar
configure:3507: found /bin/tar
configure:3519: result: /bin/tar
configure:3528: checking for gzip
configure:3546: found /bin/gzip
configure:3558: result: /bin/gzip
configure:3566: checking where to put logfile
configure:3576: result: /var/local/tmp/radvd.log
configure:3579: checking where to put pidfile
configure:3589: result: /var/local/tmp/radvd.pid
configure:3592: checking where to find configfile
configure:3602: result: /var/local/tmp/radvd.conf
configure:3605: checking which syslog facility to use
configure:3615: result: LOG_DAEMON
configure:3620: checking for inet_ntop in -lc
configure:3650: mips-linux-uclibc-gcc -o conftest -s  -L. conftest.c -lc   >&5
configure:3656: $? = 0
configure:3660: test -z 
			 || test ! -s conftest.err
configure:3663: $? = 0
configure:3666: test -s conftest
configure:3669: $? = 0
configure:3682: result: yes
configure:3777: checking how to run the C preprocessor
configure:3812: mips-linux-uclibc-gcc -E  conftest.c
configure:3818: $? = 0
configure:3850: mips-linux-uclibc-gcc -E  conftest.c
conftest.c:12:28: error: ac_nonexistent.h: No such file or directory
configure:3856: $? = 1
configure: failed program was:
| /* confdefs.h.  */
| 
| #define PACKAGE_NAME ""
| #define PACKAGE_TARNAME ""
| #define PACKAGE_VERSION ""
| #define PACKAGE_STRING ""
| #define PACKAGE_BUGREPORT ""
| #define _GNU_SOURCE
| #define YYTEXT_POINTER 1
| #define HAVE_LIBC 1
| /* end confdefs.h.  */
| #include <ac_nonexistent.h>
configure:3895: result: mips-linux-uclibc-gcc -E
configure:3919: mips-linux-uclibc-gcc -E  conftest.c
configure:3925: $? = 0
configure:3957: mips-linux-uclibc-gcc -E  conftest.c
conftest.c:12:28: error: ac_nonexistent.h: No such file or directory
configure:3963: $? = 1
configure: failed program was:
| /* confdefs.h.  */
| 
| #define PACKAGE_NAME ""
| #define PACKAGE_TARNAME ""
| #define PACKAGE_VERSION ""
| #define PACKAGE_STRING ""
| #define PACKAGE_BUGREPORT ""
| #define _GNU_SOURCE
| #define YYTEXT_POINTER 1
| #define HAVE_LIBC 1
| /* end confdefs.h.  */
| #include <ac_nonexistent.h>
configure:4007: checking for egrep
configure:4017: result: grep -E
configure:4022: checking for ANSI C header files
configure:4047: mips-linux-uclibc-gcc -c -s  conftest.c >&5
configure:4053: $? = 0
configure:4057: test -z 
			 || test ! -s conftest.err
configure:4060: $? = 0
configure:4063: test -s conftest.o
configure:4066: $? = 0
configure:4178: result: yes
configure:4202: checking for sys/types.h
configure:4218: mips-linux-uclibc-gcc -c -s  conftest.c >&5
configure:4224: $? = 0
configure:4228: test -z 
			 || test ! -s conftest.err
configure:4231: $? = 0
configure:4234: test -s conftest.o
configure:4237: $? = 0
configure:4248: result: yes
configure:4202: checking for sys/stat.h
configure:4218: mips-linux-uclibc-gcc -c -s  conftest.c >&5
configure:4224: $? = 0
configure:4228: test -z 
			 || test ! -s conftest.err
configure:4231: $? = 0
configure:4234: test -s conftest.o
configure:4237: $? = 0
configure:4248: result: yes
configure:4202: checking for stdlib.h
configure:4218: mips-linux-uclibc-gcc -c -s  conftest.c >&5
configure:4224: $? = 0
configure:4228: test -z 
			 || test ! -s conftest.err
configure:4231: $? = 0
configure:4234: test -s conftest.o
configure:4237: $? = 0
configure:4248: result: yes
configure:4202: checking for string.h
configure:4218: mips-linux-uclibc-gcc -c -s  conftest.c >&5
configure:4224: $? = 0
configure:4228: test -z 
			 || test ! -s conftest.err
configure:4231: $? = 0
configure:4234: test -s conftest.o
configure:4237: $? = 0
configure:4248: result: yes
configure:4202: checking for memory.h
configure:4218: mips-linux-uclibc-gcc -c -s  conftest.c >&5
configure:4224: $? = 0
configure:4228: test -z 
			 || test ! -s conftest.err
configure:4231: $? = 0
configure:4234: test -s conftest.o
configure:4237: $? = 0
configure:4248: result: yes
configure:4202: checking for strings.h
configure:4218: mips-linux-uclibc-gcc -c -s  conftest.c >&5
configure:4224: $? = 0
configure:4228: test -z 
			 || test ! -s conftest.err
configure:4231: $? = 0
configure:4234: test -s conftest.o
configure:4237: $? = 0
configure:4248: result: yes
configure:4202: checking for inttypes.h
configure:4218: mips-linux-uclibc-gcc -c -s  conftest.c >&5
configure:4224: $? = 0
configure:4228: test -z 
			 || test ! -s conftest.err
configure:4231: $? = 0
configure:4234: test -s conftest.o
configure:4237: $? = 0
configure:4248: result: yes
configure:4202: checking for stdint.h
configure:4218: mips-linux-uclibc-gcc -c -s  conftest.c >&5
configure:4224: $? = 0
configure:4228: test -z 
			 || test ! -s conftest.err
configure:4231: $? = 0
configure:4234: test -s conftest.o
configure:4237: $? = 0
configure:4248: result: yes
configure:4202: checking for unistd.h
configure:4218: mips-linux-uclibc-gcc -c -s  conftest.c >&5
configure:4224: $? = 0
configure:4228: test -z 
			 || test ! -s conftest.err
configure:4231: $? = 0
configure:4234: test -s conftest.o
configure:4237: $? = 0
configure:4248: result: yes
configure:4274: checking sys/time.h usability
configure:4286: mips-linux-uclibc-gcc -c -s  conftest.c >&5
configure:4292: $? = 0
configure:4296: test -z 
			 || test ! -s conftest.err
configure:4299: $? = 0
configure:4302: test -s conftest.o
configure:4305: $? = 0
configure:4315: result: yes
configure:4319: checking sys/time.h presence
configure:4329: mips-linux-uclibc-gcc -E  conftest.c
configure:4335: $? = 0
configure:4355: result: yes
configure:4390: checking for sys/time.h
configure:4397: result: yes
configure:4410: checking whether time.h and sys/time.h may both be included
configure:4435: mips-linux-uclibc-gcc -c -s  conftest.c >&5
configure:4441: $? = 0
configure:4445: test -z 
			 || test ! -s conftest.err
configure:4448: $? = 0
configure:4451: test -s conftest.o
configure:4454: $? = 0
configure:4465: result: yes
configure:4486: checking netinet/ip6.h usability
configure:4498: mips-linux-uclibc-gcc -c -s  conftest.c >&5
configure:4504: $? = 0
configure:4508: test -z 
			 || test ! -s conftest.err
configure:4511: $? = 0
configure:4514: test -s conftest.o
configure:4517: $? = 0
configure:4527: result: yes
configure:4531: checking netinet/ip6.h presence
configure:4541: mips-linux-uclibc-gcc -E  conftest.c
configure:4547: $? = 0
configure:4567: result: yes
configure:4602: checking for netinet/ip6.h
configure:4609: result: yes
configure:4790: checking ifaddrs.h usability
configure:4802: mips-linux-uclibc-gcc -c -s  conftest.c >&5
conftest.c:58:21: error: ifaddrs.h: No such file or directory
configure:4808: $? = 1
configure: failed program was:
| /* confdefs.h.  */
| 
| #define PACKAGE_NAME ""
| #define PACKAGE_TARNAME ""
| #define PACKAGE_VERSION ""
| #define PACKAGE_STRING ""
| #define PACKAGE_BUGREPORT ""
| #define _GNU_SOURCE
| #define YYTEXT_POINTER 1
| #define HAVE_LIBC 1
| #define STDC_HEADERS 1
| #define HAVE_SYS_TYPES_H 1
| #define HAVE_SYS_STAT_H 1
| #define HAVE_STDLIB_H 1
| #define HAVE_STRING_H 1
| #define HAVE_MEMORY_H 1
| #define HAVE_STRINGS_H 1
| #define HAVE_INTTYPES_H 1
| #define HAVE_STDINT_H 1
| #define HAVE_UNISTD_H 1
| #define HAVE_SYS_TIME_H 1
| #define TIME_WITH_SYS_TIME 1
| /* end confdefs.h.  */
| #include <stdio.h>
| #if HAVE_SYS_TYPES_H
| # include <sys/types.h>
| #endif
| #if HAVE_SYS_STAT_H
| # include <sys/stat.h>
| #endif
| #if STDC_HEADERS
| # include <stdlib.h>
| # include <stddef.h>
| #else
| # if HAVE_STDLIB_H
| #  include <stdlib.h>
| # endif
| #endif
| #if HAVE_STRING_H
| # if !STDC_HEADERS && HAVE_MEMORY_H
| #  include <memory.h>
| # endif
| # include <string.h>
| #endif
| #if HAVE_STRINGS_H
| # include <strings.h>
| #endif
| #if HAVE_INTTYPES_H
| # include <inttypes.h>
| #else
| # if HAVE_STDINT_H
| #  include <stdint.h>
| # endif
| #endif
| #if HAVE_UNISTD_H
| # include <unistd.h>
| #endif
| #include <ifaddrs.h>
configure:4831: result: no
configure:4835: checking ifaddrs.h presence
configure:4845: mips-linux-uclibc-gcc -E  conftest.c
conftest.c:24:21: error: ifaddrs.h: No such file or directory
configure:4851: $? = 1
configure: failed program was:
| /* confdefs.h.  */
| 
| #define PACKAGE_NAME ""
| #define PACKAGE_TARNAME ""
| #define PACKAGE_VERSION ""
| #define PACKAGE_STRING ""
| #define PACKAGE_BUGREPORT ""
| #define _GNU_SOURCE
| #define YYTEXT_POINTER 1
| #define HAVE_LIBC 1
| #define STDC_HEADERS 1
| #define HAVE_SYS_TYPES_H 1
| #define HAVE_SYS_STAT_H 1
| #define HAVE_STDLIB_H 1
| #define HAVE_STRING_H 1
| #define HAVE_MEMORY_H 1
| #define HAVE_STRINGS_H 1
| #define HAVE_INTTYPES_H 1
| #define HAVE_STDINT_H 1
| #define HAVE_UNISTD_H 1
| #define HAVE_SYS_TIME_H 1
| #define TIME_WITH_SYS_TIME 1
| /* end confdefs.h.  */
| #include <ifaddrs.h>
configure:4871: result: no
configure:4906: checking for ifaddrs.h
configure:4913: result: no
configure:4790: checking sys/sockio.h usability
configure:4802: mips-linux-uclibc-gcc -c -s  conftest.c >&5
conftest.c:58:24: error: sys/sockio.h: No such file or directory
configure:4808: $? = 1
configure: failed program was:
| /* confdefs.h.  */
| 
| #define PACKAGE_NAME ""
| #define PACKAGE_TARNAME ""
| #define PACKAGE_VERSION ""
| #define PACKAGE_STRING ""
| #define PACKAGE_BUGREPORT ""
| #define _GNU_SOURCE
| #define YYTEXT_POINTER 1
| #define HAVE_LIBC 1
| #define STDC_HEADERS 1
| #define HAVE_SYS_TYPES_H 1
| #define HAVE_SYS_STAT_H 1
| #define HAVE_STDLIB_H 1
| #define HAVE_STRING_H 1
| #define HAVE_MEMORY_H 1
| #define HAVE_STRINGS_H 1
| #define HAVE_INTTYPES_H 1
| #define HAVE_STDINT_H 1
| #define HAVE_UNISTD_H 1
| #define HAVE_SYS_TIME_H 1
| #define TIME_WITH_SYS_TIME 1
| /* end confdefs.h.  */
| #include <stdio.h>
| #if HAVE_SYS_TYPES_H
| # include <sys/types.h>
| #endif
| #if HAVE_SYS_STAT_H
| # include <sys/stat.h>
| #endif
| #if STDC_HEADERS
| # include <stdlib.h>
| # include <stddef.h>
| #else
| # if HAVE_STDLIB_H
| #  include <stdlib.h>
| # endif
| #endif
| #if HAVE_STRING_H
| # if !STDC_HEADERS && HAVE_MEMORY_H
| #  include <memory.h>
| # endif
| # include <string.h>
| #endif
| #if HAVE_STRINGS_H
| # include <strings.h>
| #endif
| #if HAVE_INTTYPES_H
| # include <inttypes.h>
| #else
| # if HAVE_STDINT_H
| #  include <stdint.h>
| # endif
| #endif
| #if HAVE_UNISTD_H
| # include <unistd.h>
| #endif
| #include <sys/sockio.h>
configure:4831: result: no
configure:4835: checking sys/sockio.h presence
configure:4845: mips-linux-uclibc-gcc -E  conftest.c
conftest.c:24:24: error: sys/sockio.h: No such file or directory
configure:4851: $? = 1
configure: failed program was:
| /* confdefs.h.  */
| 
| #define PACKAGE_NAME ""
| #define PACKAGE_TARNAME ""
| #define PACKAGE_VERSION ""
| #define PACKAGE_STRING ""
| #define PACKAGE_BUGREPORT ""
| #define _GNU_SOURCE
| #define YYTEXT_POINTER 1
| #define HAVE_LIBC 1
| #define STDC_HEADERS 1
| #define HAVE_SYS_TYPES_H 1
| #define HAVE_SYS_STAT_H 1
| #define HAVE_STDLIB_H 1
| #define HAVE_STRING_H 1
| #define HAVE_MEMORY_H 1
| #define HAVE_STRINGS_H 1
| #define HAVE_INTTYPES_H 1
| #define HAVE_STDINT_H 1
| #define HAVE_UNISTD_H 1
| #define HAVE_SYS_TIME_H 1
| #define TIME_WITH_SYS_TIME 1
| /* end confdefs.h.  */
| #include <sys/sockio.h>
configure:4871: result: no
configure:4906: checking for sys/sockio.h
configure:4913: result: no
configure:4790: checking getopt.h usability
configure:4802: mips-linux-uclibc-gcc -c -s  conftest.c >&5
configure:4808: $? = 0
configure:4812: test -z 
			 || test ! -s conftest.err
configure:4815: $? = 0
configure:4818: test -s conftest.o
configure:4821: $? = 0
configure:4831: result: yes
configure:4835: checking getopt.h presence
configure:4845: mips-linux-uclibc-gcc -E  conftest.c
configure:4851: $? = 0
configure:4871: result: yes
configure:4906: checking for getopt.h
configure:4913: result: yes
configure:4781: checking for inttypes.h
configure:4786: result: yes
configure:4942: checking net/if_dl.h usability
configure:4954: mips-linux-uclibc-gcc -c -s  conftest.c >&5
conftest.c:60:23: error: net/if_dl.h: No such file or directory
configure:4960: $? = 1
configure: failed program was:
| /* confdefs.h.  */
| 
| #define PACKAGE_NAME ""
| #define PACKAGE_TARNAME ""
| #define PACKAGE_VERSION ""
| #define PACKAGE_STRING ""
| #define PACKAGE_BUGREPORT ""
| #define _GNU_SOURCE
| #define YYTEXT_POINTER 1
| #define HAVE_LIBC 1
| #define STDC_HEADERS 1
| #define HAVE_SYS_TYPES_H 1
| #define HAVE_SYS_STAT_H 1
| #define HAVE_STDLIB_H 1
| #define HAVE_STRING_H 1
| #define HAVE_MEMORY_H 1
| #define HAVE_STRINGS_H 1
| #define HAVE_INTTYPES_H 1
| #define HAVE_STDINT_H 1
| #define HAVE_UNISTD_H 1
| #define HAVE_SYS_TIME_H 1
| #define TIME_WITH_SYS_TIME 1
| #define HAVE_GETOPT_H 1
| #define HAVE_INTTYPES_H 1
| /* end confdefs.h.  */
| #include <stdio.h>
| #if HAVE_SYS_TYPES_H
| # include <sys/types.h>
| #endif
| #if HAVE_SYS_STAT_H
| # include <sys/stat.h>
| #endif
| #if STDC_HEADERS
| # include <stdlib.h>
| # include <stddef.h>
| #else
| # if HAVE_STDLIB_H
| #  include <stdlib.h>
| # endif
| #endif
| #if HAVE_STRING_H
| # if !STDC_HEADERS && HAVE_MEMORY_H
| #  include <memory.h>
| # endif
| # include <string.h>
| #endif
| #if HAVE_STRINGS_H
| # include <strings.h>
| #endif
| #if HAVE_INTTYPES_H
| # include <inttypes.h>
| #else
| # if HAVE_STDINT_H
| #  include <stdint.h>
| # endif
| #endif
| #if HAVE_UNISTD_H
| # include <unistd.h>
| #endif
| #include <net/if_dl.h>
configure:4983: result: no
configure:4987: checking net/if_dl.h presence
configure:4997: mips-linux-uclibc-gcc -E  conftest.c
conftest.c:26:23: error: net/if_dl.h: No such file or directory
configure:5003: $? = 1
configure: failed program was:
| /* confdefs.h.  */
| 
| #define PACKAGE_NAME ""
| #define PACKAGE_TARNAME ""
| #define PACKAGE_VERSION ""
| #define PACKAGE_STRING ""
| #define PACKAGE_BUGREPORT ""
| #define _GNU_SOURCE
| #define YYTEXT_POINTER 1
| #define HAVE_LIBC 1
| #define STDC_HEADERS 1
| #define HAVE_SYS_TYPES_H 1
| #define HAVE_SYS_STAT_H 1
| #define HAVE_STDLIB_H 1
| #define HAVE_STRING_H 1
| #define HAVE_MEMORY_H 1
| #define HAVE_STRINGS_H 1
| #define HAVE_INTTYPES_H 1
| #define HAVE_STDINT_H 1
| #define HAVE_UNISTD_H 1
| #define HAVE_SYS_TIME_H 1
| #define TIME_WITH_SYS_TIME 1
| #define HAVE_GETOPT_H 1
| #define HAVE_INTTYPES_H 1
| /* end confdefs.h.  */
| #include <net/if_dl.h>
configure:5023: result: no
configure:5058: checking for net/if_dl.h
configure:5065: result: no
configure:4942: checking net/if_types.h usability
configure:4954: mips-linux-uclibc-gcc -c -s  conftest.c >&5
conftest.c:60:26: error: net/if_types.h: No such file or directory
configure:4960: $? = 1
configure: failed program was:
| /* confdefs.h.  */
| 
| #define PACKAGE_NAME ""
| #define PACKAGE_TARNAME ""
| #define PACKAGE_VERSION ""
| #define PACKAGE_STRING ""
| #define PACKAGE_BUGREPORT ""
| #define _GNU_SOURCE
| #define YYTEXT_POINTER 1
| #define HAVE_LIBC 1
| #define STDC_HEADERS 1
| #define HAVE_SYS_TYPES_H 1
| #define HAVE_SYS_STAT_H 1
| #define HAVE_STDLIB_H 1
| #define HAVE_STRING_H 1
| #define HAVE_MEMORY_H 1
| #define HAVE_STRINGS_H 1
| #define HAVE_INTTYPES_H 1
| #define HAVE_STDINT_H 1
| #define HAVE_UNISTD_H 1
| #define HAVE_SYS_TIME_H 1
| #define TIME_WITH_SYS_TIME 1
| #define HAVE_GETOPT_H 1
| #define HAVE_INTTYPES_H 1
| /* end confdefs.h.  */
| #include <stdio.h>
| #if HAVE_SYS_TYPES_H
| # include <sys/types.h>
| #endif
| #if HAVE_SYS_STAT_H
| # include <sys/stat.h>
| #endif
| #if STDC_HEADERS
| # include <stdlib.h>
| # include <stddef.h>
| #else
| # if HAVE_STDLIB_H
| #  include <stdlib.h>
| # endif
| #endif
| #if HAVE_STRING_H
| # if !STDC_HEADERS && HAVE_MEMORY_H
| #  include <memory.h>
| # endif
| # include <string.h>
| #endif
| #if HAVE_STRINGS_H
| # include <strings.h>
| #endif
| #if HAVE_INTTYPES_H
| # include <inttypes.h>
| #else
| # if HAVE_STDINT_H
| #  include <stdint.h>
| # endif
| #endif
| #if HAVE_UNISTD_H
| # include <unistd.h>
| #endif
| #include <net/if_types.h>
configure:4983: result: no
configure:4987: checking net/if_types.h presence
configure:4997: mips-linux-uclibc-gcc -E  conftest.c
conftest.c:26:26: error: net/if_types.h: No such file or directory
configure:5003: $? = 1
configure: failed program was:
| /* confdefs.h.  */
| 
| #define PACKAGE_NAME ""
| #define PACKAGE_TARNAME ""
| #define PACKAGE_VERSION ""
| #define PACKAGE_STRING ""
| #define PACKAGE_BUGREPORT ""
| #define _GNU_SOURCE
| #define YYTEXT_POINTER 1
| #define HAVE_LIBC 1
| #define STDC_HEADERS 1
| #define HAVE_SYS_TYPES_H 1
| #define HAVE_SYS_STAT_H 1
| #define HAVE_STDLIB_H 1
| #define HAVE_STRING_H 1
| #define HAVE_MEMORY_H 1
| #define HAVE_STRINGS_H 1
| #define HAVE_INTTYPES_H 1
| #define HAVE_STDINT_H 1
| #define HAVE_UNISTD_H 1
| #define HAVE_SYS_TIME_H 1
| #define TIME_WITH_SYS_TIME 1
| #define HAVE_GETOPT_H 1
| #define HAVE_INTTYPES_H 1
| /* end confdefs.h.  */
| #include <net/if_types.h>
configure:5023: result: no
configure:5058: checking for net/if_types.h
configure:5065: result: no
configure:4942: checking net/if_arp.h usability
configure:4954: mips-linux-uclibc-gcc -c -s  conftest.c >&5
configure:4960: $? = 0
configure:4964: test -z 
			 || test ! -s conftest.err
configure:4967: $? = 0
configure:4970: test -s conftest.o
configure:4973: $? = 0
configure:4983: result: yes
configure:4987: checking net/if_arp.h presence
configure:4997: mips-linux-uclibc-gcc -E  conftest.c
configure:5003: $? = 0
configure:5023: result: yes
configure:5058: checking for net/if_arp.h
configure:5065: result: yes
configure:5092: checking sys/param.h usability
configure:5104: mips-linux-uclibc-gcc -c -s  conftest.c >&5
configure:5110: $? = 0
configure:5114: test -z 
			 || test ! -s conftest.err
configure:5117: $? = 0
configure:5120: test -s conftest.o
configure:5123: $? = 0
configure:5133: result: yes
configure:5137: checking sys/param.h presence
configure:5147: mips-linux-uclibc-gcc -E  conftest.c
configure:5153: $? = 0
configure:5173: result: yes
configure:5208: checking for sys/param.h
configure:5215: result: yes
configure:5242: checking machine/param.h usability
configure:5254: mips-linux-uclibc-gcc -c -s  conftest.c >&5
conftest.c:62:27: error: machine/param.h: No such file or directory
configure:5260: $? = 1
configure: failed program was:
| /* confdefs.h.  */
| 
| #define PACKAGE_NAME ""
| #define PACKAGE_TARNAME ""
| #define PACKAGE_VERSION ""
| #define PACKAGE_STRING ""
| #define PACKAGE_BUGREPORT ""
| #define _GNU_SOURCE
| #define YYTEXT_POINTER 1
| #define HAVE_LIBC 1
| #define STDC_HEADERS 1
| #define HAVE_SYS_TYPES_H 1
| #define HAVE_SYS_STAT_H 1
| #define HAVE_STDLIB_H 1
| #define HAVE_STRING_H 1
| #define HAVE_MEMORY_H 1
| #define HAVE_STRINGS_H 1
| #define HAVE_INTTYPES_H 1
| #define HAVE_STDINT_H 1
| #define HAVE_UNISTD_H 1
| #define HAVE_SYS_TIME_H 1
| #define TIME_WITH_SYS_TIME 1
| #define HAVE_GETOPT_H 1
| #define HAVE_INTTYPES_H 1
| #define HAVE_NET_IF_ARP_H 1
| #define HAVE_SYS_PARAM_H 1
| /* end confdefs.h.  */
| #include <stdio.h>
| #if HAVE_SYS_TYPES_H
| # include <sys/types.h>
| #endif
| #if HAVE_SYS_STAT_H
| # include <sys/stat.h>
| #endif
| #if STDC_HEADERS
| # include <stdlib.h>
| # include <stddef.h>
| #else
| # if HAVE_STDLIB_H
| #  include <stdlib.h>
| # endif
| #endif
| #if HAVE_STRING_H
| # if !STDC_HEADERS && HAVE_MEMORY_H
| #  include <memory.h>
| # endif
| # include <string.h>
| #endif
| #if HAVE_STRINGS_H
| # include <strings.h>
| #endif
| #if HAVE_INTTYPES_H
| # include <inttypes.h>
| #else
| # if HAVE_STDINT_H
| #  include <stdint.h>
| # endif
| #endif
| #if HAVE_UNISTD_H
| # include <unistd.h>
| #endif
| #include <machine/param.h>
configure:5283: result: no
configure:5287: checking machine/param.h presence
configure:5297: mips-linux-uclibc-gcc -E  conftest.c
conftest.c:28:27: error: machine/param.h: No such file or directory
configure:5303: $? = 1
configure: failed program was:
| /* confdefs.h.  */
| 
| #define PACKAGE_NAME ""
| #define PACKAGE_TARNAME ""
| #define PACKAGE_VERSION ""
| #define PACKAGE_STRING ""
| #define PACKAGE_BUGREPORT ""
| #define _GNU_SOURCE
| #define YYTEXT_POINTER 1
| #define HAVE_LIBC 1
| #define STDC_HEADERS 1
| #define HAVE_SYS_TYPES_H 1
| #define HAVE_SYS_STAT_H 1
| #define HAVE_STDLIB_H 1
| #define HAVE_STRING_H 1
| #define HAVE_MEMORY_H 1
| #define HAVE_STRINGS_H 1
| #define HAVE_INTTYPES_H 1
| #define HAVE_STDINT_H 1
| #define HAVE_UNISTD_H 1
| #define HAVE_SYS_TIME_H 1
| #define TIME_WITH_SYS_TIME 1
| #define HAVE_GETOPT_H 1
| #define HAVE_INTTYPES_H 1
| #define HAVE_NET_IF_ARP_H 1
| #define HAVE_SYS_PARAM_H 1
| /* end confdefs.h.  */
| #include <machine/param.h>
configure:5323: result: no
configure:5358: checking for machine/param.h
configure:5365: result: no
configure:5392: checking machine/limits.h usability
configure:5404: mips-linux-uclibc-gcc -c -s  conftest.c >&5
conftest.c:62:28: error: machine/limits.h: No such file or directory
configure:5410: $? = 1
configure: failed program was:
| /* confdefs.h.  */
| 
| #define PACKAGE_NAME ""
| #define PACKAGE_TARNAME ""
| #define PACKAGE_VERSION ""
| #define PACKAGE_STRING ""
| #define PACKAGE_BUGREPORT ""
| #define _GNU_SOURCE
| #define YYTEXT_POINTER 1
| #define HAVE_LIBC 1
| #define STDC_HEADERS 1
| #define HAVE_SYS_TYPES_H 1
| #define HAVE_SYS_STAT_H 1
| #define HAVE_STDLIB_H 1
| #define HAVE_STRING_H 1
| #define HAVE_MEMORY_H 1
| #define HAVE_STRINGS_H 1
| #define HAVE_INTTYPES_H 1
| #define HAVE_STDINT_H 1
| #define HAVE_UNISTD_H 1
| #define HAVE_SYS_TIME_H 1
| #define TIME_WITH_SYS_TIME 1
| #define HAVE_GETOPT_H 1
| #define HAVE_INTTYPES_H 1
| #define HAVE_NET_IF_ARP_H 1
| #define HAVE_SYS_PARAM_H 1
| /* end confdefs.h.  */
| #include <stdio.h>
| #if HAVE_SYS_TYPES_H
| # include <sys/types.h>
| #endif
| #if HAVE_SYS_STAT_H
| # include <sys/stat.h>
| #endif
| #if STDC_HEADERS
| # include <stdlib.h>
| # include <stddef.h>
| #else
| # if HAVE_STDLIB_H
| #  include <stdlib.h>
| # endif
| #endif
| #if HAVE_STRING_H
| # if !STDC_HEADERS && HAVE_MEMORY_H
| #  include <memory.h>
| # endif
| # include <string.h>
| #endif
| #if HAVE_STRINGS_H
| # include <strings.h>
| #endif
| #if HAVE_INTTYPES_H
| # include <inttypes.h>
| #else
| # if HAVE_STDINT_H
| #  include <stdint.h>
| # endif
| #endif
| #if HAVE_UNISTD_H
| # include <unistd.h>
| #endif
| #include <machine/limits.h>
configure:5433: result: no
configure:5437: checking machine/limits.h presence
configure:5447: mips-linux-uclibc-gcc -E  conftest.c
conftest.c:28:28: error: machine/limits.h: No such file or directory
configure:5453: $? = 1
configure: failed program was:
| /* confdefs.h.  */
| 
| #define PACKAGE_NAME ""
| #define PACKAGE_TARNAME ""
| #define PACKAGE_VERSION ""
| #define PACKAGE_STRING ""
| #define PACKAGE_BUGREPORT ""
| #define _GNU_SOURCE
| #define YYTEXT_POINTER 1
| #define HAVE_LIBC 1
| #define STDC_HEADERS 1
| #define HAVE_SYS_TYPES_H 1
| #define HAVE_SYS_STAT_H 1
| #define HAVE_STDLIB_H 1
| #define HAVE_STRING_H 1
| #define HAVE_MEMORY_H 1
| #define HAVE_STRINGS_H 1
| #define HAVE_INTTYPES_H 1
| #define HAVE_STDINT_H 1
| #define HAVE_UNISTD_H 1
| #define HAVE_SYS_TIME_H 1
| #define TIME_WITH_SYS_TIME 1
| #define HAVE_GETOPT_H 1
| #define HAVE_INTTYPES_H 1
| #define HAVE_NET_IF_ARP_H 1
| #define HAVE_SYS_PARAM_H 1
| /* end confdefs.h.  */
| #include <machine/limits.h>
configure:5473: result: no
configure:5508: checking for machine/limits.h
configure:5515: result: no
configure:5529: checking for an ANSI C-conforming const
configure:5596: mips-linux-uclibc-gcc -c -s  conftest.c >&5
configure:5602: $? = 0
configure:5606: test -z 
			 || test ! -s conftest.err
configure:5609: $? = 0
configure:5612: test -s conftest.o
configure:5615: $? = 0
configure:5626: result: yes
configure:5637: checking whether struct sockaddr_in6 has sin6_scope_id
configure:5657: mips-linux-uclibc-gcc -c -s  conftest.c >&5
configure:5663: $? = 0
configure:5667: test -z 
			 || test ! -s conftest.err
configure:5670: $? = 0
configure:5673: test -s conftest.o
configure:5676: $? = 0
configure:5678: result: yes
configure:5693: checking whether struct in6_addr has u6_addrXX and defines s6_addrXX
configure:5712: mips-linux-uclibc-gcc -c -s  conftest.c >&5
conftest.c: In function 'main':
conftest.c:34: warning: initialization makes integer from pointer without a cast
configure:5718: $? = 0
configure:5722: test -z 
			 || test ! -s conftest.err
configure:5725: $? = 0
configure:5728: test -s conftest.o
configure:5731: $? = 0
configure:5733: result: yes
configure:5752: checking for getopt_long
configure:5809: mips-linux-uclibc-gcc -o conftest -s  -L. conftest.c -lc  >&5
configure:5815: $? = 0
configure:5819: test -z 
			 || test ! -s conftest.err
configure:5822: $? = 0
configure:5825: test -s conftest
configure:5828: $? = 0
configure:5840: result: yes
configure:5988: creating ./config.status

## ---------------------- ##
## Running config.status. ##
## ---------------------- ##

This file was extended by config.status, which was
generated by GNU Autoconf 2.59.  Invocation command line was

  CONFIG_FILES    = 
  CONFIG_HEADERS  = 
  CONFIG_LINKS    = 
  CONFIG_COMMANDS = 
  $ ./config.status 

on development-laptop

config.status:721: creating Makefile
config.status:825: creating config.h
config.status:951: config.h is unchanged
config.status:1030: linking ./device-linux.c to device.c
config.status:1030: linking ./privsep-linux.c to privsep.c
config.status:1267: executing depfiles commands

## ---------------- ##
## Cache variables. ##
## ---------------- ##

ac_cv_build=i686-pc-linux-gnu
ac_cv_build_alias=i686-pc-linux-gnu
ac_cv_c_compiler_gnu=yes
ac_cv_c_const=yes
ac_cv_env_CC_set=set
ac_cv_env_CC_value=mips-linux-uclibc-gcc
ac_cv_env_CFLAGS_set=set
ac_cv_env_CFLAGS_value=-s
ac_cv_env_CPPFLAGS_set=
ac_cv_env_CPPFLAGS_value=
ac_cv_env_CPP_set=
ac_cv_env_CPP_value=
ac_cv_env_LDFLAGS_set=set
ac_cv_env_LDFLAGS_value=-L.
ac_cv_env_build_alias_set=
ac_cv_env_build_alias_value=
ac_cv_env_host_alias_set=set
ac_cv_env_host_alias_value=mips-linux
ac_cv_env_target_alias_set=set
ac_cv_env_target_alias_value=
ac_cv_exeext=
ac_cv_func_getopt_long=yes
ac_cv_header_getopt_h=yes
ac_cv_header_ifaddrs_h=no
ac_cv_header_inttypes_h=yes
ac_cv_header_machine_limits_h=no
ac_cv_header_machine_param_h=no
ac_cv_header_memory_h=yes
ac_cv_header_net_if_arp_h=yes
ac_cv_header_net_if_dl_h=no
ac_cv_header_net_if_types_h=no
ac_cv_header_netinet_ip6_h=yes
ac_cv_header_stdc=yes
ac_cv_header_stdint_h=yes
ac_cv_header_stdlib_h=yes
ac_cv_header_string_h=yes
ac_cv_header_strings_h=yes
ac_cv_header_sys_param_h=yes
ac_cv_header_sys_sockio_h=no
ac_cv_header_sys_stat_h=yes
ac_cv_header_sys_time_h=yes
ac_cv_header_sys_types_h=yes
ac_cv_header_time=yes
ac_cv_header_unistd_h=yes
ac_cv_host=mips-mips-linux-gnu
ac_cv_host_alias=mips-linux
ac_cv_lib_c_inet_ntop=yes
ac_cv_lib_fl_yywrap=yes
ac_cv_objext=o
ac_cv_path_GZIP=/bin/gzip
ac_cv_path_LN=/bin/ln
ac_cv_path_RM=/bin/rm
ac_cv_path_SED=/bin/sed
ac_cv_path_TAR=/bin/tar
ac_cv_path_install='/usr/bin/install -c'
ac_cv_prog_AWK=mawk
ac_cv_prog_CC=mips-linux-uclibc-gcc
ac_cv_prog_CPP='mips-linux-uclibc-gcc -E'
ac_cv_prog_LEX=flex
ac_cv_prog_YACC='bison -y'
ac_cv_prog_ac_ct_STRIP=strip
ac_cv_prog_cc_g=yes
ac_cv_prog_cc_stdc=
ac_cv_prog_egrep='grep -E'
ac_cv_prog_lex_root=lex.yy
ac_cv_prog_lex_yytext_pointer=yes
ac_cv_prog_make_make_set=yes
ac_cv_target=mips-mips-linux-gnu
ac_cv_target_alias=mips-linux
am_cv_CC_dependencies_compiler_type=gcc3

## ----------------- ##
## Output variables. ##
## ----------------- ##

ACLOCAL='${SHELL} /home/hhuang/Development/src3/apps/radvd-1.2/missing --run aclocal-1.9'
AMDEPBACKSLASH='\'
AMDEP_FALSE='#'
AMDEP_TRUE=''
AMTAR='${SHELL} /home/hhuang/Development/src3/apps/radvd-1.2/missing --run tar'
AUTOCONF='${SHELL} /home/hhuang/Development/src3/apps/radvd-1.2/missing --run autoconf'
AUTOHEADER='${SHELL} /home/hhuang/Development/src3/apps/radvd-1.2/missing --run autoheader'
AUTOMAKE='${SHELL} /home/hhuang/Development/src3/apps/radvd-1.2/missing --run automake-1.9'
AWK='mawk'
CC='mips-linux-uclibc-gcc'
CCDEPMODE='depmode=gcc3'
CFLAGS='-s'
CPP='mips-linux-uclibc-gcc -E'
CPPFLAGS=''
CYGPATH_W='echo'
DEFS='-DHAVE_CONFIG_H'
DEPDIR='.deps'
ECHO_C=''
ECHO_N='-n'
ECHO_T=''
EGREP='grep -E'
EXEEXT=''
GZIP='/bin/gzip'
INSTALL_DATA='${INSTALL} -m 644'
INSTALL_PROGRAM='${INSTALL}'
INSTALL_SCRIPT='${INSTALL}'
INSTALL_STRIP_PROGRAM='${SHELL} $(install_sh) -c -s'
LDFLAGS='-L.'
LEX='flex'
LEXLIB='-lfl'
LEX_OUTPUT_ROOT='lex.yy'
LIBOBJS=''
LIBS='-lc '
LN='/bin/ln'
LOG_FACILITY='LOG_DAEMON'
LTLIBOBJS=''
MAKEINFO='${SHELL} /home/hhuang/Development/src3/apps/radvd-1.2/missing --run makeinfo'
OBJEXT='o'
PACKAGE='radvd'
PACKAGE_BUGREPORT=''
PACKAGE_NAME=''
PACKAGE_STRING=''
PACKAGE_TARNAME=''
PACKAGE_VERSION=''
PATH_RADVD_CONF='/var/local/tmp/radvd.conf'
PATH_RADVD_LOG='/var/local/tmp/radvd.log'
PATH_RADVD_PID='/var/local/tmp/radvd.pid'
PATH_SEPARATOR=':'
RM='/bin/rm'
SED='/bin/sed'
SET_MAKE=''
SHELL='/bin/bash'
STRIP='strip'
TAR='/bin/tar'
VERSION='1.2'
YACC='bison -y'
ac_ct_CC=''
ac_ct_STRIP='strip'
am__fastdepCC_FALSE='#'
am__fastdepCC_TRUE=''
am__include='include'
am__leading_dot='.'
am__quote=''
am__tar='${AMTAR} chof - "$$tardir"'
am__untar='${AMTAR} xf -'
bindir='${exec_prefix}/bin'
build='i686-pc-linux-gnu'
build_alias=''
build_cpu='i686'
build_os='linux-gnu'
build_vendor='pc'
datadir='${prefix}/share'
exec_prefix='${prefix}'
host='mips-mips-linux-gnu'
host_alias='mips-linux'
host_cpu='mips'
host_os='linux-gnu'
host_vendor='mips'
includedir='${prefix}/include'
infodir='${prefix}/info'
install_sh='/home/hhuang/Development/src3/apps/radvd-1.2/install-sh'
libdir='${exec_prefix}/lib'
libexecdir='${exec_prefix}/libexec'
localstatedir='${prefix}/var'
mandir='${prefix}/man'
mkdir_p='mkdir -p --'
oldincludedir='/usr/include'
prefix='/home/hhuang/Development/src3/rootfs-ap99-hgw.build'
program_transform_name='s,x,x,'
sbindir='${exec_prefix}/sbin'
sharedstatedir='${prefix}/com'
sysconfdir='${prefix}/etc'
target='mips-mips-linux-gnu'
target_alias=''
target_cpu='mips'
target_os='linux-gnu'
target_vendor='mips'

## ----------- ##
## confdefs.h. ##
## ----------- ##

#define HAVE_GETOPT_H 1
#define HAVE_GETOPT_LONG 1
#define HAVE_IN6_ADDR_S6_ADDR 1
#define HAVE_INTTYPES_H 1
#define HAVE_INTTYPES_H 1
#define HAVE_LIBC 1
#define HAVE_MEMORY_H 1
#define HAVE_NET_IF_ARP_H 1
#define HAVE_SIN6_SCOPE_ID 1
#define HAVE_STDINT_H 1
#define HAVE_STDLIB_H 1
#define HAVE_STRINGS_H 1
#define HAVE_STRING_H 1
#define HAVE_SYS_PARAM_H 1
#define HAVE_SYS_STAT_H 1
#define HAVE_SYS_TIME_H 1
#define HAVE_SYS_TYPES_H 1
#define HAVE_UNISTD_H 1
#define PACKAGE_BUGREPORT ""
#define PACKAGE_NAME ""
#define PACKAGE_STRING ""
#define PACKAGE_TARNAME ""
#define PACKAGE_VERSION ""
#define STDC_HEADERS 1
#define TIME_WITH_SYS_TIME 1
#define YYTEXT_POINTER 1
#define _GNU_SOURCE

configure: exit 0
