This file contains any messages produced by compilers while
running configure, to aid debugging if configure makes a mistake.

It was created by configure, which was
generated by GNU Autoconf 2.61.  Invocation command line was

  $ ../../src/libeXosip2-3.3.0/configure --host=mips-linux --with-openssl--disable-shared --enable-static --prefix=/home/yangjilong/20140108/9344/apps/cacm/target PKG_CONFIG_PATH=/home/yangjilong/20140108/9344/apps/cacm/target/lib/pkgconfig CFLAGS=-L/home/yangjilong/20140108/9344/apps/cacm/target/lib/

## --------- ##
## Platform. ##
## --------- ##

hostname = atheros-server
uname -m = i686
uname -r = 3.8.0-19-generic
uname -s = Linux
uname -v = #29-Ubuntu SMP Wed Apr 17 18:19:42 UTC 2013

/usr/bin/uname -p = unknown
/bin/uname -X     = unknown

/bin/arch              = unknown
/usr/bin/arch -k       = unknown
/usr/convex/getsysinfo = unknown
/usr/bin/hostinfo      = unknown
/bin/machine           = unknown
/usr/bin/oslevel       = unknown
/bin/universe          = unknown

PATH: /home/yangjilong/20140108/9344/build/../build/util
PATH: /home/yangjilong/20140108/9344/build/../build/gcc-4.3.3/build_mips/staging_dir/usr//bin
PATH: /home/yangjilong/20140108/9344/build/../linux
PATH: /home/yangjilong/20140108/9344/build/../build
PATH: /home/yangjilong/20140108/9344/build/../boot/redboot/ecos/tools/bin
PATH: `pwd`
PATH: /usr/local/sbin
PATH: /usr/local/bin
PATH: /usr/sbin
PATH: /usr/bin
PATH: /sbin
PATH: /bin
PATH: /usr/games
PATH: /usr/local/games


## ----------- ##
## Core tests. ##
## ----------- ##

configure:1960: eXosip2                                The Extended Open SIP library.
configure:1962: Copyright (C) 2002,2003,2004,2005,2006,2007,2008,2009 Aymeric MOIZARD - <jack@atosc.org>
configure:1989: result: Configuring libeXosip2 3.3.0
configure:1992: result: Building Package on linux
configure:2042: checking for a BSD-compatible install
configure:2098: result: /usr/bin/install -c
configure:2109: checking whether build environment is sane
configure:2152: result: yes
configure:2217: checking for gawk
configure:2233: found /usr/bin/gawk
configure:2244: result: gawk
configure:2255: checking whether make sets $(MAKE)
configure:2276: result: yes
configure:2352: checking for mips-linux-strip
configure:2379: result: mips-linux-uclibc-strip
configure:2483: checking build system type
configure:2501: result: i686-pc-linux-gnu
configure:2523: checking host system type
configure:2538: result: mips-unknown-linux-gnu
configure:2572: checking for mips-linux-gcc
configure:2588: found /home/yangjilong/20140108/9344/build/../build/gcc-4.3.3/build_mips/staging_dir/usr//bin/mips-linux-gcc
configure:2599: result: mips-linux-gcc
configure:2877: checking for C compiler version
configure:2884: mips-linux-gcc --version >&5
mips-linux-gcc (GCC) 4.3.3
Copyright (C) 2008 Free Software Foundation, Inc.
This is free software; see the source for copying conditions.  There is NO
warranty; not even for MERCHANTABILITY or FITNESS FOR A PARTICULAR PURPOSE.

configure:2887: $? = 0
configure:2894: mips-linux-gcc -v >&5
Using built-in specs.
Target: mips-linux-uclibc
Configured with: /home/yangjilong/20140108/9344/build/gcc-4.3.3/toolchain_build_mips/gcc-4.3.3/configure --prefix=/usr --build=i386-pc-linux-gnu --host=i386-pc-linux-gnu --target=mips-linux-uclibc --enable-languages=c,c++ --with-sysroot=/home/yangjilong/20140108/9344/build/gcc-4.3.3/build_mips/staging_dir --with-build-time-tools=/home/yangjilong/20140108/9344/build/gcc-4.3.3/build_mips/staging_dir/usr/mips-linux-uclibc/bin --disable-__cxa_atexit --enable-target-optspace --with-gnu-ld --disable-libssp --disable-tls --enable-shared --with-gmp=/home/yangjilong/20140108/9344/build/gcc-4.3.3/toolchain_build_mips/gmp --with-mpfr=/home/yangjilong/20140108/9344/build/gcc-4.3.3/toolchain_build_mips/mpfr --disable-nls --enable-threads --disable-multilib --disable-decimal-float --with-float=soft --with-abi=32 --with-tune=mips32r2
Thread model: posix
gcc version 4.3.3 (GCC) 
configure:2897: $? = 0
configure:2904: mips-linux-gcc -V >&5
mips-linux-gcc: '-V' option must have argument
configure:2907: $? = 1
configure:2930: checking for C compiler default output file name
configure:2957: mips-linux-gcc -L/home/yangjilong/20140108/9344/apps/cacm/target/lib/   conftest.c  >&5
configure:2960: $? = 0
configure:2998: result: a.out
configure:3015: checking whether the C compiler works
configure:3025: ./a.out
../../src/libeXosip2-3.3.0/configure: line 3026: ./a.out: cannot execute binary file
configure:3028: $? = 126
configure:3045: result: yes
configure:3052: checking whether we are cross compiling
configure:3054: result: yes
configure:3057: checking for suffix of executables
configure:3064: mips-linux-gcc -o conftest -L/home/yangjilong/20140108/9344/apps/cacm/target/lib/   conftest.c  >&5
configure:3067: $? = 0
configure:3091: result: 
configure:3097: checking for suffix of object files
configure:3123: mips-linux-gcc -c -L/home/yangjilong/20140108/9344/apps/cacm/target/lib/  conftest.c >&5
configure:3126: $? = 0
configure:3149: result: o
configure:3153: checking whether we are using the GNU C compiler
configure:3182: mips-linux-gcc -c -L/home/yangjilong/20140108/9344/apps/cacm/target/lib/  conftest.c >&5
configure:3188: $? = 0
configure:3205: result: yes
configure:3210: checking whether mips-linux-gcc accepts -g
configure:3240: mips-linux-gcc -c -g  conftest.c >&5
configure:3246: $? = 0
configure:3345: result: yes
configure:3362: checking for mips-linux-gcc option to accept ISO C89
configure:3436: mips-linux-gcc  -c -L/home/yangjilong/20140108/9344/apps/cacm/target/lib/  conftest.c >&5
configure:3442: $? = 0
configure:3465: result: none needed
configure:3494: checking for style of include used by make
configure:3522: result: GNU
configure:3550: checking dependency style of mips-linux-gcc
configure:3640: result: gcc3
configure:3662: checking how to run the C preprocessor
configure:3702: mips-linux-gcc -E  conftest.c
configure:3708: $? = 0
configure:3739: mips-linux-gcc -E  conftest.c
conftest.c:10:28: error: ac_nonexistent.h: No such file or directory
configure:3745: $? = 1
configure: failed program was:
| /* confdefs.h.  */
| #define PACKAGE_NAME ""
| #define PACKAGE_TARNAME ""
| #define PACKAGE_VERSION ""
| #define PACKAGE_STRING ""
| #define PACKAGE_BUGREPORT ""
| #define PACKAGE "libeXosip2"
| #define VERSION "3.3.0"
| /* end confdefs.h.  */
| #include <ac_nonexistent.h>
configure:3778: result: mips-linux-gcc -E
configure:3807: mips-linux-gcc -E  conftest.c
configure:3813: $? = 0
configure:3844: mips-linux-gcc -E  conftest.c
conftest.c:10:28: error: ac_nonexistent.h: No such file or directory
configure:3850: $? = 1
configure: failed program was:
| /* confdefs.h.  */
| #define PACKAGE_NAME ""
| #define PACKAGE_TARNAME ""
| #define PACKAGE_VERSION ""
| #define PACKAGE_STRING ""
| #define PACKAGE_BUGREPORT ""
| #define PACKAGE "libeXosip2"
| #define VERSION "3.3.0"
| /* end confdefs.h.  */
| #include <ac_nonexistent.h>
configure:3901: checking for mips-linux-g++
configure:3917: found /home/yangjilong/20140108/9344/build/../build/gcc-4.3.3/build_mips/staging_dir/usr//bin/mips-linux-g++
configure:3928: result: mips-linux-g++
configure:4003: checking for C++ compiler version
configure:4010: mips-linux-g++ --version >&5
mips-linux-g++ (GCC) 4.3.3
Copyright (C) 2008 Free Software Foundation, Inc.
This is free software; see the source for copying conditions.  There is NO
warranty; not even for MERCHANTABILITY or FITNESS FOR A PARTICULAR PURPOSE.

configure:4013: $? = 0
configure:4020: mips-linux-g++ -v >&5
Using built-in specs.
Target: mips-linux-uclibc
Configured with: /home/yangjilong/20140108/9344/build/gcc-4.3.3/toolchain_build_mips/gcc-4.3.3/configure --prefix=/usr --build=i386-pc-linux-gnu --host=i386-pc-linux-gnu --target=mips-linux-uclibc --enable-languages=c,c++ --with-sysroot=/home/yangjilong/20140108/9344/build/gcc-4.3.3/build_mips/staging_dir --with-build-time-tools=/home/yangjilong/20140108/9344/build/gcc-4.3.3/build_mips/staging_dir/usr/mips-linux-uclibc/bin --disable-__cxa_atexit --enable-target-optspace --with-gnu-ld --disable-libssp --disable-tls --enable-shared --with-gmp=/home/yangjilong/20140108/9344/build/gcc-4.3.3/toolchain_build_mips/gmp --with-mpfr=/home/yangjilong/20140108/9344/build/gcc-4.3.3/toolchain_build_mips/mpfr --disable-nls --enable-threads --disable-multilib --disable-decimal-float --with-float=soft --with-abi=32 --with-tune=mips32r2
Thread model: posix
gcc version 4.3.3 (GCC) 
configure:4023: $? = 0
configure:4030: mips-linux-g++ -V >&5
mips-linux-g++: '-V' option must have argument
configure:4033: $? = 1
configure:4036: checking whether we are using the GNU C++ compiler
configure:4065: mips-linux-g++ -c   conftest.cpp >&5
configure:4071: $? = 0
configure:4088: result: yes
configure:4093: checking whether mips-linux-g++ accepts -g
configure:4123: mips-linux-g++ -c -g  conftest.cpp >&5
configure:4129: $? = 0
configure:4228: result: yes
configure:4253: checking dependency style of mips-linux-g++
configure:4343: result: gcc3
configure:4373: checking for a BSD-compatible install
configure:4429: result: /usr/bin/install -c
configure:4441: checking for a sed that does not truncate output
configure:4497: result: /bin/sed
configure:4572: checking for grep that handles long lines and -e
configure:4646: result: /bin/grep
configure:4651: checking for egrep
configure:4729: result: /bin/grep -E
configure:4745: checking for ld used by mips-linux-gcc
configure:4812: result: /home/yangjilong/20140108/9344/build/gcc-4.3.3/build_mips/staging_dir/usr/mips-linux-uclibc/bin/ld
configure:4821: checking if the linker (/home/yangjilong/20140108/9344/build/gcc-4.3.3/build_mips/staging_dir/usr/mips-linux-uclibc/bin/ld) is GNU ld
configure:4836: result: yes
configure:4841: checking for /home/yangjilong/20140108/9344/build/gcc-4.3.3/build_mips/staging_dir/usr/mips-linux-uclibc/bin/ld option to reload object files
configure:4848: result: -r
configure:4866: checking for BSD-compatible nm
configure:4915: result: /home/yangjilong/20140108/9344/build/../build/gcc-4.3.3/build_mips/staging_dir/usr//bin/mips-linux-nm -B
configure:4919: checking whether ln -s works
configure:4923: result: yes
configure:4930: checking how to recognize dependent libraries
configure:5116: result: pass_all
configure:5357: checking for ANSI C header files
configure:5387: mips-linux-gcc -c -L/home/yangjilong/20140108/9344/apps/cacm/target/lib/  conftest.c >&5
configure:5393: $? = 0
configure:5521: result: yes
configure:5545: checking for sys/types.h
configure:5566: mips-linux-gcc -c -L/home/yangjilong/20140108/9344/apps/cacm/target/lib/  conftest.c >&5
configure:5572: $? = 0
configure:5588: result: yes
configure:5545: checking for sys/stat.h
configure:5566: mips-linux-gcc -c -L/home/yangjilong/20140108/9344/apps/cacm/target/lib/  conftest.c >&5
configure:5572: $? = 0
configure:5588: result: yes
configure:5545: checking for stdlib.h
configure:5566: mips-linux-gcc -c -L/home/yangjilong/20140108/9344/apps/cacm/target/lib/  conftest.c >&5
configure:5572: $? = 0
configure:5588: result: yes
configure:5545: checking for string.h
configure:5566: mips-linux-gcc -c -L/home/yangjilong/20140108/9344/apps/cacm/target/lib/  conftest.c >&5
configure:5572: $? = 0
configure:5588: result: yes
configure:5545: checking for memory.h
configure:5566: mips-linux-gcc -c -L/home/yangjilong/20140108/9344/apps/cacm/target/lib/  conftest.c >&5
configure:5572: $? = 0
configure:5588: result: yes
configure:5545: checking for strings.h
configure:5566: mips-linux-gcc -c -L/home/yangjilong/20140108/9344/apps/cacm/target/lib/  conftest.c >&5
configure:5572: $? = 0
configure:5588: result: yes
configure:5545: checking for inttypes.h
configure:5566: mips-linux-gcc -c -L/home/yangjilong/20140108/9344/apps/cacm/target/lib/  conftest.c >&5
configure:5572: $? = 0
configure:5588: result: yes
configure:5545: checking for stdint.h
configure:5566: mips-linux-gcc -c -L/home/yangjilong/20140108/9344/apps/cacm/target/lib/  conftest.c >&5
configure:5572: $? = 0
configure:5588: result: yes
configure:5545: checking for unistd.h
configure:5566: mips-linux-gcc -c -L/home/yangjilong/20140108/9344/apps/cacm/target/lib/  conftest.c >&5
configure:5572: $? = 0
configure:5588: result: yes
configure:5615: checking dlfcn.h usability
configure:5632: mips-linux-gcc -c -L/home/yangjilong/20140108/9344/apps/cacm/target/lib/  conftest.c >&5
configure:5638: $? = 0
configure:5652: result: yes
configure:5656: checking dlfcn.h presence
configure:5671: mips-linux-gcc -E  conftest.c
configure:5677: $? = 0
configure:5691: result: yes
configure:5719: checking for dlfcn.h
configure:5727: result: yes
configure:5750: checking how to run the C++ preprocessor
configure:5786: mips-linux-g++ -E  conftest.cpp
configure:5792: $? = 0
configure:5823: mips-linux-g++ -E  conftest.cpp
conftest.cpp:21:28: error: ac_nonexistent.h: No such file or directory
configure:5829: $? = 1
configure: failed program was:
| /* confdefs.h.  */
| #define PACKAGE_NAME ""
| #define PACKAGE_TARNAME ""
| #define PACKAGE_VERSION ""
| #define PACKAGE_STRING ""
| #define PACKAGE_BUGREPORT ""
| #define PACKAGE "libeXosip2"
| #define VERSION "3.3.0"
| #define STDC_HEADERS 1
| #define HAVE_SYS_TYPES_H 1
| #define HAVE_SYS_STAT_H 1
| #define HAVE_STDLIB_H 1
| #define HAVE_STRING_H 1
| #define HAVE_MEMORY_H 1
| #define HAVE_STRINGS_H 1
| #define HAVE_INTTYPES_H 1
| #define HAVE_STDINT_H 1
| #define HAVE_UNISTD_H 1
| #define HAVE_DLFCN_H 1
| /* end confdefs.h.  */
| #include <ac_nonexistent.h>
configure:5862: result: mips-linux-g++ -E
configure:5891: mips-linux-g++ -E  conftest.cpp
configure:5897: $? = 0
configure:5928: mips-linux-g++ -E  conftest.cpp
conftest.cpp:21:28: error: ac_nonexistent.h: No such file or directory
configure:5934: $? = 1
configure: failed program was:
| /* confdefs.h.  */
| #define PACKAGE_NAME ""
| #define PACKAGE_TARNAME ""
| #define PACKAGE_VERSION ""
| #define PACKAGE_STRING ""
| #define PACKAGE_BUGREPORT ""
| #define PACKAGE "libeXosip2"
| #define VERSION "3.3.0"
| #define STDC_HEADERS 1
| #define HAVE_SYS_TYPES_H 1
| #define HAVE_SYS_STAT_H 1
| #define HAVE_STDLIB_H 1
| #define HAVE_STRING_H 1
| #define HAVE_MEMORY_H 1
| #define HAVE_STRINGS_H 1
| #define HAVE_INTTYPES_H 1
| #define HAVE_STDINT_H 1
| #define HAVE_UNISTD_H 1
| #define HAVE_DLFCN_H 1
| /* end confdefs.h.  */
| #include <ac_nonexistent.h>
configure:5983: checking for mips-linux-g77
configure:6013: result: no
configure:5983: checking for mips-linux-xlf
configure:6013: result: no
configure:5983: checking for mips-linux-f77
configure:6013: result: no
configure:5983: checking for mips-linux-frt
configure:6013: result: no
configure:5983: checking for mips-linux-pgf77
configure:6013: result: no
configure:5983: checking for mips-linux-cf77
configure:6013: result: no
configure:5983: checking for mips-linux-fort77
configure:6013: result: no
configure:5983: checking for mips-linux-fl32
configure:6013: result: no
configure:5983: checking for mips-linux-af77
configure:6013: result: no
configure:5983: checking for mips-linux-xlf90
configure:6013: result: no
configure:5983: checking for mips-linux-f90
configure:6013: result: no
configure:5983: checking for mips-linux-pgf90
configure:6013: result: no
configure:5983: checking for mips-linux-pghpf
configure:6013: result: no
configure:5983: checking for mips-linux-epcf90
configure:6013: result: no
configure:5983: checking for mips-linux-gfortran
configure:6013: result: no
configure:5983: checking for mips-linux-g95
configure:6013: result: no
configure:5983: checking for mips-linux-xlf95
configure:6013: result: no
configure:5983: checking for mips-linux-f95
configure:6013: result: no
configure:5983: checking for mips-linux-fort
configure:6013: result: no
configure:5983: checking for mips-linux-ifort
configure:6013: result: no
configure:5983: checking for mips-linux-ifc
configure:6013: result: no
configure:5983: checking for mips-linux-efc
configure:6013: result: no
configure:5983: checking for mips-linux-pgf95
configure:6013: result: no
configure:5983: checking for mips-linux-lf95
configure:6013: result: no
configure:5983: checking for mips-linux-ftn
configure:6013: result: no
configure:6027: checking for g77
configure:6057: result: no
configure:6027: checking for xlf
configure:6057: result: no
configure:6027: checking for f77
configure:6057: result: no
configure:6027: checking for frt
configure:6057: result: no
configure:6027: checking for pgf77
configure:6057: result: no
configure:6027: checking for cf77
configure:6057: result: no
configure:6027: checking for fort77
configure:6057: result: no
configure:6027: checking for fl32
configure:6057: result: no
configure:6027: checking for af77
configure:6057: result: no
configure:6027: checking for xlf90
configure:6057: result: no
configure:6027: checking for f90
configure:6057: result: no
configure:6027: checking for pgf90
configure:6057: result: no
configure:6027: checking for pghpf
configure:6057: result: no
configure:6027: checking for epcf90
configure:6057: result: no
configure:6027: checking for gfortran
configure:6057: result: no
configure:6027: checking for g95
configure:6057: result: no
configure:6027: checking for xlf95
configure:6057: result: no
configure:6027: checking for f95
configure:6057: result: no
configure:6027: checking for fort
configure:6057: result: no
configure:6027: checking for ifort
configure:6057: result: no
configure:6027: checking for ifc
configure:6057: result: no
configure:6027: checking for efc
configure:6057: result: no
configure:6027: checking for pgf95
configure:6057: result: no
configure:6027: checking for lf95
configure:6057: result: no
configure:6027: checking for ftn
configure:6057: result: no
configure:6084: checking for Fortran 77 compiler version
configure:6091:  --version >&5
../../src/libeXosip2-3.3.0/configure: line 6092: --version: command not found
configure:6094: $? = 127
configure:6101:  -v >&5
../../src/libeXosip2-3.3.0/configure: line 6102: -v: command not found
configure:6104: $? = 127
configure:6111:  -V >&5
../../src/libeXosip2-3.3.0/configure: line 6112: -V: command not found
configure:6114: $? = 127
configure:6122: checking whether we are using the GNU Fortran 77 compiler
configure:6141:  -c  conftest.F >&5
../../src/libeXosip2-3.3.0/configure: line 6142: -c: command not found
configure:6147: $? = 127
configure: failed program was:
|       program main
| #ifndef __GNUC__
|        choke me
| #endif
| 
|       end
configure:6164: result: no
configure:6170: checking whether  accepts -g
configure:6187:  -c -g conftest.f >&5
../../src/libeXosip2-3.3.0/configure: line 6188: -c: command not found
configure:6193: $? = 127
configure: failed program was:
|       program main
| 
|       end
configure:6209: result: no
configure:6238: checking the maximum length of command line arguments
configure:6350: result: 805306365
configure:6362: checking command to parse /home/yangjilong/20140108/9344/build/../build/gcc-4.3.3/build_mips/staging_dir/usr//bin/mips-linux-nm -B output from mips-linux-gcc object
configure:6467: mips-linux-gcc -c -L/home/yangjilong/20140108/9344/apps/cacm/target/lib/  conftest.c >&5
configure:6470: $? = 0
configure:6474: /home/yangjilong/20140108/9344/build/../build/gcc-4.3.3/build_mips/staging_dir/usr//bin/mips-linux-nm -B conftest.o \| sed -n -e 's/^.*[ 	]\([ABCDGIRSTW][ABCDGIRSTW]*\)[ 	][ 	]*\([_A-Za-z][_A-Za-z0-9]*\)$/\1 \2 \2/p' \> conftest.nm
configure:6477: $? = 0
configure:6529: mips-linux-gcc -o conftest -L/home/yangjilong/20140108/9344/apps/cacm/target/lib/   conftest.c conftstm.o >&5
configure:6532: $? = 0
configure:6570: result: ok
configure:6574: checking for objdir
configure:6589: result: .libs
configure:6641: checking for mips-linux-ar
configure:6657: found /home/yangjilong/20140108/9344/build/../build/gcc-4.3.3/build_mips/staging_dir/usr//bin/mips-linux-ar
configure:6668: result: mips-linux-ar
configure:6737: checking for mips-linux-ranlib
configure:6753: found /home/yangjilong/20140108/9344/build/../build/gcc-4.3.3/build_mips/staging_dir/usr//bin/mips-linux-ranlib
configure:6764: result: mips-linux-ranlib
configure:6833: checking for mips-linux-strip
configure:6860: result: mips-linux-uclibc-strip
configure:7498: checking if mips-linux-gcc supports -fno-rtti -fno-exceptions
configure:7516: mips-linux-gcc -c -L/home/yangjilong/20140108/9344/apps/cacm/target/lib/  -fno-rtti -fno-exceptions conftest.c >&5
cc1: warning: command line option "-fno-rtti" is valid for C++/ObjC++ but not for C
cc1: warning: command line option "-fno-rtti" is valid for C++/ObjC++ but not for C
configure:7520: $? = 0
configure:7533: result: no
configure:7548: checking for mips-linux-gcc option to produce PIC
configure:7780: result: -fPIC
configure:7788: checking if mips-linux-gcc PIC flag -fPIC works
configure:7806: mips-linux-gcc -c -L/home/yangjilong/20140108/9344/apps/cacm/target/lib/  -fPIC -DPIC conftest.c >&5
configure:7810: $? = 0
configure:7823: result: yes
configure:7851: checking if mips-linux-gcc static flag -static works
configure:7879: result: yes
configure:7889: checking if mips-linux-gcc supports -c -o file.o
configure:7910: mips-linux-gcc -c -L/home/yangjilong/20140108/9344/apps/cacm/target/lib/  -o out/conftest2.o conftest.c >&5
configure:7914: $? = 0
configure:7936: result: yes
configure:7962: checking whether the mips-linux-gcc linker (/home/yangjilong/20140108/9344/build/gcc-4.3.3/build_mips/staging_dir/usr/mips-linux-uclibc/bin/ld) supports shared libraries
configure:8943: result: yes
configure:8964: checking whether -lc should be explicitly linked in
configure:8969: mips-linux-gcc -c -L/home/yangjilong/20140108/9344/apps/cacm/target/lib/  conftest.c >&5
configure:8972: $? = 0
configure:8987: mips-linux-gcc -shared conftest.o  -v -Wl,-soname -Wl,conftest -o conftest 2\>\&1 \| grep  -lc  \>/dev/null 2\>\&1
configure:8990: $? = 0
configure:9002: result: no
configure:9010: checking dynamic linker characteristics
configure:9624: result: GNU/Linux ld.so
configure:9648: checking how to hardcode library paths into programs
configure:9673: result: immediate
configure:9687: checking whether stripping libraries is possible
configure:9692: result: yes
configure:10494: checking if libtool supports shared libraries
configure:10496: result: yes
configure:10499: checking whether to build shared libraries
configure:10520: result: yes
configure:10523: checking whether to build static libraries
configure:10527: result: yes
configure:10621: creating libtool
configure:11214: checking for ld used by mips-linux-g++
configure:11281: result: /home/yangjilong/20140108/9344/build/gcc-4.3.3/build_mips/staging_dir/usr/mips-linux-uclibc/bin/ld
configure:11290: checking if the linker (/home/yangjilong/20140108/9344/build/gcc-4.3.3/build_mips/staging_dir/usr/mips-linux-uclibc/bin/ld) is GNU ld
configure:11305: result: yes
configure:11356: checking whether the mips-linux-g++ linker (/home/yangjilong/20140108/9344/build/gcc-4.3.3/build_mips/staging_dir/usr/mips-linux-uclibc/bin/ld) supports shared libraries
configure:12302: result: yes
configure:12319: mips-linux-g++ -c -g -O2  conftest.cpp >&5
configure:12322: $? = 0
configure:12478: checking for mips-linux-g++ option to produce PIC
configure:12762: result: -fPIC
configure:12770: checking if mips-linux-g++ PIC flag -fPIC works
configure:12788: mips-linux-g++ -c -g -O2  -fPIC -DPIC conftest.cpp >&5
configure:12792: $? = 0
configure:12805: result: yes
configure:12833: checking if mips-linux-g++ static flag -static works
configure:12861: result: yes
configure:12871: checking if mips-linux-g++ supports -c -o file.o
configure:12892: mips-linux-g++ -c -g -O2  -o out/conftest2.o conftest.cpp >&5
configure:12896: $? = 0
configure:12918: result: yes
configure:12944: checking whether the mips-linux-g++ linker (/home/yangjilong/20140108/9344/build/gcc-4.3.3/build_mips/staging_dir/usr/mips-linux-uclibc/bin/ld) supports shared libraries
configure:12973: result: yes
configure:13040: checking dynamic linker characteristics
configure:13602: result: GNU/Linux ld.so
configure:13626: checking how to hardcode library paths into programs
configure:13651: result: immediate
configure:20126: checking for the pthreads library -lpthreads
configure:20169: mips-linux-gcc -o conftest -L/home/yangjilong/20140108/9344/apps/cacm/target/lib/    conftest.c -lpthreads  >&5
/home/yangjilong/20140108/9344/build/gcc-4.3.3/build_mips/staging_dir/usr/bin-ccache/../lib/gcc/mips-linux-uclibc/4.3.3/../../../../mips-linux-uclibc/bin/ld: cannot find -lpthreads
collect2: ld returned 1 exit status
configure:20175: $? = 1
configure: failed program was:
| /* confdefs.h.  */
| #define PACKAGE_NAME ""
| #define PACKAGE_TARNAME ""
| #define PACKAGE_VERSION ""
| #define PACKAGE_STRING ""
| #define PACKAGE_BUGREPORT ""
| #define PACKAGE "libeXosip2"
| #define VERSION "3.3.0"
| #define STDC_HEADERS 1
| #define HAVE_SYS_TYPES_H 1
| #define HAVE_SYS_STAT_H 1
| #define HAVE_STDLIB_H 1
| #define HAVE_STRING_H 1
| #define HAVE_MEMORY_H 1
| #define HAVE_STRINGS_H 1
| #define HAVE_INTTYPES_H 1
| #define HAVE_STDINT_H 1
| #define HAVE_UNISTD_H 1
| #define HAVE_DLFCN_H 1
| /* end confdefs.h.  */
| #include <pthread.h>
| int
| main ()
| {
| pthread_t th; pthread_join(th, 0);
|                      pthread_attr_init(0); pthread_cleanup_push(0, 0);
|                      pthread_create(0,0,0,0); pthread_cleanup_pop(0);
|   ;
|   return 0;
| }
configure:20195: result: no
configure:20115: checking whether pthreads work without any flags
configure:20169: mips-linux-gcc -o conftest -L/home/yangjilong/20140108/9344/apps/cacm/target/lib/    conftest.c   >&5
/tmp/cchl67T5.o: In function `main':
conftest.c:(.text+0x24): undefined reference to `pthread_join'
conftest.c:(.text+0x84): undefined reference to `pthread_create'
collect2: ld returned 1 exit status
configure:20175: $? = 1
configure: failed program was:
| /* confdefs.h.  */
| #define PACKAGE_NAME ""
| #define PACKAGE_TARNAME ""
| #define PACKAGE_VERSION ""
| #define PACKAGE_STRING ""
| #define PACKAGE_BUGREPORT ""
| #define PACKAGE "libeXosip2"
| #define VERSION "3.3.0"
| #define STDC_HEADERS 1
| #define HAVE_SYS_TYPES_H 1
| #define HAVE_SYS_STAT_H 1
| #define HAVE_STDLIB_H 1
| #define HAVE_STRING_H 1
| #define HAVE_MEMORY_H 1
| #define HAVE_STRINGS_H 1
| #define HAVE_INTTYPES_H 1
| #define HAVE_STDINT_H 1
| #define HAVE_UNISTD_H 1
| #define HAVE_DLFCN_H 1
| /* end confdefs.h.  */
| #include <pthread.h>
| int
| main ()
| {
| pthread_t th; pthread_join(th, 0);
|                      pthread_attr_init(0); pthread_cleanup_push(0, 0);
|                      pthread_create(0,0,0,0); pthread_cleanup_pop(0);
|   ;
|   return 0;
| }
configure:20195: result: no
configure:20120: checking whether pthreads work with -Kthread
configure:20169: mips-linux-gcc -o conftest -L/home/yangjilong/20140108/9344/apps/cacm/target/lib/ -Kthread   conftest.c   >&5
mips-linux-gcc: unrecognized option '-Kthread'
/tmp/ccdoK1R9.o: In function `main':
conftest.c:(.text+0x24): undefined reference to `pthread_join'
conftest.c:(.text+0x84): undefined reference to `pthread_create'
collect2: ld returned 1 exit status
configure:20175: $? = 1
configure: failed program was:
| /* confdefs.h.  */
| #define PACKAGE_NAME ""
| #define PACKAGE_TARNAME ""
| #define PACKAGE_VERSION ""
| #define PACKAGE_STRING ""
| #define PACKAGE_BUGREPORT ""
| #define PACKAGE "libeXosip2"
| #define VERSION "3.3.0"
| #define STDC_HEADERS 1
| #define HAVE_SYS_TYPES_H 1
| #define HAVE_SYS_STAT_H 1
| #define HAVE_STDLIB_H 1
| #define HAVE_STRING_H 1
| #define HAVE_MEMORY_H 1
| #define HAVE_STRINGS_H 1
| #define HAVE_INTTYPES_H 1
| #define HAVE_STDINT_H 1
| #define HAVE_UNISTD_H 1
| #define HAVE_DLFCN_H 1
| /* end confdefs.h.  */
| #include <pthread.h>
| int
| main ()
| {
| pthread_t th; pthread_join(th, 0);
|                      pthread_attr_init(0); pthread_cleanup_push(0, 0);
|                      pthread_create(0,0,0,0); pthread_cleanup_pop(0);
|   ;
|   return 0;
| }
configure:20195: result: no
configure:20120: checking whether pthreads work with -kthread
configure:20169: mips-linux-gcc -o conftest -L/home/yangjilong/20140108/9344/apps/cacm/target/lib/ -kthread   conftest.c   >&5
mips-linux-gcc: unrecognized option '-kthread'
/tmp/ccVrqzbj.o: In function `main':
conftest.c:(.text+0x24): undefined reference to `pthread_join'
conftest.c:(.text+0x84): undefined reference to `pthread_create'
collect2: ld returned 1 exit status
configure:20175: $? = 1
configure: failed program was:
| /* confdefs.h.  */
| #define PACKAGE_NAME ""
| #define PACKAGE_TARNAME ""
| #define PACKAGE_VERSION ""
| #define PACKAGE_STRING ""
| #define PACKAGE_BUGREPORT ""
| #define PACKAGE "libeXosip2"
| #define VERSION "3.3.0"
| #define STDC_HEADERS 1
| #define HAVE_SYS_TYPES_H 1
| #define HAVE_SYS_STAT_H 1
| #define HAVE_STDLIB_H 1
| #define HAVE_STRING_H 1
| #define HAVE_MEMORY_H 1
| #define HAVE_STRINGS_H 1
| #define HAVE_INTTYPES_H 1
| #define HAVE_STDINT_H 1
| #define HAVE_UNISTD_H 1
| #define HAVE_DLFCN_H 1
| /* end confdefs.h.  */
| #include <pthread.h>
| int
| main ()
| {
| pthread_t th; pthread_join(th, 0);
|                      pthread_attr_init(0); pthread_cleanup_push(0, 0);
|                      pthread_create(0,0,0,0); pthread_cleanup_pop(0);
|   ;
|   return 0;
| }
configure:20195: result: no
configure:20126: checking for the pthreads library -llthread
configure:20169: mips-linux-gcc -o conftest -L/home/yangjilong/20140108/9344/apps/cacm/target/lib/    conftest.c -llthread  >&5
/home/yangjilong/20140108/9344/build/gcc-4.3.3/build_mips/staging_dir/usr/bin-ccache/../lib/gcc/mips-linux-uclibc/4.3.3/../../../../mips-linux-uclibc/bin/ld: cannot find -llthread
collect2: ld returned 1 exit status
configure:20175: $? = 1
configure: failed program was:
| /* confdefs.h.  */
| #define PACKAGE_NAME ""
| #define PACKAGE_TARNAME ""
| #define PACKAGE_VERSION ""
| #define PACKAGE_STRING ""
| #define PACKAGE_BUGREPORT ""
| #define PACKAGE "libeXosip2"
| #define VERSION "3.3.0"
| #define STDC_HEADERS 1
| #define HAVE_SYS_TYPES_H 1
| #define HAVE_SYS_STAT_H 1
| #define HAVE_STDLIB_H 1
| #define HAVE_STRING_H 1
| #define HAVE_MEMORY_H 1
| #define HAVE_STRINGS_H 1
| #define HAVE_INTTYPES_H 1
| #define HAVE_STDINT_H 1
| #define HAVE_UNISTD_H 1
| #define HAVE_DLFCN_H 1
| /* end confdefs.h.  */
| #include <pthread.h>
| int
| main ()
| {
| pthread_t th; pthread_join(th, 0);
|                      pthread_attr_init(0); pthread_cleanup_push(0, 0);
|                      pthread_create(0,0,0,0); pthread_cleanup_pop(0);
|   ;
|   return 0;
| }
configure:20195: result: no
configure:20120: checking whether pthreads work with -pthread
configure:20169: mips-linux-gcc -o conftest -L/home/yangjilong/20140108/9344/apps/cacm/target/lib/ -pthread   conftest.c   >&5
configure:20175: $? = 0
configure:20195: result: yes
configure:20215: checking for joinable pthread attribute
configure:20238: mips-linux-gcc -o conftest -L/home/yangjilong/20140108/9344/apps/cacm/target/lib/ -pthread   conftest.c   >&5
configure:20244: $? = 0
configure:20312: result: PTHREAD_CREATE_JOINABLE
configure:20319: checking if more special flags are required for pthreads
configure:20326: result: no
configure:20338: checking for cc_r
configure:20366: result: mips-linux-gcc
configure:20712: checking semaphore.h usability
configure:20729: mips-linux-gcc -c -L/home/yangjilong/20140108/9344/apps/cacm/target/lib/  conftest.c >&5
configure:20735: $? = 0
configure:20749: result: yes
configure:20753: checking semaphore.h presence
configure:20768: mips-linux-gcc -E  conftest.c
configure:20774: $? = 0
configure:20788: result: yes
configure:20816: checking for semaphore.h
configure:20824: result: yes
configure:20852: checking sys/sem.h usability
configure:20869: mips-linux-gcc -c -L/home/yangjilong/20140108/9344/apps/cacm/target/lib/  conftest.c >&5
configure:20875: $? = 0
configure:20889: result: yes
configure:20893: checking sys/sem.h presence
configure:20908: mips-linux-gcc -E  conftest.c
configure:20914: $? = 0
configure:20928: result: yes
configure:20956: checking for sys/sem.h
configure:20964: result: yes
configure:21066: Cross compiling exosip.
configure:21102: checking for sem_open in -lposix4
configure:21137: mips-linux-gcc -o conftest -L/home/yangjilong/20140108/9344/apps/cacm/target/lib/   conftest.c -lposix4   >&5
/home/yangjilong/20140108/9344/build/gcc-4.3.3/build_mips/staging_dir/usr/bin-ccache/../lib/gcc/mips-linux-uclibc/4.3.3/../../../../mips-linux-uclibc/bin/ld: cannot find -lposix4
collect2: ld returned 1 exit status
configure:21143: $? = 1
configure: failed program was:
| /* confdefs.h.  */
| #define PACKAGE_NAME ""
| #define PACKAGE_TARNAME ""
| #define PACKAGE_VERSION ""
| #define PACKAGE_STRING ""
| #define PACKAGE_BUGREPORT ""
| #define PACKAGE "libeXosip2"
| #define VERSION "3.3.0"
| #define STDC_HEADERS 1
| #define HAVE_SYS_TYPES_H 1
| #define HAVE_SYS_STAT_H 1
| #define HAVE_STDLIB_H 1
| #define HAVE_STRING_H 1
| #define HAVE_MEMORY_H 1
| #define HAVE_STRINGS_H 1
| #define HAVE_INTTYPES_H 1
| #define HAVE_STDINT_H 1
| #define HAVE_UNISTD_H 1
| #define HAVE_DLFCN_H 1
| #define HAVE_PTHREAD 1
| #define HAVE_SEMAPHORE_H 1
| #define HAVE_SYS_SEM_H 1
| /* end confdefs.h.  */
| 
| /* Override any GCC internal prototype to avoid an error.
|    Use char because int might match the return type of a GCC
|    builtin and then its argument prototype would still apply.  */
| #ifdef __cplusplus
| extern "C"
| #endif
| char sem_open ();
| int
| main ()
| {
| return sem_open ();
|   ;
|   return 0;
| }
configure:21161: result: no
configure:21167: checking for nis_add in -lnsl
configure:21202: mips-linux-gcc -o conftest -L/home/yangjilong/20140108/9344/apps/cacm/target/lib/   conftest.c -lnsl   >&5
/tmp/cc6E7pxP.o: In function `main':
conftest.c:(.text+0x1c): undefined reference to `nis_add'
collect2: ld returned 1 exit status
configure:21208: $? = 1
configure: failed program was:
| /* confdefs.h.  */
| #define PACKAGE_NAME ""
| #define PACKAGE_TARNAME ""
| #define PACKAGE_VERSION ""
| #define PACKAGE_STRING ""
| #define PACKAGE_BUGREPORT ""
| #define PACKAGE "libeXosip2"
| #define VERSION "3.3.0"
| #define STDC_HEADERS 1
| #define HAVE_SYS_TYPES_H 1
| #define HAVE_SYS_STAT_H 1
| #define HAVE_STDLIB_H 1
| #define HAVE_STRING_H 1
| #define HAVE_MEMORY_H 1
| #define HAVE_STRINGS_H 1
| #define HAVE_INTTYPES_H 1
| #define HAVE_STDINT_H 1
| #define HAVE_UNISTD_H 1
| #define HAVE_DLFCN_H 1
| #define HAVE_PTHREAD 1
| #define HAVE_SEMAPHORE_H 1
| #define HAVE_SYS_SEM_H 1
| /* end confdefs.h.  */
| 
| /* Override any GCC internal prototype to avoid an error.
|    Use char because int might match the return type of a GCC
|    builtin and then its argument prototype would still apply.  */
| #ifdef __cplusplus
| extern "C"
| #endif
| char nis_add ();
| int
| main ()
| {
| return nis_add ();
|   ;
|   return 0;
| }
configure:21226: result: no
configure:21232: checking for sendto in -lsocket
configure:21267: mips-linux-gcc -o conftest -L/home/yangjilong/20140108/9344/apps/cacm/target/lib/   conftest.c -lsocket   >&5
/home/yangjilong/20140108/9344/build/gcc-4.3.3/build_mips/staging_dir/usr/bin-ccache/../lib/gcc/mips-linux-uclibc/4.3.3/../../../../mips-linux-uclibc/bin/ld: cannot find -lsocket
collect2: ld returned 1 exit status
configure:21273: $? = 1
configure: failed program was:
| /* confdefs.h.  */
| #define PACKAGE_NAME ""
| #define PACKAGE_TARNAME ""
| #define PACKAGE_VERSION ""
| #define PACKAGE_STRING ""
| #define PACKAGE_BUGREPORT ""
| #define PACKAGE "libeXosip2"
| #define VERSION "3.3.0"
| #define STDC_HEADERS 1
| #define HAVE_SYS_TYPES_H 1
| #define HAVE_SYS_STAT_H 1
| #define HAVE_STDLIB_H 1
| #define HAVE_STRING_H 1
| #define HAVE_MEMORY_H 1
| #define HAVE_STRINGS_H 1
| #define HAVE_INTTYPES_H 1
| #define HAVE_STDINT_H 1
| #define HAVE_UNISTD_H 1
| #define HAVE_DLFCN_H 1
| #define HAVE_PTHREAD 1
| #define HAVE_SEMAPHORE_H 1
| #define HAVE_SYS_SEM_H 1
| /* end confdefs.h.  */
| 
| /* Override any GCC internal prototype to avoid an error.
|    Use char because int might match the return type of a GCC
|    builtin and then its argument prototype would still apply.  */
| #ifdef __cplusplus
| extern "C"
| #endif
| char sendto ();
| int
| main ()
| {
| return sendto ();
|   ;
|   return 0;
| }
configure:21291: result: no
configure:21297: checking for clock_gettime in -lrt
configure:21332: mips-linux-gcc -o conftest -L/home/yangjilong/20140108/9344/apps/cacm/target/lib/   conftest.c -lrt   >&5
configure:21338: $? = 0
configure:21356: result: yes
configure:21363: checking for SSL_CTX_new in -lssl
configure:21398: mips-linux-gcc -o conftest -L/home/yangjilong/20140108/9344/apps/cacm/target/lib/   conftest.c -lssl   >&5
/home/yangjilong/20140108/9344/build/gcc-4.3.3/build_mips/staging_dir/usr/bin-ccache/../lib/gcc/mips-linux-uclibc/4.3.3/../../../../mips-linux-uclibc/bin/ld: cannot find -lssl
collect2: ld returned 1 exit status
configure:21404: $? = 1
configure: failed program was:
| /* confdefs.h.  */
| #define PACKAGE_NAME ""
| #define PACKAGE_TARNAME ""
| #define PACKAGE_VERSION ""
| #define PACKAGE_STRING ""
| #define PACKAGE_BUGREPORT ""
| #define PACKAGE "libeXosip2"
| #define VERSION "3.3.0"
| #define STDC_HEADERS 1
| #define HAVE_SYS_TYPES_H 1
| #define HAVE_SYS_STAT_H 1
| #define HAVE_STDLIB_H 1
| #define HAVE_STRING_H 1
| #define HAVE_MEMORY_H 1
| #define HAVE_STRINGS_H 1
| #define HAVE_INTTYPES_H 1
| #define HAVE_STDINT_H 1
| #define HAVE_UNISTD_H 1
| #define HAVE_DLFCN_H 1
| #define HAVE_PTHREAD 1
| #define HAVE_SEMAPHORE_H 1
| #define HAVE_SYS_SEM_H 1
| /* end confdefs.h.  */
| 
| /* Override any GCC internal prototype to avoid an error.
|    Use char because int might match the return type of a GCC
|    builtin and then its argument prototype would still apply.  */
| #ifdef __cplusplus
| extern "C"
| #endif
| char SSL_CTX_new ();
| int
| main ()
| {
| return SSL_CTX_new ();
|   ;
|   return 0;
| }
configure:21422: result: no
configure:21433: checking for res_query in -lresolv
configure:21468: mips-linux-gcc -o conftest -L/home/yangjilong/20140108/9344/apps/cacm/target/lib/   conftest.c -lresolv   >&5
/tmp/ccOZUaPa.o: In function `main':
conftest.c:(.text+0x1c): undefined reference to `res_query'
collect2: ld returned 1 exit status
configure:21474: $? = 1
configure: failed program was:
| /* confdefs.h.  */
| #define PACKAGE_NAME ""
| #define PACKAGE_TARNAME ""
| #define PACKAGE_VERSION ""
| #define PACKAGE_STRING ""
| #define PACKAGE_BUGREPORT ""
| #define PACKAGE "libeXosip2"
| #define VERSION "3.3.0"
| #define STDC_HEADERS 1
| #define HAVE_SYS_TYPES_H 1
| #define HAVE_SYS_STAT_H 1
| #define HAVE_STDLIB_H 1
| #define HAVE_STRING_H 1
| #define HAVE_MEMORY_H 1
| #define HAVE_STRINGS_H 1
| #define HAVE_INTTYPES_H 1
| #define HAVE_STDINT_H 1
| #define HAVE_UNISTD_H 1
| #define HAVE_DLFCN_H 1
| #define HAVE_PTHREAD 1
| #define HAVE_SEMAPHORE_H 1
| #define HAVE_SYS_SEM_H 1
| /* end confdefs.h.  */
| 
| /* Override any GCC internal prototype to avoid an error.
|    Use char because int might match the return type of a GCC
|    builtin and then its argument prototype would still apply.  */
| #ifdef __cplusplus
| extern "C"
| #endif
| char res_query ();
| int
| main ()
| {
| return res_query ();
|   ;
|   return 0;
| }
configure:21492: result: no
configure:21498: checking for __res_query in -lresolv
configure:21533: mips-linux-gcc -o conftest -L/home/yangjilong/20140108/9344/apps/cacm/target/lib/   conftest.c -lresolv   >&5
configure:21539: $? = 0
configure:21557: result: yes
configure:21572: checking for mips-linux-pkg-config
configure:21605: result: no
configure:21615: checking for pkg-config
configure:21633: found /usr/bin/pkg-config
configure:21645: result: /usr/bin/pkg-config
configure:21659: WARNING: In the future, Autoconf will not detect cross-tools
whose name does not start with the host triplet.  If you think this
configuration is useful to you, please write to autoconf@gnu.org.
configure:21674: checking pkg-config is at least version 0.9.0
configure:21677: result: yes
configure:21688: checking for OSIP
configure:21696: $PKG_CONFIG --exists --print-errors "libosip2 >= 3.1"
configure:21699: $? = 0
configure:21714: $PKG_CONFIG --exists --print-errors "libosip2 >= 3.1"
configure:21717: $? = 0
configure:21763: result: yes
configure:21770: checking whether -Wall works
configure:21799: mips-linux-gcc -c -L/home/yangjilong/20140108/9344/apps/cacm/target/lib/ -Wall conftest.c >&5
configure:21805: $? = 0
configure:21822: result: yes
configure:21829: checking whether -Wcast-align works
configure:21858: mips-linux-gcc -c -L/home/yangjilong/20140108/9344/apps/cacm/target/lib/ -Wcast-align conftest.c >&5
configure:21864: $? = 0
configure:21881: result: yes
configure:21888: checking whether -Wchar-subscripts works
configure:21917: mips-linux-gcc -c -L/home/yangjilong/20140108/9344/apps/cacm/target/lib/ -Wchar-subscripts conftest.c >&5
configure:21923: $? = 0
configure:21940: result: yes
configure:21947: checking whether -Wformat works
configure:21976: mips-linux-gcc -c -L/home/yangjilong/20140108/9344/apps/cacm/target/lib/ -Wformat conftest.c >&5
configure:21982: $? = 0
configure:21999: result: yes
configure:22006: checking whether -Winline works
configure:22035: mips-linux-gcc -c -L/home/yangjilong/20140108/9344/apps/cacm/target/lib/ -Winline conftest.c >&5
configure:22041: $? = 0
configure:22058: result: yes
configure:22065: checking whether -Wmissing-declarations works
configure:22094: mips-linux-gcc -c -L/home/yangjilong/20140108/9344/apps/cacm/target/lib/ -Wmissing-declarations conftest.c >&5
configure:22100: $? = 0
configure:22117: result: yes
configure:22124: checking whether -Wmissing-prototypes works
configure:22153: mips-linux-gcc -c -L/home/yangjilong/20140108/9344/apps/cacm/target/lib/ -Wmissing-prototypes conftest.c >&5
configure:22159: $? = 0
configure:22176: result: yes
configure:22183: checking whether -Wnested-externs works
configure:22212: mips-linux-gcc -c -L/home/yangjilong/20140108/9344/apps/cacm/target/lib/ -Wnested-externs conftest.c >&5
configure:22218: $? = 0
configure:22235: result: yes
configure:22242: checking whether -Wpointer-arith works
configure:22271: mips-linux-gcc -c -L/home/yangjilong/20140108/9344/apps/cacm/target/lib/ -Wpointer-arith conftest.c >&5
configure:22277: $? = 0
configure:22294: result: yes
configure:22309: checking for ANSI C header files
configure:22473: result: yes
configure:22498: checking ctype.h usability
configure:22515: mips-linux-gcc -c -L/home/yangjilong/20140108/9344/apps/cacm/target/lib/  -Wall -Wcast-align -Wchar-subscripts -Wformat -Winline -Wmissing-declarations -Wmissing-prototypes -Wnested-externs -Wpointer-arith conftest.c >&5
configure:22521: $? = 0
configure:22535: result: yes
configure:22539: checking ctype.h presence
configure:22554: mips-linux-gcc -E  -Wall -Wcast-align -Wchar-subscripts -Wformat -Winline -Wmissing-declarations -Wmissing-prototypes -Wnested-externs -Wpointer-arith conftest.c
configure:22560: $? = 0
configure:22574: result: yes
configure:22602: checking for ctype.h
configure:22610: result: yes
configure:22628: checking for string.h
configure:22634: result: yes
configure:22768: checking for strings.h
configure:22774: result: yes
configure:22918: checking stdio.h usability
configure:22935: mips-linux-gcc -c -L/home/yangjilong/20140108/9344/apps/cacm/target/lib/  -Wall -Wcast-align -Wchar-subscripts -Wformat -Winline -Wmissing-declarations -Wmissing-prototypes -Wnested-externs -Wpointer-arith conftest.c >&5
configure:22941: $? = 0
configure:22955: result: yes
configure:22959: checking stdio.h presence
configure:22974: mips-linux-gcc -E  -Wall -Wcast-align -Wchar-subscripts -Wformat -Winline -Wmissing-declarations -Wmissing-prototypes -Wnested-externs -Wpointer-arith conftest.c
configure:22980: $? = 0
configure:22994: result: yes
configure:23022: checking for stdio.h
configure:23030: result: yes
configure:23048: checking for stdlib.h
configure:23054: result: yes
configure:23188: checking for unistd.h
configure:23194: result: yes
configure:23338: checking stdarg.h usability
configure:23355: mips-linux-gcc -c -L/home/yangjilong/20140108/9344/apps/cacm/target/lib/  -Wall -Wcast-align -Wchar-subscripts -Wformat -Winline -Wmissing-declarations -Wmissing-prototypes -Wnested-externs -Wpointer-arith conftest.c >&5
configure:23361: $? = 0
configure:23375: result: yes
configure:23379: checking stdarg.h presence
configure:23394: mips-linux-gcc -E  -Wall -Wcast-align -Wchar-subscripts -Wformat -Winline -Wmissing-declarations -Wmissing-prototypes -Wnested-externs -Wpointer-arith conftest.c
configure:23400: $? = 0
configure:23414: result: yes
configure:23442: checking for stdarg.h
configure:23450: result: yes
configure:23478: checking varargs.h usability
configure:23495: mips-linux-gcc -c -L/home/yangjilong/20140108/9344/apps/cacm/target/lib/  -Wall -Wcast-align -Wchar-subscripts -Wformat -Winline -Wmissing-declarations -Wmissing-prototypes -Wnested-externs -Wpointer-arith conftest.c >&5
In file included from conftest.c:65:
/home/yangjilong/20140108/9344/build/gcc-4.3.3/build_mips/staging_dir/usr/bin-ccache/../lib/gcc/mips-linux-uclibc/4.3.3/include/varargs.h:4:2: error: #error "GCC no longer implements <varargs.h>."
/home/yangjilong/20140108/9344/build/gcc-4.3.3/build_mips/staging_dir/usr/bin-ccache/../lib/gcc/mips-linux-uclibc/4.3.3/include/varargs.h:5:2: error: #error "Revise your code to use <stdarg.h>."
configure:23501: $? = 1
configure: failed program was:
| /* confdefs.h.  */
| #define PACKAGE_NAME ""
| #define PACKAGE_TARNAME ""
| #define PACKAGE_VERSION ""
| #define PACKAGE_STRING ""
| #define PACKAGE_BUGREPORT ""
| #define PACKAGE "libeXosip2"
| #define VERSION "3.3.0"
| #define STDC_HEADERS 1
| #define HAVE_SYS_TYPES_H 1
| #define HAVE_SYS_STAT_H 1
| #define HAVE_STDLIB_H 1
| #define HAVE_STRING_H 1
| #define HAVE_MEMORY_H 1
| #define HAVE_STRINGS_H 1
| #define HAVE_INTTYPES_H 1
| #define HAVE_STDINT_H 1
| #define HAVE_UNISTD_H 1
| #define HAVE_DLFCN_H 1
| #define HAVE_PTHREAD 1
| #define HAVE_SEMAPHORE_H 1
| #define HAVE_SYS_SEM_H 1
| #define STDC_HEADERS 1
| #define HAVE_CTYPE_H 1
| #define HAVE_STRING_H 1
| #define HAVE_STRINGS_H 1
| #define HAVE_STDIO_H 1
| #define HAVE_STDLIB_H 1
| #define HAVE_UNISTD_H 1
| #define HAVE_STDARG_H 1
| /* end confdefs.h.  */
| #include <stdio.h>
| #ifdef HAVE_SYS_TYPES_H
| # include <sys/types.h>
| #endif
| #ifdef HAVE_SYS_STAT_H
| # include <sys/stat.h>
| #endif
| #ifdef STDC_HEADERS
| # include <stdlib.h>
| # include <stddef.h>
| #else
| # ifdef HAVE_STDLIB_H
| #  include <stdlib.h>
| # endif
| #endif
| #ifdef HAVE_STRING_H
| # if !defined STDC_HEADERS && defined HAVE_MEMORY_H
| #  include <memory.h>
| # endif
| # include <string.h>
| #endif
| #ifdef HAVE_STRINGS_H
| # include <strings.h>
| #endif
| #ifdef HAVE_INTTYPES_H
| # include <inttypes.h>
| #endif
| #ifdef HAVE_STDINT_H
| # include <stdint.h>
| #endif
| #ifdef HAVE_UNISTD_H
| # include <unistd.h>
| #endif
| #include <varargs.h>
configure:23515: result: no
configure:23519: checking varargs.h presence
configure:23534: mips-linux-gcc -E  -Wall -Wcast-align -Wchar-subscripts -Wformat -Winline -Wmissing-declarations -Wmissing-prototypes -Wnested-externs -Wpointer-arith conftest.c
In file included from conftest.c:32:
/home/yangjilong/20140108/9344/build/gcc-4.3.3/build_mips/staging_dir/usr/bin-ccache/../lib/gcc/mips-linux-uclibc/4.3.3/include/varargs.h:4:2: error: #error "GCC no longer implements <varargs.h>."
/home/yangjilong/20140108/9344/build/gcc-4.3.3/build_mips/staging_dir/usr/bin-ccache/../lib/gcc/mips-linux-uclibc/4.3.3/include/varargs.h:5:2: error: #error "Revise your code to use <stdarg.h>."
configure:23540: $? = 1
configure: failed program was:
| /* confdefs.h.  */
| #define PACKAGE_NAME ""
| #define PACKAGE_TARNAME ""
| #define PACKAGE_VERSION ""
| #define PACKAGE_STRING ""
| #define PACKAGE_BUGREPORT ""
| #define PACKAGE "libeXosip2"
| #define VERSION "3.3.0"
| #define STDC_HEADERS 1
| #define HAVE_SYS_TYPES_H 1
| #define HAVE_SYS_STAT_H 1
| #define HAVE_STDLIB_H 1
| #define HAVE_STRING_H 1
| #define HAVE_MEMORY_H 1
| #define HAVE_STRINGS_H 1
| #define HAVE_INTTYPES_H 1
| #define HAVE_STDINT_H 1
| #define HAVE_UNISTD_H 1
| #define HAVE_DLFCN_H 1
| #define HAVE_PTHREAD 1
| #define HAVE_SEMAPHORE_H 1
| #define HAVE_SYS_SEM_H 1
| #define STDC_HEADERS 1
| #define HAVE_CTYPE_H 1
| #define HAVE_STRING_H 1
| #define HAVE_STRINGS_H 1
| #define HAVE_STDIO_H 1
| #define HAVE_STDLIB_H 1
| #define HAVE_UNISTD_H 1
| #define HAVE_STDARG_H 1
| /* end confdefs.h.  */
| #include <varargs.h>
configure:23554: result: no
configure:23582: checking for varargs.h
configure:23590: result: no
configure:23618: checking sys/time.h usability
configure:23635: mips-linux-gcc -c -L/home/yangjilong/20140108/9344/apps/cacm/target/lib/  -Wall -Wcast-align -Wchar-subscripts -Wformat -Winline -Wmissing-declarations -Wmissing-prototypes -Wnested-externs -Wpointer-arith conftest.c >&5
configure:23641: $? = 0
configure:23655: result: yes
configure:23659: checking sys/time.h presence
configure:23674: mips-linux-gcc -E  -Wall -Wcast-align -Wchar-subscripts -Wformat -Winline -Wmissing-declarations -Wmissing-prototypes -Wnested-externs -Wpointer-arith conftest.c
configure:23680: $? = 0
configure:23694: result: yes
configure:23722: checking for sys/time.h
configure:23730: result: yes
configure:23758: checking assert.h usability
configure:23775: mips-linux-gcc -c -L/home/yangjilong/20140108/9344/apps/cacm/target/lib/  -Wall -Wcast-align -Wchar-subscripts -Wformat -Winline -Wmissing-declarations -Wmissing-prototypes -Wnested-externs -Wpointer-arith conftest.c >&5
configure:23781: $? = 0
configure:23795: result: yes
configure:23799: checking assert.h presence
configure:23814: mips-linux-gcc -E  -Wall -Wcast-align -Wchar-subscripts -Wformat -Winline -Wmissing-declarations -Wmissing-prototypes -Wnested-externs -Wpointer-arith conftest.c
configure:23820: $? = 0
configure:23834: result: yes
configure:23862: checking for assert.h
configure:23870: result: yes
configure:23898: checking signal.h usability
configure:23915: mips-linux-gcc -c -L/home/yangjilong/20140108/9344/apps/cacm/target/lib/  -Wall -Wcast-align -Wchar-subscripts -Wformat -Winline -Wmissing-declarations -Wmissing-prototypes -Wnested-externs -Wpointer-arith conftest.c >&5
configure:23921: $? = 0
configure:23935: result: yes
configure:23939: checking signal.h presence
configure:23954: mips-linux-gcc -E  -Wall -Wcast-align -Wchar-subscripts -Wformat -Winline -Wmissing-declarations -Wmissing-prototypes -Wnested-externs -Wpointer-arith conftest.c
configure:23960: $? = 0
configure:23974: result: yes
configure:24002: checking for signal.h
configure:24010: result: yes
configure:24038: checking sys/signal.h usability
configure:24055: mips-linux-gcc -c -L/home/yangjilong/20140108/9344/apps/cacm/target/lib/  -Wall -Wcast-align -Wchar-subscripts -Wformat -Winline -Wmissing-declarations -Wmissing-prototypes -Wnested-externs -Wpointer-arith conftest.c >&5
configure:24061: $? = 0
configure:24075: result: yes
configure:24079: checking sys/signal.h presence
configure:24094: mips-linux-gcc -E  -Wall -Wcast-align -Wchar-subscripts -Wformat -Winline -Wmissing-declarations -Wmissing-prototypes -Wnested-externs -Wpointer-arith conftest.c
configure:24100: $? = 0
configure:24114: result: yes
configure:24142: checking for sys/signal.h
configure:24150: result: yes
configure:24178: checking malloc.h usability
configure:24195: mips-linux-gcc -c -L/home/yangjilong/20140108/9344/apps/cacm/target/lib/  -Wall -Wcast-align -Wchar-subscripts -Wformat -Winline -Wmissing-declarations -Wmissing-prototypes -Wnested-externs -Wpointer-arith conftest.c >&5
configure:24201: $? = 0
configure:24215: result: yes
configure:24219: checking malloc.h presence
configure:24234: mips-linux-gcc -E  -Wall -Wcast-align -Wchar-subscripts -Wformat -Winline -Wmissing-declarations -Wmissing-prototypes -Wnested-externs -Wpointer-arith conftest.c
configure:24240: $? = 0
configure:24254: result: yes
configure:24282: checking for malloc.h
configure:24290: result: yes
configure:24318: checking sys/select.h usability
configure:24335: mips-linux-gcc -c -L/home/yangjilong/20140108/9344/apps/cacm/target/lib/  -Wall -Wcast-align -Wchar-subscripts -Wformat -Winline -Wmissing-declarations -Wmissing-prototypes -Wnested-externs -Wpointer-arith conftest.c >&5
configure:24341: $? = 0
configure:24355: result: yes
configure:24359: checking sys/select.h presence
configure:24374: mips-linux-gcc -E  -Wall -Wcast-align -Wchar-subscripts -Wformat -Winline -Wmissing-declarations -Wmissing-prototypes -Wnested-externs -Wpointer-arith conftest.c
configure:24380: $? = 0
configure:24394: result: yes
configure:24422: checking for sys/select.h
configure:24430: result: yes
configure:24448: checking for sys/types.h
configure:24454: result: yes
configure:24598: checking fcntl.h usability
configure:24615: mips-linux-gcc -c -L/home/yangjilong/20140108/9344/apps/cacm/target/lib/  -Wall -Wcast-align -Wchar-subscripts -Wformat -Winline -Wmissing-declarations -Wmissing-prototypes -Wnested-externs -Wpointer-arith conftest.c >&5
configure:24621: $? = 0
configure:24635: result: yes
configure:24639: checking fcntl.h presence
configure:24654: mips-linux-gcc -E  -Wall -Wcast-align -Wchar-subscripts -Wformat -Winline -Wmissing-declarations -Wmissing-prototypes -Wnested-externs -Wpointer-arith conftest.c
configure:24660: $? = 0
configure:24674: result: yes
configure:24702: checking for fcntl.h
configure:24710: result: yes
configure:24738: checking sys/soundcard.h usability
configure:24755: mips-linux-gcc -c -L/home/yangjilong/20140108/9344/apps/cacm/target/lib/  -Wall -Wcast-align -Wchar-subscripts -Wformat -Winline -Wmissing-declarations -Wmissing-prototypes -Wnested-externs -Wpointer-arith conftest.c >&5
configure:24761: $? = 0
configure:24775: result: yes
configure:24779: checking sys/soundcard.h presence
configure:24794: mips-linux-gcc -E  -Wall -Wcast-align -Wchar-subscripts -Wformat -Winline -Wmissing-declarations -Wmissing-prototypes -Wnested-externs -Wpointer-arith conftest.c
configure:24800: $? = 0
configure:24814: result: yes
configure:24842: checking for sys/soundcard.h
configure:24850: result: yes
configure:24878: checking arpa/inet.h usability
configure:24895: mips-linux-gcc -c -L/home/yangjilong/20140108/9344/apps/cacm/target/lib/  -Wall -Wcast-align -Wchar-subscripts -Wformat -Winline -Wmissing-declarations -Wmissing-prototypes -Wnested-externs -Wpointer-arith conftest.c >&5
configure:24901: $? = 0
configure:24915: result: yes
configure:24919: checking arpa/inet.h presence
configure:24934: mips-linux-gcc -E  -Wall -Wcast-align -Wchar-subscripts -Wformat -Winline -Wmissing-declarations -Wmissing-prototypes -Wnested-externs -Wpointer-arith conftest.c
configure:24940: $? = 0
configure:24954: result: yes
configure:24982: checking for arpa/inet.h
configure:24990: result: yes
configure:25018: checking arpa/nameser.h usability
configure:25035: mips-linux-gcc -c -L/home/yangjilong/20140108/9344/apps/cacm/target/lib/  -Wall -Wcast-align -Wchar-subscripts -Wformat -Winline -Wmissing-declarations -Wmissing-prototypes -Wnested-externs -Wpointer-arith conftest.c >&5
configure:25041: $? = 0
configure:25055: result: yes
configure:25059: checking arpa/nameser.h presence
configure:25074: mips-linux-gcc -E  -Wall -Wcast-align -Wchar-subscripts -Wformat -Winline -Wmissing-declarations -Wmissing-prototypes -Wnested-externs -Wpointer-arith conftest.c
configure:25080: $? = 0
configure:25094: result: yes
configure:25122: checking for arpa/nameser.h
configure:25130: result: yes
configure:25158: checking netdb.h usability
configure:25175: mips-linux-gcc -c -L/home/yangjilong/20140108/9344/apps/cacm/target/lib/  -Wall -Wcast-align -Wchar-subscripts -Wformat -Winline -Wmissing-declarations -Wmissing-prototypes -Wnested-externs -Wpointer-arith conftest.c >&5
configure:25181: $? = 0
configure:25195: result: yes
configure:25199: checking netdb.h presence
configure:25214: mips-linux-gcc -E  -Wall -Wcast-align -Wchar-subscripts -Wformat -Winline -Wmissing-declarations -Wmissing-prototypes -Wnested-externs -Wpointer-arith conftest.c
configure:25220: $? = 0
configure:25234: result: yes
configure:25262: checking for netdb.h
configure:25270: result: yes
configure:25298: checking resolv8_compat.h usability
configure:25315: mips-linux-gcc -c -L/home/yangjilong/20140108/9344/apps/cacm/target/lib/  -Wall -Wcast-align -Wchar-subscripts -Wformat -Winline -Wmissing-declarations -Wmissing-prototypes -Wnested-externs -Wpointer-arith conftest.c >&5
conftest.c:77:28: error: resolv8_compat.h: No such file or directory
configure:25321: $? = 1
configure: failed program was:
| /* confdefs.h.  */
| #define PACKAGE_NAME ""
| #define PACKAGE_TARNAME ""
| #define PACKAGE_VERSION ""
| #define PACKAGE_STRING ""
| #define PACKAGE_BUGREPORT ""
| #define PACKAGE "libeXosip2"
| #define VERSION "3.3.0"
| #define STDC_HEADERS 1
| #define HAVE_SYS_TYPES_H 1
| #define HAVE_SYS_STAT_H 1
| #define HAVE_STDLIB_H 1
| #define HAVE_STRING_H 1
| #define HAVE_MEMORY_H 1
| #define HAVE_STRINGS_H 1
| #define HAVE_INTTYPES_H 1
| #define HAVE_STDINT_H 1
| #define HAVE_UNISTD_H 1
| #define HAVE_DLFCN_H 1
| #define HAVE_PTHREAD 1
| #define HAVE_SEMAPHORE_H 1
| #define HAVE_SYS_SEM_H 1
| #define STDC_HEADERS 1
| #define HAVE_CTYPE_H 1
| #define HAVE_STRING_H 1
| #define HAVE_STRINGS_H 1
| #define HAVE_STDIO_H 1
| #define HAVE_STDLIB_H 1
| #define HAVE_UNISTD_H 1
| #define HAVE_STDARG_H 1
| #define HAVE_SYS_TIME_H 1
| #define HAVE_ASSERT_H 1
| #define HAVE_SIGNAL_H 1
| #define HAVE_SYS_SIGNAL_H 1
| #define HAVE_MALLOC_H 1
| #define HAVE_SYS_SELECT_H 1
| #define HAVE_SYS_TYPES_H 1
| #define HAVE_FCNTL_H 1
| #define HAVE_SYS_SOUNDCARD_H 1
| #define HAVE_ARPA_INET_H 1
| #define HAVE_ARPA_NAMESER_H 1
| #define HAVE_NETDB_H 1
| /* end confdefs.h.  */
| #include <stdio.h>
| #ifdef HAVE_SYS_TYPES_H
| # include <sys/types.h>
| #endif
| #ifdef HAVE_SYS_STAT_H
| # include <sys/stat.h>
| #endif
| #ifdef STDC_HEADERS
| # include <stdlib.h>
| # include <stddef.h>
| #else
| # ifdef HAVE_STDLIB_H
| #  include <stdlib.h>
| # endif
| #endif
| #ifdef HAVE_STRING_H
| # if !defined STDC_HEADERS && defined HAVE_MEMORY_H
| #  include <memory.h>
| # endif
| # include <string.h>
| #endif
| #ifdef HAVE_STRINGS_H
| # include <strings.h>
| #endif
| #ifdef HAVE_INTTYPES_H
| # include <inttypes.h>
| #endif
| #ifdef HAVE_STDINT_H
| # include <stdint.h>
| #endif
| #ifdef HAVE_UNISTD_H
| # include <unistd.h>
| #endif
| #include <resolv8_compat.h>
configure:25335: result: no
configure:25339: checking resolv8_compat.h presence
configure:25354: mips-linux-gcc -E  -Wall -Wcast-align -Wchar-subscripts -Wformat -Winline -Wmissing-declarations -Wmissing-prototypes -Wnested-externs -Wpointer-arith conftest.c
conftest.c:44:28: error: resolv8_compat.h: No such file or directory
configure:25360: $? = 1
configure: failed program was:
| /* confdefs.h.  */
| #define PACKAGE_NAME ""
| #define PACKAGE_TARNAME ""
| #define PACKAGE_VERSION ""
| #define PACKAGE_STRING ""
| #define PACKAGE_BUGREPORT ""
| #define PACKAGE "libeXosip2"
| #define VERSION "3.3.0"
| #define STDC_HEADERS 1
| #define HAVE_SYS_TYPES_H 1
| #define HAVE_SYS_STAT_H 1
| #define HAVE_STDLIB_H 1
| #define HAVE_STRING_H 1
| #define HAVE_MEMORY_H 1
| #define HAVE_STRINGS_H 1
| #define HAVE_INTTYPES_H 1
| #define HAVE_STDINT_H 1
| #define HAVE_UNISTD_H 1
| #define HAVE_DLFCN_H 1
| #define HAVE_PTHREAD 1
| #define HAVE_SEMAPHORE_H 1
| #define HAVE_SYS_SEM_H 1
| #define STDC_HEADERS 1
| #define HAVE_CTYPE_H 1
| #define HAVE_STRING_H 1
| #define HAVE_STRINGS_H 1
| #define HAVE_STDIO_H 1
| #define HAVE_STDLIB_H 1
| #define HAVE_UNISTD_H 1
| #define HAVE_STDARG_H 1
| #define HAVE_SYS_TIME_H 1
| #define HAVE_ASSERT_H 1
| #define HAVE_SIGNAL_H 1
| #define HAVE_SYS_SIGNAL_H 1
| #define HAVE_MALLOC_H 1
| #define HAVE_SYS_SELECT_H 1
| #define HAVE_SYS_TYPES_H 1
| #define HAVE_FCNTL_H 1
| #define HAVE_SYS_SOUNDCARD_H 1
| #define HAVE_ARPA_INET_H 1
| #define HAVE_ARPA_NAMESER_H 1
| #define HAVE_NETDB_H 1
| /* end confdefs.h.  */
| #include <resolv8_compat.h>
configure:25374: result: no
configure:25402: checking for resolv8_compat.h
configure:25410: result: no
configure:25428: checking for resolv.h
configure:25458: mips-linux-gcc -c -L/home/yangjilong/20140108/9344/apps/cacm/target/lib/  -Wall -Wcast-align -Wchar-subscripts -Wformat -Winline -Wmissing-declarations -Wmissing-prototypes -Wnested-externs -Wpointer-arith conftest.c >&5
configure:25464: $? = 0
configure:25480: result: yes
configure:25496: checking for getifaddrs
configure:25552: mips-linux-gcc -o conftest -L/home/yangjilong/20140108/9344/apps/cacm/target/lib/  -Wall -Wcast-align -Wchar-subscripts -Wformat -Winline -Wmissing-declarations -Wmissing-prototypes -Wnested-externs -Wpointer-arith  conftest.c  >&5
/tmp/ccQku6dM.o: In function `main':
conftest.c:(.text+0x1c): undefined reference to `getifaddrs'
collect2: ld returned 1 exit status
configure:25558: $? = 1
configure: failed program was:
| /* confdefs.h.  */
| #define PACKAGE_NAME ""
| #define PACKAGE_TARNAME ""
| #define PACKAGE_VERSION ""
| #define PACKAGE_STRING ""
| #define PACKAGE_BUGREPORT ""
| #define PACKAGE "libeXosip2"
| #define VERSION "3.3.0"
| #define STDC_HEADERS 1
| #define HAVE_SYS_TYPES_H 1
| #define HAVE_SYS_STAT_H 1
| #define HAVE_STDLIB_H 1
| #define HAVE_STRING_H 1
| #define HAVE_MEMORY_H 1
| #define HAVE_STRINGS_H 1
| #define HAVE_INTTYPES_H 1
| #define HAVE_STDINT_H 1
| #define HAVE_UNISTD_H 1
| #define HAVE_DLFCN_H 1
| #define HAVE_PTHREAD 1
| #define HAVE_SEMAPHORE_H 1
| #define HAVE_SYS_SEM_H 1
| #define STDC_HEADERS 1
| #define HAVE_CTYPE_H 1
| #define HAVE_STRING_H 1
| #define HAVE_STRINGS_H 1
| #define HAVE_STDIO_H 1
| #define HAVE_STDLIB_H 1
| #define HAVE_UNISTD_H 1
| #define HAVE_STDARG_H 1
| #define HAVE_SYS_TIME_H 1
| #define HAVE_ASSERT_H 1
| #define HAVE_SIGNAL_H 1
| #define HAVE_SYS_SIGNAL_H 1
| #define HAVE_MALLOC_H 1
| #define HAVE_SYS_SELECT_H 1
| #define HAVE_SYS_TYPES_H 1
| #define HAVE_FCNTL_H 1
| #define HAVE_SYS_SOUNDCARD_H 1
| #define HAVE_ARPA_INET_H 1
| #define HAVE_ARPA_NAMESER_H 1
| #define HAVE_NETDB_H 1
| #define HAVE_RESOLV_H 1
| /* end confdefs.h.  */
| /* Define getifaddrs to an innocuous variant, in case <limits.h> declares getifaddrs.
|    For example, HP-UX 11i <limits.h> declares gettimeofday.  */
| #define getifaddrs innocuous_getifaddrs
| 
| /* System header to define __stub macros and hopefully few prototypes,
|     which can conflict with char getifaddrs (); below.
|     Prefer <limits.h> to <assert.h> if __STDC__ is defined, since
|     <limits.h> exists even on freestanding compilers.  */
| 
| #ifdef __STDC__
| # include <limits.h>
| #else
| # include <assert.h>
| #endif
| 
| #undef getifaddrs
| 
| /* Override any GCC internal prototype to avoid an error.
|    Use char because int might match the return type of a GCC
|    builtin and then its argument prototype would still apply.  */
| #ifdef __cplusplus
| extern "C"
| #endif
| char getifaddrs ();
| /* The GNU C library defines this for functions which it implements
|     to always fail with ENOSYS.  Some functions are actually named
|     something starting with __ and the normal name is an alias.  */
| #if defined __stub_getifaddrs || defined __stub___getifaddrs
| choke me
| #endif
| 
| int
| main ()
| {
| return getifaddrs ();
|   ;
|   return 0;
| }
configure:25576: result: no
configure:25611: checking openssl/ssl.h usability
configure:25628: mips-linux-gcc -c -L/home/yangjilong/20140108/9344/apps/cacm/target/lib/  -Wall -Wcast-align -Wchar-subscripts -Wformat -Winline -Wmissing-declarations -Wmissing-prototypes -Wnested-externs -Wpointer-arith conftest.c >&5
conftest.c:78:25: error: openssl/ssl.h: No such file or directory
configure:25634: $? = 1
configure: failed program was:
| /* confdefs.h.  */
| #define PACKAGE_NAME ""
| #define PACKAGE_TARNAME ""
| #define PACKAGE_VERSION ""
| #define PACKAGE_STRING ""
| #define PACKAGE_BUGREPORT ""
| #define PACKAGE "libeXosip2"
| #define VERSION "3.3.0"
| #define STDC_HEADERS 1
| #define HAVE_SYS_TYPES_H 1
| #define HAVE_SYS_STAT_H 1
| #define HAVE_STDLIB_H 1
| #define HAVE_STRING_H 1
| #define HAVE_MEMORY_H 1
| #define HAVE_STRINGS_H 1
| #define HAVE_INTTYPES_H 1
| #define HAVE_STDINT_H 1
| #define HAVE_UNISTD_H 1
| #define HAVE_DLFCN_H 1
| #define HAVE_PTHREAD 1
| #define HAVE_SEMAPHORE_H 1
| #define HAVE_SYS_SEM_H 1
| #define STDC_HEADERS 1
| #define HAVE_CTYPE_H 1
| #define HAVE_STRING_H 1
| #define HAVE_STRINGS_H 1
| #define HAVE_STDIO_H 1
| #define HAVE_STDLIB_H 1
| #define HAVE_UNISTD_H 1
| #define HAVE_STDARG_H 1
| #define HAVE_SYS_TIME_H 1
| #define HAVE_ASSERT_H 1
| #define HAVE_SIGNAL_H 1
| #define HAVE_SYS_SIGNAL_H 1
| #define HAVE_MALLOC_H 1
| #define HAVE_SYS_SELECT_H 1
| #define HAVE_SYS_TYPES_H 1
| #define HAVE_FCNTL_H 1
| #define HAVE_SYS_SOUNDCARD_H 1
| #define HAVE_ARPA_INET_H 1
| #define HAVE_ARPA_NAMESER_H 1
| #define HAVE_NETDB_H 1
| #define HAVE_RESOLV_H 1
| /* end confdefs.h.  */
| #include <stdio.h>
| #ifdef HAVE_SYS_TYPES_H
| # include <sys/types.h>
| #endif
| #ifdef HAVE_SYS_STAT_H
| # include <sys/stat.h>
| #endif
| #ifdef STDC_HEADERS
| # include <stdlib.h>
| # include <stddef.h>
| #else
| # ifdef HAVE_STDLIB_H
| #  include <stdlib.h>
| # endif
| #endif
| #ifdef HAVE_STRING_H
| # if !defined STDC_HEADERS && defined HAVE_MEMORY_H
| #  include <memory.h>
| # endif
| # include <string.h>
| #endif
| #ifdef HAVE_STRINGS_H
| # include <strings.h>
| #endif
| #ifdef HAVE_INTTYPES_H
| # include <inttypes.h>
| #endif
| #ifdef HAVE_STDINT_H
| # include <stdint.h>
| #endif
| #ifdef HAVE_UNISTD_H
| # include <unistd.h>
| #endif
| #include <openssl/ssl.h>
configure:25648: result: no
configure:25652: checking openssl/ssl.h presence
configure:25667: mips-linux-gcc -E  -Wall -Wcast-align -Wchar-subscripts -Wformat -Winline -Wmissing-declarations -Wmissing-prototypes -Wnested-externs -Wpointer-arith conftest.c
conftest.c:45:25: error: openssl/ssl.h: No such file or directory
configure:25673: $? = 1
configure: failed program was:
| /* confdefs.h.  */
| #define PACKAGE_NAME ""
| #define PACKAGE_TARNAME ""
| #define PACKAGE_VERSION ""
| #define PACKAGE_STRING ""
| #define PACKAGE_BUGREPORT ""
| #define PACKAGE "libeXosip2"
| #define VERSION "3.3.0"
| #define STDC_HEADERS 1
| #define HAVE_SYS_TYPES_H 1
| #define HAVE_SYS_STAT_H 1
| #define HAVE_STDLIB_H 1
| #define HAVE_STRING_H 1
| #define HAVE_MEMORY_H 1
| #define HAVE_STRINGS_H 1
| #define HAVE_INTTYPES_H 1
| #define HAVE_STDINT_H 1
| #define HAVE_UNISTD_H 1
| #define HAVE_DLFCN_H 1
| #define HAVE_PTHREAD 1
| #define HAVE_SEMAPHORE_H 1
| #define HAVE_SYS_SEM_H 1
| #define STDC_HEADERS 1
| #define HAVE_CTYPE_H 1
| #define HAVE_STRING_H 1
| #define HAVE_STRINGS_H 1
| #define HAVE_STDIO_H 1
| #define HAVE_STDLIB_H 1
| #define HAVE_UNISTD_H 1
| #define HAVE_STDARG_H 1
| #define HAVE_SYS_TIME_H 1
| #define HAVE_ASSERT_H 1
| #define HAVE_SIGNAL_H 1
| #define HAVE_SYS_SIGNAL_H 1
| #define HAVE_MALLOC_H 1
| #define HAVE_SYS_SELECT_H 1
| #define HAVE_SYS_TYPES_H 1
| #define HAVE_FCNTL_H 1
| #define HAVE_SYS_SOUNDCARD_H 1
| #define HAVE_ARPA_INET_H 1
| #define HAVE_ARPA_NAMESER_H 1
| #define HAVE_NETDB_H 1
| #define HAVE_RESOLV_H 1
| /* end confdefs.h.  */
| #include <openssl/ssl.h>
configure:25687: result: no
configure:25715: checking for openssl/ssl.h
configure:25723: result: no
configure:25894: creating ./config.status

## ---------------------- ##
## Running config.status. ##
## ---------------------- ##

This file was extended by config.status, which was
generated by GNU Autoconf 2.61.  Invocation command line was

  CONFIG_FILES    = 
  CONFIG_HEADERS  = 
  CONFIG_LINKS    = 
  CONFIG_COMMANDS = 
  $ ./config.status 

on atheros-server

config.status:691: creating Makefile
config.status:691: creating scripts/Makefile
config.status:691: creating platform/Makefile
config.status:691: creating platform/vsnet/Makefile
config.status:691: creating platform/wince/Makefile
config.status:691: creating include/Makefile
config.status:691: creating include/eXosip2/Makefile
config.status:691: creating src/Makefile
config.status:691: creating tools/Makefile
config.status:691: creating help/Makefile
config.status:691: creating help/doxygen/Makefile
config.status:691: creating help/doxygen/doxygen.dox
config.status:691: creating config.h
config.status:929: config.h is unchanged
config.status:975: executing depfiles commands

## ---------------- ##
## Cache variables. ##
## ---------------- ##

ac_cv_build=i686-pc-linux-gnu
ac_cv_c_compiler_gnu=yes
ac_cv_cxx_compiler_gnu=yes
ac_cv_env_CCC_set=
ac_cv_env_CCC_value=
ac_cv_env_CC_set=
ac_cv_env_CC_value=
ac_cv_env_CFLAGS_set=set
ac_cv_env_CFLAGS_value=-L/home/yangjilong/20140108/9344/apps/cacm/target/lib/
ac_cv_env_CPPFLAGS_set=
ac_cv_env_CPPFLAGS_value=
ac_cv_env_CPP_set=
ac_cv_env_CPP_value=
ac_cv_env_CXXCPP_set=
ac_cv_env_CXXCPP_value=
ac_cv_env_CXXFLAGS_set=
ac_cv_env_CXXFLAGS_value=
ac_cv_env_CXX_set=
ac_cv_env_CXX_value=
ac_cv_env_F77_set=
ac_cv_env_F77_value=
ac_cv_env_FFLAGS_set=
ac_cv_env_FFLAGS_value=
ac_cv_env_LDFLAGS_set=
ac_cv_env_LDFLAGS_value=
ac_cv_env_LIBS_set=
ac_cv_env_LIBS_value=
ac_cv_env_OSIP_CFLAGS_set=
ac_cv_env_OSIP_CFLAGS_value=
ac_cv_env_OSIP_LIBS_set=
ac_cv_env_OSIP_LIBS_value=
ac_cv_env_PKG_CONFIG_set=
ac_cv_env_PKG_CONFIG_value=
ac_cv_env_build_alias_set=
ac_cv_env_build_alias_value=
ac_cv_env_host_alias_set=set
ac_cv_env_host_alias_value=mips-linux
ac_cv_env_target_alias_set=
ac_cv_env_target_alias_value=
ac_cv_f77_compiler_gnu=no
ac_cv_func_getifaddrs=no
ac_cv_header_arpa_inet_h=yes
ac_cv_header_arpa_nameser_h=yes
ac_cv_header_assert_h=yes
ac_cv_header_ctype_h=yes
ac_cv_header_dlfcn_h=yes
ac_cv_header_fcntl_h=yes
ac_cv_header_inttypes_h=yes
ac_cv_header_malloc_h=yes
ac_cv_header_memory_h=yes
ac_cv_header_netdb_h=yes
ac_cv_header_openssl_ssl_h=no
ac_cv_header_resolv8_compat_h=no
ac_cv_header_resolv_h=yes
ac_cv_header_semaphore_h=yes
ac_cv_header_signal_h=yes
ac_cv_header_stdarg_h=yes
ac_cv_header_stdc=yes
ac_cv_header_stdint_h=yes
ac_cv_header_stdio_h=yes
ac_cv_header_stdlib_h=yes
ac_cv_header_string_h=yes
ac_cv_header_strings_h=yes
ac_cv_header_sys_select_h=yes
ac_cv_header_sys_sem_h=yes
ac_cv_header_sys_signal_h=yes
ac_cv_header_sys_soundcard_h=yes
ac_cv_header_sys_stat_h=yes
ac_cv_header_sys_time_h=yes
ac_cv_header_sys_types_h=yes
ac_cv_header_unistd_h=yes
ac_cv_header_varargs_h=no
ac_cv_host=mips-unknown-linux-gnu
ac_cv_lib_nsl_nis_add=no
ac_cv_lib_posix4_sem_open=no
ac_cv_lib_resolv___res_query=yes
ac_cv_lib_resolv_res_query=no
ac_cv_lib_rt_clock_gettime=yes
ac_cv_lib_socket_sendto=no
ac_cv_lib_ssl_SSL_CTX_new=no
ac_cv_objext=o
ac_cv_path_EGREP='/bin/grep -E'
ac_cv_path_GREP=/bin/grep
ac_cv_path_ac_pt_PKG_CONFIG=/usr/bin/pkg-config
ac_cv_path_install='/usr/bin/install -c'
ac_cv_prog_AR=mips-linux-ar
ac_cv_prog_AWK=gawk
ac_cv_prog_CC=mips-linux-gcc
ac_cv_prog_CPP='mips-linux-gcc -E'
ac_cv_prog_CXX=mips-linux-g++
ac_cv_prog_CXXCPP='mips-linux-g++ -E'
ac_cv_prog_PTHREAD_CC=mips-linux-gcc
ac_cv_prog_RANLIB=mips-linux-ranlib
ac_cv_prog_STRIP=mips-linux-uclibc-strip
ac_cv_prog_cc_c89=
ac_cv_prog_cc_g=yes
ac_cv_prog_cxx_g=yes
ac_cv_prog_f77_g=no
ac_cv_prog_make_make_set=yes
am_cv_CC_dependencies_compiler_type=gcc3
am_cv_CXX_dependencies_compiler_type=gcc3
lt_cv_deplibs_check_method=pass_all
lt_cv_file_magic_cmd='$MAGIC_CMD'
lt_cv_file_magic_test_file=
lt_cv_ld_reload_flag=-r
lt_cv_objdir=.libs
lt_cv_path_LD=/home/yangjilong/20140108/9344/build/gcc-4.3.3/build_mips/staging_dir/usr/mips-linux-uclibc/bin/ld
lt_cv_path_LDCXX=/home/yangjilong/20140108/9344/build/gcc-4.3.3/build_mips/staging_dir/usr/mips-linux-uclibc/bin/ld
lt_cv_path_NM='/home/yangjilong/20140108/9344/build/../build/gcc-4.3.3/build_mips/staging_dir/usr//bin/mips-linux-nm -B'
lt_cv_path_SED=/bin/sed
lt_cv_prog_compiler_c_o=yes
lt_cv_prog_compiler_c_o_CXX=yes
lt_cv_prog_compiler_pic_works=yes
lt_cv_prog_compiler_pic_works_CXX=yes
lt_cv_prog_compiler_rtti_exceptions=no
lt_cv_prog_compiler_static_works=yes
lt_cv_prog_compiler_static_works_CXX=yes
lt_cv_prog_gnu_ld=yes
lt_cv_prog_gnu_ldcxx=yes
lt_cv_sys_global_symbol_pipe='sed -n -e '\''s/^.*[ 	]\([ABCDGIRSTW][ABCDGIRSTW]*\)[ 	][ 	]*\([_A-Za-z][_A-Za-z0-9]*\)$/\1 \2 \2/p'\'''
lt_cv_sys_global_symbol_to_c_name_address='sed -n -e '\''s/^: \([^ ]*\) $/  {\"\1\", (lt_ptr) 0},/p'\'' -e '\''s/^[BCDEGRST] \([^ ]*\) \([^ ]*\)$/  {"\2", (lt_ptr) \&\2},/p'\'''
lt_cv_sys_global_symbol_to_cdecl='sed -n -e '\''s/^. .* \(.*\)$/extern int \1;/p'\'''
lt_cv_sys_lib_dlsearch_path_spec='/lib /usr/lib /usr/lib/i386-linux-gnu/mesa-egl /usr/lib/i386-linux-gnu/mesa /lib/i386-linux-gnu /usr/lib/i386-linux-gnu /lib/i686-linux-gnu /usr/lib/i686-linux-gnu /usr/local/lib '
lt_cv_sys_lib_search_path_spec='/home/yangjilong/20140108/9344/build/gcc-4.3.3/build_mips/staging_dir/usr/lib/gcc/mips-linux-uclibc/4.3.3 /home/yangjilong/20140108/9344/build/gcc-4.3.3/build_mips/staging_dir/usr/lib/gcc /home/yangjilong/20140108/9344/build/gcc-4.3.3/build_mips/staging_dir/usr/mips-linux-uclibc/lib /home/yangjilong/20140108/9344/build/gcc-4.3.3/build_mips/staging_dir/lib /home/yangjilong/20140108/9344/build/gcc-4.3.3/build_mips/staging_dir/usr/lib'
lt_cv_sys_max_cmd_len=805306365
lt_lt_cv_prog_compiler_c_o='"yes"'
lt_lt_cv_prog_compiler_c_o_CXX='"yes"'
lt_lt_cv_sys_global_symbol_pipe='"sed -n -e '\''s/^.*[ 	]\\([ABCDGIRSTW][ABCDGIRSTW]*\\)[ 	][ 	]*\\([_A-Za-z][_A-Za-z0-9]*\\)\$/\\1 \\2 \\2/p'\''"'
lt_lt_cv_sys_global_symbol_to_c_name_address='"sed -n -e '\''s/^: \\([^ ]*\\) \$/  {\\\"\\1\\\", (lt_ptr) 0},/p'\'' -e '\''s/^[BCDEGRST] \\([^ ]*\\) \\([^ ]*\\)\$/  {\"\\2\", (lt_ptr) \\&\\2},/p'\''"'
lt_lt_cv_sys_global_symbol_to_cdecl='"sed -n -e '\''s/^. .* \\(.*\\)\$/extern int \\1;/p'\''"'
pkg_cv_OSIP_CFLAGS='-DOSIP_MT -I/home/yangjilong/20140108/9344/apps/cacm/target/include  '
pkg_cv_OSIP_LIBS='-L/home/yangjilong/20140108/9344/apps/cacm/target/lib -losipparser2 -losip2  '

## ----------------- ##
## Output variables. ##
## ----------------- ##

ACLOCAL='${SHELL} /home/yangjilong/20140108/9344/apps/cacm/src/libeXosip2-3.3.0/scripts/missing --run aclocal-1.9 -I scripts'
AMDEPBACKSLASH='\'
AMDEP_FALSE='#'
AMDEP_TRUE=''
AMTAR='${SHELL} /home/yangjilong/20140108/9344/apps/cacm/src/libeXosip2-3.3.0/scripts/missing --run tar'
AR='mips-linux-ar'
AUTOCONF='${SHELL} /home/yangjilong/20140108/9344/apps/cacm/src/libeXosip2-3.3.0/scripts/missing --run autoconf'
AUTOHEADER='${SHELL} /home/yangjilong/20140108/9344/apps/cacm/src/libeXosip2-3.3.0/scripts/missing --run autoheader'
AUTOMAKE='${SHELL} /home/yangjilong/20140108/9344/apps/cacm/src/libeXosip2-3.3.0/scripts/missing --run automake-1.9'
AWK='gawk'
BUILD_MAXSIZE_FALSE='#'
BUILD_MAXSIZE_TRUE=''
CC='mips-linux-gcc'
CCDEPMODE='depmode=gcc3'
CFLAGS='-L/home/yangjilong/20140108/9344/apps/cacm/target/lib/'
COMPILE_TOOLS_FALSE='#'
COMPILE_TOOLS_TRUE=''
CPP='mips-linux-gcc -E'
CPPFLAGS=' -Wall -Wcast-align -Wchar-subscripts -Wformat -Winline -Wmissing-declarations -Wmissing-prototypes -Wnested-externs -Wpointer-arith -DSRV_RECORD'
CXX='mips-linux-g++'
CXXCPP='mips-linux-g++ -E'
CXXDEPMODE='depmode=gcc3'
CXXFLAGS='-g -O2'
CYGPATH_W='echo'
DEFS='-DHAVE_CONFIG_H'
DEPDIR='.deps'
DSYMUTIL=''
ECHO='echo'
ECHO_C=''
ECHO_N='-n'
ECHO_T=''
EGREP='/bin/grep -E'
EXEEXT=''
EXOSIP_FLAGS=' -DOSIP_MT -DENABLE_DEBUG -g -DENABLE_TRACE'
EXOSIP_LIB=' -lrt -lresolv'
EXOSIP_VERSION='3.3.0'
F77=''
FFLAGS=''
GREP='/bin/grep'
INSIDE_GNOME_COMMON_FALSE=''
INSIDE_GNOME_COMMON_TRUE='#'
INSTALL_DATA='${INSTALL} -m 644'
INSTALL_PROGRAM='${INSTALL}'
INSTALL_SCRIPT='${INSTALL}'
INSTALL_STRIP_PROGRAM='${SHELL} $(install_sh) -c -s'
LDFLAGS=''
LIBEXOSIP_SO_VERSION='6:0:2'
LIBOBJS=''
LIBS=''
LIBTOOL='$(SHELL) $(top_builddir)/libtool'
LN_S='ln -s'
LTLIBOBJS=''
MAKEINFO='${SHELL} /home/yangjilong/20140108/9344/apps/cacm/src/libeXosip2-3.3.0/scripts/missing --run makeinfo'
NMEDIT=''
OBJEXT='o'
OSIP_CFLAGS='-DOSIP_MT -I/home/yangjilong/20140108/9344/apps/cacm/target/include  '
OSIP_LIBS='-L/home/yangjilong/20140108/9344/apps/cacm/target/lib -losipparser2 -losip2  '
PACKAGE='libeXosip2'
PACKAGE_BUGREPORT=''
PACKAGE_NAME=''
PACKAGE_STRING=''
PACKAGE_TARNAME=''
PACKAGE_VERSION=''
PATH_SEPARATOR=':'
PKG_CONFIG='/usr/bin/pkg-config'
PTHREAD_CC='mips-linux-gcc'
PTHREAD_CFLAGS='-pthread'
PTHREAD_LIBS=''
RANLIB='mips-linux-ranlib'
SED='/bin/sed'
SET_MAKE=''
SHELL='/bin/bash'
STRIP='mips-linux-uclibc-strip'
TOOLS_LIBS=''
VERSION='3.3.0'
ac_aux_dir='../../src/libeXosip2-3.3.0/scripts'
ac_ct_CC=''
ac_ct_CXX=''
ac_ct_F77=''
am__fastdepCC_FALSE='#'
am__fastdepCC_TRUE=''
am__fastdepCXX_FALSE='#'
am__fastdepCXX_TRUE=''
am__include='include'
am__leading_dot='.'
am__quote=''
am__tar='${AMTAR} chof - "$$tardir"'
am__untar='${AMTAR} xf -'
bindir='${exec_prefix}/bin'
build='i686-pc-linux-gnu'
build_alias=''
build_cpu='i686'
build_os='linux-gnu'
build_vendor='pc'
datadir='${datarootdir}'
datarootdir='${prefix}/share'
docdir='${datarootdir}/doc/${PACKAGE}'
dvidir='${docdir}'
exec_prefix='${prefix}'
host='mips-unknown-linux-gnu'
host_alias='mips-linux'
host_cpu='mips'
host_os='linux-gnu'
host_vendor='unknown'
htmldir='${docdir}'
includedir='${prefix}/include'
infodir='${datarootdir}/info'
install_sh='/home/yangjilong/20140108/9344/apps/cacm/src/libeXosip2-3.3.0/scripts/install-sh'
libdir='${exec_prefix}/lib'
libexecdir='${exec_prefix}/libexec'
localedir='${datarootdir}/locale'
localstatedir='${prefix}/var'
mandir='${datarootdir}/man'
mkdir_p='mkdir -p --'
oldincludedir='/usr/include'
pdfdir='${docdir}'
prefix='/home/yangjilong/20140108/9344/apps/cacm/target'
program_transform_name='s,x,x,'
psdir='${docdir}'
sbindir='${exec_prefix}/sbin'
sharedstatedir='${prefix}/com'
sysconfdir='${prefix}/etc'
target_alias=''

## ----------- ##
## confdefs.h. ##
## ----------- ##

#define PACKAGE_NAME ""
#define PACKAGE_TARNAME ""
#define PACKAGE_VERSION ""
#define PACKAGE_STRING ""
#define PACKAGE_BUGREPORT ""
#define PACKAGE "libeXosip2"
#define VERSION "3.3.0"
#define STDC_HEADERS 1
#define HAVE_SYS_TYPES_H 1
#define HAVE_SYS_STAT_H 1
#define HAVE_STDLIB_H 1
#define HAVE_STRING_H 1
#define HAVE_MEMORY_H 1
#define HAVE_STRINGS_H 1
#define HAVE_INTTYPES_H 1
#define HAVE_STDINT_H 1
#define HAVE_UNISTD_H 1
#define HAVE_DLFCN_H 1
#define HAVE_PTHREAD 1
#define HAVE_SEMAPHORE_H 1
#define HAVE_SYS_SEM_H 1
#define STDC_HEADERS 1
#define HAVE_CTYPE_H 1
#define HAVE_STRING_H 1
#define HAVE_STRINGS_H 1
#define HAVE_STDIO_H 1
#define HAVE_STDLIB_H 1
#define HAVE_UNISTD_H 1
#define HAVE_STDARG_H 1
#define HAVE_SYS_TIME_H 1
#define HAVE_ASSERT_H 1
#define HAVE_SIGNAL_H 1
#define HAVE_SYS_SIGNAL_H 1
#define HAVE_MALLOC_H 1
#define HAVE_SYS_SELECT_H 1
#define HAVE_SYS_TYPES_H 1
#define HAVE_FCNTL_H 1
#define HAVE_SYS_SOUNDCARD_H 1
#define HAVE_ARPA_INET_H 1
#define HAVE_ARPA_NAMESER_H 1
#define HAVE_NETDB_H 1
#define HAVE_RESOLV_H 1

configure: exit 0
