This file contains any messages produced by compilers while
running configure, to aid debugging if configure makes a mistake.

It was created by DHCP configure 4.1.0a2, which was
generated by GNU Autoconf 2.61.  Invocation command line was

  $ ./configure --disable-FEATURE --disable-dependency-tracking --disable-debug --disable-failover --disable-execute --disable-tracing --disable-dhcpv6 --disable-paranoia --disable-early-chroot --host=mips-linux

## --------- ##
## Platform. ##
## --------- ##

hostname = WS-PETERP-01
uname -m = i686
uname -r = 2.6.24-16-generic
uname -s = Linux
uname -v = #1 SMP Thu Apr 10 13:23:42 UTC 2008

/usr/bin/uname -p = unknown
/bin/uname -X     = unknown

/bin/arch              = unknown
/usr/bin/arch -k       = unknown
/usr/convex/getsysinfo = unknown
/usr/bin/hostinfo      = unknown
/bin/machine           = unknown
/usr/bin/oslevel       = unknown
/bin/universe          = unknown

PATH: /usr/local/sbin
PATH: /usr/local/bin
PATH: /usr/sbin
PATH: /usr/bin
PATH: /sbin
PATH: /bin
PATH: /usr/games


## ----------- ##
## Core tests. ##
## ----------- ##

configure:1820: checking for a BSD-compatible install
configure:1876: result: /usr/bin/install -c
configure:1887: checking whether build environment is sane
configure:1930: result: yes
configure:1958: checking for a thread-safe mkdir -p
configure:1997: result: /bin/mkdir -p
configure:2010: checking for gawk
configure:2040: result: no
configure:2010: checking for mawk
configure:2026: found /usr/bin/mawk
configure:2037: result: mawk
configure:2048: checking whether make sets $(MAKE)
configure:2069: result: yes
configure:2149: checking for mips-linux-strip
configure:2179: result: no
configure:2189: checking for strip
configure:2205: found /usr/bin/strip
configure:2216: result: strip
configure:2272: checking for mips-linux-gcc
configure:2302: result: no
configure:2312: checking for gcc
configure:2328: found /usr/bin/gcc
configure:2339: result: gcc
configure:2577: checking for C compiler version
configure:2584: gcc --version >&5
gcc (GCC) 4.2.3 (Ubuntu 4.2.3-2ubuntu7)
Copyright (C) 2007 Free Software Foundation, Inc.
This is free software; see the source for copying conditions.  There is NO
warranty; not even for MERCHANTABILITY or FITNESS FOR A PARTICULAR PURPOSE.

configure:2587: $? = 0
configure:2594: gcc -v >&5
Using built-in specs.
Target: i486-linux-gnu
Configured with: ../src/configure -v --enable-languages=c,c++,fortran,objc,obj-c++,treelang --prefix=/usr --enable-shared --with-system-zlib --libexecdir=/usr/lib --without-included-gettext --enable-threads=posix --enable-nls --with-gxx-include-dir=/usr/include/c++/4.2 --program-suffix=-4.2 --enable-clocale=gnu --enable-libstdcxx-debug --enable-objc-gc --enable-mpfr --enable-targets=all --enable-checking=release --build=i486-linux-gnu --host=i486-linux-gnu --target=i486-linux-gnu
Thread model: posix
gcc version 4.2.3 (Ubuntu 4.2.3-2ubuntu7)
configure:2597: $? = 0
configure:2604: gcc -V >&5
gcc: '-V' option must have argument
configure:2607: $? = 1
configure:2630: checking for C compiler default output file name
configure:2657: gcc    conftest.c  >&5
configure:2660: $? = 0
configure:2698: result: a.out
configure:2715: checking whether the C compiler works
configure:2725: ./a.out
configure:2728: $? = 0
configure:2745: result: yes
configure:2752: checking whether we are cross compiling
configure:2754: result: no
configure:2757: checking for suffix of executables
configure:2764: gcc -o conftest    conftest.c  >&5
configure:2767: $? = 0
configure:2791: result: 
configure:2797: checking for suffix of object files
configure:2823: gcc -c   conftest.c >&5
configure:2826: $? = 0
configure:2849: result: o
configure:2853: checking whether we are using the GNU C compiler
configure:2882: gcc -c   conftest.c >&5
configure:2888: $? = 0
configure:2905: result: yes
configure:2910: checking whether gcc accepts -g
configure:2940: gcc -c -g  conftest.c >&5
configure:2946: $? = 0
configure:3045: result: yes
configure:3062: checking for gcc option to accept ISO C89
configure:3136: gcc  -c -g -O2  conftest.c >&5
configure:3142: $? = 0
configure:3165: result: none needed
configure:3194: checking for style of include used by make
configure:3222: result: GNU
configure:3247: checking dependency style of gcc
configure:3338: result: none
configure:3365: checking for mips-linux-ranlib
configure:3395: result: no
configure:3405: checking for ranlib
configure:3421: found /usr/bin/ranlib
configure:3432: result: ranlib
configure:3468: checking how to run the C preprocessor
configure:3508: gcc -E  conftest.c
configure:3514: $? = 0
configure:3545: gcc -E  conftest.c
conftest.c:10:28: error: ac_nonexistent.h: No such file or directory
configure:3551: $? = 1
configure: failed program was:
| /* confdefs.h.  */
| #define PACKAGE_NAME "DHCP"
| #define PACKAGE_TARNAME "dhcp"
| #define PACKAGE_VERSION "4.1.0a2"
| #define PACKAGE_STRING "DHCP 4.1.0a2"
| #define PACKAGE_BUGREPORT "dhcp-users@isc.org"
| #define PACKAGE "dhcp"
| #define VERSION "4.1.0a2"
| /* end confdefs.h.  */
| #include <ac_nonexistent.h>
configure:3584: result: gcc -E
configure:3613: gcc -E  conftest.c
configure:3619: $? = 0
configure:3650: gcc -E  conftest.c
conftest.c:10:28: error: ac_nonexistent.h: No such file or directory
configure:3656: $? = 1
configure: failed program was:
| /* confdefs.h.  */
| #define PACKAGE_NAME "DHCP"
| #define PACKAGE_TARNAME "dhcp"
| #define PACKAGE_VERSION "4.1.0a2"
| #define PACKAGE_STRING "DHCP 4.1.0a2"
| #define PACKAGE_BUGREPORT "dhcp-users@isc.org"
| #define PACKAGE "dhcp"
| #define VERSION "4.1.0a2"
| /* end confdefs.h.  */
| #include <ac_nonexistent.h>
configure:3694: checking for grep that handles long lines and -e
configure:3768: result: /bin/grep
configure:3773: checking for egrep
configure:3851: result: /bin/grep -E
configure:3856: checking for ANSI C header files
configure:3886: gcc -c -g -O2  conftest.c >&5
configure:3892: $? = 0
configure:3991: gcc -o conftest -g -O2   conftest.c  >&5
configure:3994: $? = 0
configure:4000: ./conftest
configure:4003: $? = 0
configure:4020: result: yes
configure:4044: checking for sys/types.h
configure:4065: gcc -c -g -O2  conftest.c >&5
configure:4071: $? = 0
configure:4087: result: yes
configure:4044: checking for sys/stat.h
configure:4065: gcc -c -g -O2  conftest.c >&5
configure:4071: $? = 0
configure:4087: result: yes
configure:4044: checking for stdlib.h
configure:4065: gcc -c -g -O2  conftest.c >&5
configure:4071: $? = 0
configure:4087: result: yes
configure:4044: checking for string.h
configure:4065: gcc -c -g -O2  conftest.c >&5
configure:4071: $? = 0
configure:4087: result: yes
configure:4044: checking for memory.h
configure:4065: gcc -c -g -O2  conftest.c >&5
configure:4071: $? = 0
configure:4087: result: yes
configure:4044: checking for strings.h
configure:4065: gcc -c -g -O2  conftest.c >&5
configure:4071: $? = 0
configure:4087: result: yes
configure:4044: checking for inttypes.h
configure:4065: gcc -c -g -O2  conftest.c >&5
configure:4071: $? = 0
configure:4087: result: yes
configure:4044: checking for stdint.h
configure:4065: gcc -c -g -O2  conftest.c >&5
configure:4071: $? = 0
configure:4087: result: yes
configure:4044: checking for unistd.h
configure:4065: gcc -c -g -O2  conftest.c >&5
configure:4071: $? = 0
configure:4087: result: yes
configure:4099: checking whether byte ordering is bigendian
configure:4132: gcc -c -g -O2  conftest.c >&5
configure:4138: $? = 0
configure:4170: gcc -c -g -O2  conftest.c >&5
conftest.c: In function 'main':
conftest.c:27: error: 'not' undeclared (first use in this function)
conftest.c:27: error: (Each undeclared identifier is reported only once
conftest.c:27: error: for each function it appears in.)
conftest.c:27: error: expected ';' before 'big'
configure:4176: $? = 1
configure: failed program was:
| /* confdefs.h.  */
| #define PACKAGE_NAME "DHCP"
| #define PACKAGE_TARNAME "dhcp"
| #define PACKAGE_VERSION "4.1.0a2"
| #define PACKAGE_STRING "DHCP 4.1.0a2"
| #define PACKAGE_BUGREPORT "dhcp-users@isc.org"
| #define PACKAGE "dhcp"
| #define VERSION "4.1.0a2"
| #define STDC_HEADERS 1
| #define HAVE_SYS_TYPES_H 1
| #define HAVE_SYS_STAT_H 1
| #define HAVE_STDLIB_H 1
| #define HAVE_STRING_H 1
| #define HAVE_MEMORY_H 1
| #define HAVE_STRINGS_H 1
| #define HAVE_INTTYPES_H 1
| #define HAVE_STDINT_H 1
| #define HAVE_UNISTD_H 1
| /* end confdefs.h.  */
| #include <sys/types.h>
| #include <sys/param.h>
| 
| int
| main ()
| {
| #if BYTE_ORDER != BIG_ENDIAN
|  not big endian
| #endif
| 
|   ;
|   return 0;
| }
configure:4316: result: no
configure:4481: checking for dhcpd
configure:4514: result: no
configure:4786: checking ifaddrs.h usability
configure:4803: gcc -c -g -O2  conftest.c >&5
configure:4809: $? = 0
configure:4823: result: yes
configure:4827: checking ifaddrs.h presence
configure:4842: gcc -E  conftest.c
configure:4848: $? = 0
configure:4862: result: yes
configure:4895: checking for ifaddrs.h
configure:4903: result: yes
configure:4933: checking linux/types.h usability
configure:4950: gcc -c -g -O2  conftest.c >&5
configure:4956: $? = 0
configure:4970: result: yes
configure:4974: checking linux/types.h presence
configure:4989: gcc -E  conftest.c
configure:4995: $? = 0
configure:5009: result: yes
configure:5042: checking for linux/types.h
configure:5050: result: yes
configure:5064: checking for linux/filter.h
configure:5089: gcc -c -g -O2  conftest.c >&5
configure:5095: $? = 0
configure:5110: result: yes
configure:5421: checking for struct lifnum
configure:5448: gcc -c -g -O2  conftest.c >&5
conftest.c: In function 'main':
conftest.c:31: error: storage size of 'a' isn't known
configure:5454: $? = 1
configure: failed program was:
| /* confdefs.h.  */
| #define PACKAGE_NAME "DHCP"
| #define PACKAGE_TARNAME "dhcp"
| #define PACKAGE_VERSION "4.1.0a2"
| #define PACKAGE_STRING "DHCP 4.1.0a2"
| #define PACKAGE_BUGREPORT "dhcp-users@isc.org"
| #define PACKAGE "dhcp"
| #define VERSION "4.1.0a2"
| #define STDC_HEADERS 1
| #define HAVE_SYS_TYPES_H 1
| #define HAVE_SYS_STAT_H 1
| #define HAVE_STDLIB_H 1
| #define HAVE_STRING_H 1
| #define HAVE_MEMORY_H 1
| #define HAVE_STRINGS_H 1
| #define HAVE_INTTYPES_H 1
| #define HAVE_STDINT_H 1
| #define HAVE_UNISTD_H 1
| #define DHCP_BYTE_ORDER LITTLE_ENDIAN
| #define HAVE_IFADDRS_H 1
| #define HAVE_LINUX_TYPES_H 1
| #define USE_LPF 1
| /* end confdefs.h.  */
|  #include <sys/types.h>
|   #include <sys/socket.h>
|   #include <net/if.h>
| 
| int
| main ()
| {
|  struct lifnum a;
| 
|   ;
|   return 0;
| }
configure:5470: result: no
configure:5476: checking for struct if_laddrconf
configure:5502: gcc -c -g -O2  conftest.c >&5
conftest.c:25:23: error: net/if6.h: No such file or directory
conftest.c: In function 'main':
conftest.c:30: error: storage size of 'a' isn't known
configure:5508: $? = 1
configure: failed program was:
| /* confdefs.h.  */
| #define PACKAGE_NAME "DHCP"
| #define PACKAGE_TARNAME "dhcp"
| #define PACKAGE_VERSION "4.1.0a2"
| #define PACKAGE_STRING "DHCP 4.1.0a2"
| #define PACKAGE_BUGREPORT "dhcp-users@isc.org"
| #define PACKAGE "dhcp"
| #define VERSION "4.1.0a2"
| #define STDC_HEADERS 1
| #define HAVE_SYS_TYPES_H 1
| #define HAVE_SYS_STAT_H 1
| #define HAVE_STDLIB_H 1
| #define HAVE_STRING_H 1
| #define HAVE_MEMORY_H 1
| #define HAVE_STRINGS_H 1
| #define HAVE_INTTYPES_H 1
| #define HAVE_STDINT_H 1
| #define HAVE_UNISTD_H 1
| #define DHCP_BYTE_ORDER LITTLE_ENDIAN
| #define HAVE_IFADDRS_H 1
| #define HAVE_LINUX_TYPES_H 1
| #define USE_LPF 1
| /* end confdefs.h.  */
|  #include <sys/types.h>
|   #include <net/if6.h>
| 
| int
| main ()
| {
|  struct if_laddrconf a;
| 
|   ;
|   return 0;
| }
configure:5524: result: no
configure:5530: checking for struct if_laddrreq
configure:5556: gcc -o conftest -g -O2   conftest.c  >&5
conftest.c:25:22: error: net/if6.h: No such file or directory
conftest.c: In function 'main':
conftest.c:30: error: storage size of 'a' isn't known
configure:5562: $? = 1
configure: failed program was:
| /* confdefs.h.  */
| #define PACKAGE_NAME "DHCP"
| #define PACKAGE_TARNAME "dhcp"
| #define PACKAGE_VERSION "4.1.0a2"
| #define PACKAGE_STRING "DHCP 4.1.0a2"
| #define PACKAGE_BUGREPORT "dhcp-users@isc.org"
| #define PACKAGE "dhcp"
| #define VERSION "4.1.0a2"
| #define STDC_HEADERS 1
| #define HAVE_SYS_TYPES_H 1
| #define HAVE_SYS_STAT_H 1
| #define HAVE_STDLIB_H 1
| #define HAVE_STRING_H 1
| #define HAVE_MEMORY_H 1
| #define HAVE_STRINGS_H 1
| #define HAVE_INTTYPES_H 1
| #define HAVE_STDINT_H 1
| #define HAVE_UNISTD_H 1
| #define DHCP_BYTE_ORDER LITTLE_ENDIAN
| #define HAVE_IFADDRS_H 1
| #define HAVE_LINUX_TYPES_H 1
| #define USE_LPF 1
| /* end confdefs.h.  */
| #include <sys/types.h>
|  #include <net/if6.h>
| 
| int
| main ()
| {
|  struct if_laddrreq a;
| 
|   ;
|   return 0;
| }
configure:5579: result: no
configure:5605: checking sys/socket.h usability
configure:5622: gcc -c -g -O2  conftest.c >&5
configure:5628: $? = 0
configure:5642: result: yes
configure:5646: checking sys/socket.h presence
configure:5661: gcc -E  conftest.c
configure:5667: $? = 0
configure:5681: result: yes
configure:5714: checking for sys/socket.h
configure:5722: result: yes
configure:5605: checking net/if_dl.h usability
configure:5622: gcc -c -g -O2  conftest.c >&5
conftest.c:58:23: error: net/if_dl.h: No such file or directory
configure:5628: $? = 1
configure: failed program was:
| /* confdefs.h.  */
| #define PACKAGE_NAME "DHCP"
| #define PACKAGE_TARNAME "dhcp"
| #define PACKAGE_VERSION "4.1.0a2"
| #define PACKAGE_STRING "DHCP 4.1.0a2"
| #define PACKAGE_BUGREPORT "dhcp-users@isc.org"
| #define PACKAGE "dhcp"
| #define VERSION "4.1.0a2"
| #define STDC_HEADERS 1
| #define HAVE_SYS_TYPES_H 1
| #define HAVE_SYS_STAT_H 1
| #define HAVE_STDLIB_H 1
| #define HAVE_STRING_H 1
| #define HAVE_MEMORY_H 1
| #define HAVE_STRINGS_H 1
| #define HAVE_INTTYPES_H 1
| #define HAVE_STDINT_H 1
| #define HAVE_UNISTD_H 1
| #define DHCP_BYTE_ORDER LITTLE_ENDIAN
| #define HAVE_IFADDRS_H 1
| #define HAVE_LINUX_TYPES_H 1
| #define USE_LPF 1
| #define HAVE_SYS_SOCKET_H 1
| /* end confdefs.h.  */
| #include <stdio.h>
| #ifdef HAVE_SYS_TYPES_H
| # include <sys/types.h>
| #endif
| #ifdef HAVE_SYS_STAT_H
| # include <sys/stat.h>
| #endif
| #ifdef STDC_HEADERS
| # include <stdlib.h>
| # include <stddef.h>
| #else
| # ifdef HAVE_STDLIB_H
| #  include <stdlib.h>
| # endif
| #endif
| #ifdef HAVE_STRING_H
| # if !defined STDC_HEADERS && defined HAVE_MEMORY_H
| #  include <memory.h>
| # endif
| # include <string.h>
| #endif
| #ifdef HAVE_STRINGS_H
| # include <strings.h>
| #endif
| #ifdef HAVE_INTTYPES_H
| # include <inttypes.h>
| #endif
| #ifdef HAVE_STDINT_H
| # include <stdint.h>
| #endif
| #ifdef HAVE_UNISTD_H
| # include <unistd.h>
| #endif
| #include <net/if_dl.h>
configure:5642: result: no
configure:5646: checking net/if_dl.h presence
configure:5661: gcc -E  conftest.c
conftest.c:25:23: error: net/if_dl.h: No such file or directory
configure:5667: $? = 1
configure: failed program was:
| /* confdefs.h.  */
| #define PACKAGE_NAME "DHCP"
| #define PACKAGE_TARNAME "dhcp"
| #define PACKAGE_VERSION "4.1.0a2"
| #define PACKAGE_STRING "DHCP 4.1.0a2"
| #define PACKAGE_BUGREPORT "dhcp-users@isc.org"
| #define PACKAGE "dhcp"
| #define VERSION "4.1.0a2"
| #define STDC_HEADERS 1
| #define HAVE_SYS_TYPES_H 1
| #define HAVE_SYS_STAT_H 1
| #define HAVE_STDLIB_H 1
| #define HAVE_STRING_H 1
| #define HAVE_MEMORY_H 1
| #define HAVE_STRINGS_H 1
| #define HAVE_INTTYPES_H 1
| #define HAVE_STDINT_H 1
| #define HAVE_UNISTD_H 1
| #define DHCP_BYTE_ORDER LITTLE_ENDIAN
| #define HAVE_IFADDRS_H 1
| #define HAVE_LINUX_TYPES_H 1
| #define USE_LPF 1
| #define HAVE_SYS_SOCKET_H 1
| /* end confdefs.h.  */
| #include <net/if_dl.h>
configure:5681: result: no
configure:5714: checking for net/if_dl.h
configure:5722: result: no
configure:5605: checking net/if6.h usability
configure:5622: gcc -c -g -O2  conftest.c >&5
conftest.c:58:21: error: net/if6.h: No such file or directory
configure:5628: $? = 1
configure: failed program was:
| /* confdefs.h.  */
| #define PACKAGE_NAME "DHCP"
| #define PACKAGE_TARNAME "dhcp"
| #define PACKAGE_VERSION "4.1.0a2"
| #define PACKAGE_STRING "DHCP 4.1.0a2"
| #define PACKAGE_BUGREPORT "dhcp-users@isc.org"
| #define PACKAGE "dhcp"
| #define VERSION "4.1.0a2"
| #define STDC_HEADERS 1
| #define HAVE_SYS_TYPES_H 1
| #define HAVE_SYS_STAT_H 1
| #define HAVE_STDLIB_H 1
| #define HAVE_STRING_H 1
| #define HAVE_MEMORY_H 1
| #define HAVE_STRINGS_H 1
| #define HAVE_INTTYPES_H 1
| #define HAVE_STDINT_H 1
| #define HAVE_UNISTD_H 1
| #define DHCP_BYTE_ORDER LITTLE_ENDIAN
| #define HAVE_IFADDRS_H 1
| #define HAVE_LINUX_TYPES_H 1
| #define USE_LPF 1
| #define HAVE_SYS_SOCKET_H 1
| /* end confdefs.h.  */
| #include <stdio.h>
| #ifdef HAVE_SYS_TYPES_H
| # include <sys/types.h>
| #endif
| #ifdef HAVE_SYS_STAT_H
| # include <sys/stat.h>
| #endif
| #ifdef STDC_HEADERS
| # include <stdlib.h>
| # include <stddef.h>
| #else
| # ifdef HAVE_STDLIB_H
| #  include <stdlib.h>
| # endif
| #endif
| #ifdef HAVE_STRING_H
| # if !defined STDC_HEADERS && defined HAVE_MEMORY_H
| #  include <memory.h>
| # endif
| # include <string.h>
| #endif
| #ifdef HAVE_STRINGS_H
| # include <strings.h>
| #endif
| #ifdef HAVE_INTTYPES_H
| # include <inttypes.h>
| #endif
| #ifdef HAVE_STDINT_H
| # include <stdint.h>
| #endif
| #ifdef HAVE_UNISTD_H
| # include <unistd.h>
| #endif
| #include <net/if6.h>
configure:5642: result: no
configure:5646: checking net/if6.h presence
configure:5661: gcc -E  conftest.c
conftest.c:25:21: error: net/if6.h: No such file or directory
configure:5667: $? = 1
configure: failed program was:
| /* confdefs.h.  */
| #define PACKAGE_NAME "DHCP"
| #define PACKAGE_TARNAME "dhcp"
| #define PACKAGE_VERSION "4.1.0a2"
| #define PACKAGE_STRING "DHCP 4.1.0a2"
| #define PACKAGE_BUGREPORT "dhcp-users@isc.org"
| #define PACKAGE "dhcp"
| #define VERSION "4.1.0a2"
| #define STDC_HEADERS 1
| #define HAVE_SYS_TYPES_H 1
| #define HAVE_SYS_STAT_H 1
| #define HAVE_STDLIB_H 1
| #define HAVE_STRING_H 1
| #define HAVE_MEMORY_H 1
| #define HAVE_STRINGS_H 1
| #define HAVE_INTTYPES_H 1
| #define HAVE_STDINT_H 1
| #define HAVE_UNISTD_H 1
| #define DHCP_BYTE_ORDER LITTLE_ENDIAN
| #define HAVE_IFADDRS_H 1
| #define HAVE_LINUX_TYPES_H 1
| #define USE_LPF 1
| #define HAVE_SYS_SOCKET_H 1
| /* end confdefs.h.  */
| #include <net/if6.h>
configure:5681: result: no
configure:5714: checking for net/if6.h
configure:5722: result: no
configure:5605: checking regex.h usability
configure:5622: gcc -c -g -O2  conftest.c >&5
configure:5628: $? = 0
configure:5642: result: yes
configure:5646: checking regex.h presence
configure:5661: gcc -E  conftest.c
configure:5667: $? = 0
configure:5681: result: yes
configure:5714: checking for regex.h
configure:5722: result: yes
configure:5737: checking for library containing MD5_Init
configure:5778: gcc -o conftest -g -O2   conftest.c  >&5
/tmp/ccAUwMeC.o: In function `main':
/home/pmq/work/ctcsrc/apps/dhcp/dhcp-4.1.0a2/conftest.c:37: undefined reference to `MD5_Init'
collect2: ld returned 1 exit status
configure:5784: $? = 1
configure: failed program was:
| /* confdefs.h.  */
| #define PACKAGE_NAME "DHCP"
| #define PACKAGE_TARNAME "dhcp"
| #define PACKAGE_VERSION "4.1.0a2"
| #define PACKAGE_STRING "DHCP 4.1.0a2"
| #define PACKAGE_BUGREPORT "dhcp-users@isc.org"
| #define PACKAGE "dhcp"
| #define VERSION "4.1.0a2"
| #define STDC_HEADERS 1
| #define HAVE_SYS_TYPES_H 1
| #define HAVE_SYS_STAT_H 1
| #define HAVE_STDLIB_H 1
| #define HAVE_STRING_H 1
| #define HAVE_MEMORY_H 1
| #define HAVE_STRINGS_H 1
| #define HAVE_INTTYPES_H 1
| #define HAVE_STDINT_H 1
| #define HAVE_UNISTD_H 1
| #define DHCP_BYTE_ORDER LITTLE_ENDIAN
| #define HAVE_IFADDRS_H 1
| #define HAVE_LINUX_TYPES_H 1
| #define USE_LPF 1
| #define HAVE_SYS_SOCKET_H 1
| #define HAVE_REGEX_H 1
| /* end confdefs.h.  */
| 
| /* Override any GCC internal prototype to avoid an error.
|    Use char because int might match the return type of a GCC
|    builtin and then its argument prototype would still apply.  */
| #ifdef __cplusplus
| extern "C"
| #endif
| char MD5_Init ();
| int
| main ()
| {
| return MD5_Init ();
|   ;
|   return 0;
| }
configure:5778: gcc -o conftest -g -O2   conftest.c -lcrypto   >&5
/usr/bin/ld: cannot find -lcrypto
collect2: ld returned 1 exit status
configure:5784: $? = 1
configure: failed program was:
| /* confdefs.h.  */
| #define PACKAGE_NAME "DHCP"
| #define PACKAGE_TARNAME "dhcp"
| #define PACKAGE_VERSION "4.1.0a2"
| #define PACKAGE_STRING "DHCP 4.1.0a2"
| #define PACKAGE_BUGREPORT "dhcp-users@isc.org"
| #define PACKAGE "dhcp"
| #define VERSION "4.1.0a2"
| #define STDC_HEADERS 1
| #define HAVE_SYS_TYPES_H 1
| #define HAVE_SYS_STAT_H 1
| #define HAVE_STDLIB_H 1
| #define HAVE_STRING_H 1
| #define HAVE_MEMORY_H 1
| #define HAVE_STRINGS_H 1
| #define HAVE_INTTYPES_H 1
| #define HAVE_STDINT_H 1
| #define HAVE_UNISTD_H 1
| #define DHCP_BYTE_ORDER LITTLE_ENDIAN
| #define HAVE_IFADDRS_H 1
| #define HAVE_LINUX_TYPES_H 1
| #define USE_LPF 1
| #define HAVE_SYS_SOCKET_H 1
| #define HAVE_REGEX_H 1
| /* end confdefs.h.  */
| 
| /* Override any GCC internal prototype to avoid an error.
|    Use char because int might match the return type of a GCC
|    builtin and then its argument prototype would still apply.  */
| #ifdef __cplusplus
| extern "C"
| #endif
| char MD5_Init ();
| int
| main ()
| {
| return MD5_Init ();
|   ;
|   return 0;
| }
configure:5812: result: no
configure:5820: checking for library containing MD5Init
configure:5861: gcc -o conftest -g -O2   conftest.c  >&5
/tmp/ccISHTuU.o: In function `main':
/home/pmq/work/ctcsrc/apps/dhcp/dhcp-4.1.0a2/conftest.c:37: undefined reference to `MD5Init'
collect2: ld returned 1 exit status
configure:5867: $? = 1
configure: failed program was:
| /* confdefs.h.  */
| #define PACKAGE_NAME "DHCP"
| #define PACKAGE_TARNAME "dhcp"
| #define PACKAGE_VERSION "4.1.0a2"
| #define PACKAGE_STRING "DHCP 4.1.0a2"
| #define PACKAGE_BUGREPORT "dhcp-users@isc.org"
| #define PACKAGE "dhcp"
| #define VERSION "4.1.0a2"
| #define STDC_HEADERS 1
| #define HAVE_SYS_TYPES_H 1
| #define HAVE_SYS_STAT_H 1
| #define HAVE_STDLIB_H 1
| #define HAVE_STRING_H 1
| #define HAVE_MEMORY_H 1
| #define HAVE_STRINGS_H 1
| #define HAVE_INTTYPES_H 1
| #define HAVE_STDINT_H 1
| #define HAVE_UNISTD_H 1
| #define DHCP_BYTE_ORDER LITTLE_ENDIAN
| #define HAVE_IFADDRS_H 1
| #define HAVE_LINUX_TYPES_H 1
| #define USE_LPF 1
| #define HAVE_SYS_SOCKET_H 1
| #define HAVE_REGEX_H 1
| /* end confdefs.h.  */
| 
| /* Override any GCC internal prototype to avoid an error.
|    Use char because int might match the return type of a GCC
|    builtin and then its argument prototype would still apply.  */
| #ifdef __cplusplus
| extern "C"
| #endif
| char MD5Init ();
| int
| main ()
| {
| return MD5Init ();
|   ;
|   return 0;
| }
configure:5861: gcc -o conftest -g -O2   conftest.c -lcrypto   >&5
/usr/bin/ld: cannot find -lcrypto
collect2: ld returned 1 exit status
configure:5867: $? = 1
configure: failed program was:
| /* confdefs.h.  */
| #define PACKAGE_NAME "DHCP"
| #define PACKAGE_TARNAME "dhcp"
| #define PACKAGE_VERSION "4.1.0a2"
| #define PACKAGE_STRING "DHCP 4.1.0a2"
| #define PACKAGE_BUGREPORT "dhcp-users@isc.org"
| #define PACKAGE "dhcp"
| #define VERSION "4.1.0a2"
| #define STDC_HEADERS 1
| #define HAVE_SYS_TYPES_H 1
| #define HAVE_SYS_STAT_H 1
| #define HAVE_STDLIB_H 1
| #define HAVE_STRING_H 1
| #define HAVE_MEMORY_H 1
| #define HAVE_STRINGS_H 1
| #define HAVE_INTTYPES_H 1
| #define HAVE_STDINT_H 1
| #define HAVE_UNISTD_H 1
| #define DHCP_BYTE_ORDER LITTLE_ENDIAN
| #define HAVE_IFADDRS_H 1
| #define HAVE_LINUX_TYPES_H 1
| #define USE_LPF 1
| #define HAVE_SYS_SOCKET_H 1
| #define HAVE_REGEX_H 1
| /* end confdefs.h.  */
| 
| /* Override any GCC internal prototype to avoid an error.
|    Use char because int might match the return type of a GCC
|    builtin and then its argument prototype would still apply.  */
| #ifdef __cplusplus
| extern "C"
| #endif
| char MD5Init ();
| int
| main ()
| {
| return MD5Init ();
|   ;
|   return 0;
| }
configure:5895: result: no
configure:5905: checking for library containing socket
configure:5946: gcc -o conftest -g -O2   conftest.c  >&5
configure:5952: $? = 0
configure:5980: result: none required
configure:5988: checking for library containing inet_ntoa
configure:6029: gcc -o conftest -g -O2   conftest.c  >&5
configure:6035: $? = 0
configure:6063: result: none required
configure:6072: checking for library containing inet_aton
configure:6113: gcc -o conftest -g -O2   conftest.c  >&5
configure:6119: $? = 0
configure:6147: result: none required
configure:6163: checking for library containing regcomp
configure:6204: gcc -o conftest -g -O2   conftest.c  >&5
configure:6210: $? = 0
configure:6238: result: none required
configure:6248: checking for library containing if_nametoindex
configure:6289: gcc -o conftest -g -O2   conftest.c  >&5
configure:6295: $? = 0
configure:6323: result: none required
configure:6333: checking for /dev/random
configure:6348: result: yes
configure:6360: checking for struct sockaddr.sa_len
configure:6389: gcc -c -g -O2  conftest.c >&5
conftest.c: In function 'main':
conftest.c:33: error: 'struct sockaddr' has no member named 'sa_len'
configure:6395: $? = 1
configure: failed program was:
| /* confdefs.h.  */
| #define PACKAGE_NAME "DHCP"
| #define PACKAGE_TARNAME "dhcp"
| #define PACKAGE_VERSION "4.1.0a2"
| #define PACKAGE_STRING "DHCP 4.1.0a2"
| #define PACKAGE_BUGREPORT "dhcp-users@isc.org"
| #define PACKAGE "dhcp"
| #define VERSION "4.1.0a2"
| #define STDC_HEADERS 1
| #define HAVE_SYS_TYPES_H 1
| #define HAVE_SYS_STAT_H 1
| #define HAVE_STDLIB_H 1
| #define HAVE_STRING_H 1
| #define HAVE_MEMORY_H 1
| #define HAVE_STRINGS_H 1
| #define HAVE_INTTYPES_H 1
| #define HAVE_STDINT_H 1
| #define HAVE_UNISTD_H 1
| #define DHCP_BYTE_ORDER LITTLE_ENDIAN
| #define HAVE_IFADDRS_H 1
| #define HAVE_LINUX_TYPES_H 1
| #define USE_LPF 1
| #define HAVE_SYS_SOCKET_H 1
| #define HAVE_REGEX_H 1
| #define HAVE_DEV_RANDOM 1
| /* end confdefs.h.  */
| #include <sys/socket.h>
| 
| int
| main ()
| {
| static struct sockaddr ac_aggr;
| if (ac_aggr.sa_len)
| return 0;
|   ;
|   return 0;
| }
configure:6429: gcc -c -g -O2  conftest.c >&5
conftest.c: In function 'main':
conftest.c:33: error: 'struct sockaddr' has no member named 'sa_len'
configure:6435: $? = 1
configure: failed program was:
| /* confdefs.h.  */
| #define PACKAGE_NAME "DHCP"
| #define PACKAGE_TARNAME "dhcp"
| #define PACKAGE_VERSION "4.1.0a2"
| #define PACKAGE_STRING "DHCP 4.1.0a2"
| #define PACKAGE_BUGREPORT "dhcp-users@isc.org"
| #define PACKAGE "dhcp"
| #define VERSION "4.1.0a2"
| #define STDC_HEADERS 1
| #define HAVE_SYS_TYPES_H 1
| #define HAVE_SYS_STAT_H 1
| #define HAVE_STDLIB_H 1
| #define HAVE_STRING_H 1
| #define HAVE_MEMORY_H 1
| #define HAVE_STRINGS_H 1
| #define HAVE_INTTYPES_H 1
| #define HAVE_STDINT_H 1
| #define HAVE_UNISTD_H 1
| #define DHCP_BYTE_ORDER LITTLE_ENDIAN
| #define HAVE_IFADDRS_H 1
| #define HAVE_LINUX_TYPES_H 1
| #define USE_LPF 1
| #define HAVE_SYS_SOCKET_H 1
| #define HAVE_REGEX_H 1
| #define HAVE_DEV_RANDOM 1
| /* end confdefs.h.  */
| #include <sys/socket.h>
| 
| int
| main ()
| {
| static struct sockaddr ac_aggr;
| if (sizeof ac_aggr.sa_len)
| return 0;
|   ;
|   return 0;
| }
configure:6453: result: no
configure:6465: checking for struct iaddr *
configure:6499: gcc -c -g -O2  conftest.c >&5
configure:6505: $? = 0
configure:6520: result: yes
configure:6527: checking size of struct iaddr *
configure:6853: gcc -o conftest -g -O2   conftest.c  >&5
configure:6856: $? = 0
configure:6862: ./conftest
configure:6865: $? = 0
configure:6888: result: 4
configure:6910: checking for struct msghdr.msg_control
configure:6942: gcc -c -g -O2  conftest.c >&5
configure:6948: $? = 0
configure:7009: result: yes
configure:7252: creating ./config.status

## ---------------------- ##
## Running config.status. ##
## ---------------------- ##

This file was extended by DHCP config.status 4.1.0a2, which was
generated by GNU Autoconf 2.61.  Invocation command line was

  CONFIG_FILES    = 
  CONFIG_HEADERS  = 
  CONFIG_LINKS    = 
  CONFIG_COMMANDS = 
  $ ./config.status 

on WS-PETERP-01

config.status:649: creating Makefile
config.status:789: WARNING:  Makefile.in seems to ignore the --datarootdir setting
config.status:649: creating client/Makefile
config.status:789: WARNING:  client/Makefile.in seems to ignore the --datarootdir setting
config.status:649: creating common/Makefile
config.status:789: WARNING:  common/Makefile.in seems to ignore the --datarootdir setting
config.status:649: creating common/tests/Makefile
config.status:789: WARNING:  common/tests/Makefile.in seems to ignore the --datarootdir setting
config.status:649: creating dhcpctl/Makefile
config.status:789: WARNING:  dhcpctl/Makefile.in seems to ignore the --datarootdir setting
config.status:649: creating dst/Makefile
config.status:789: WARNING:  dst/Makefile.in seems to ignore the --datarootdir setting
config.status:649: creating includes/Makefile
config.status:789: WARNING:  includes/Makefile.in seems to ignore the --datarootdir setting
config.status:649: creating minires/Makefile
config.status:789: WARNING:  minires/Makefile.in seems to ignore the --datarootdir setting
config.status:649: creating omapip/Makefile
config.status:789: WARNING:  omapip/Makefile.in seems to ignore the --datarootdir setting
config.status:649: creating relay/Makefile
config.status:789: WARNING:  relay/Makefile.in seems to ignore the --datarootdir setting
config.status:649: creating server/Makefile
config.status:789: WARNING:  server/Makefile.in seems to ignore the --datarootdir setting
config.status:649: creating tests/Makefile
config.status:789: WARNING:  tests/Makefile.in seems to ignore the --datarootdir setting
config.status:649: creating includes/config.h
config.status:883: includes/config.h is unchanged
config.status:929: executing depfiles commands

## ---------------- ##
## Cache variables. ##
## ---------------- ##

ac_cv_c_bigendian=no
ac_cv_c_compiler_gnu=yes
ac_cv_env_CC_set=
ac_cv_env_CC_value=
ac_cv_env_CFLAGS_set=
ac_cv_env_CFLAGS_value=
ac_cv_env_CPPFLAGS_set=
ac_cv_env_CPPFLAGS_value=
ac_cv_env_CPP_set=
ac_cv_env_CPP_value=
ac_cv_env_LDFLAGS_set=
ac_cv_env_LDFLAGS_value=
ac_cv_env_LIBS_set=
ac_cv_env_LIBS_value=
ac_cv_env_build_alias_set=
ac_cv_env_build_alias_value=
ac_cv_env_host_alias_set=set
ac_cv_env_host_alias_value=mips-linux
ac_cv_env_target_alias_set=
ac_cv_env_target_alias_value=
ac_cv_file__dev_random=yes
ac_cv_header_ifaddrs_h=yes
ac_cv_header_inttypes_h=yes
ac_cv_header_linux_filter_h=yes
ac_cv_header_linux_types_h=yes
ac_cv_header_memory_h=yes
ac_cv_header_net_if6_h=no
ac_cv_header_net_if_dl_h=no
ac_cv_header_regex_h=yes
ac_cv_header_stdc=yes
ac_cv_header_stdint_h=yes
ac_cv_header_stdlib_h=yes
ac_cv_header_string_h=yes
ac_cv_header_strings_h=yes
ac_cv_header_sys_socket_h=yes
ac_cv_header_sys_stat_h=yes
ac_cv_header_sys_types_h=yes
ac_cv_header_unistd_h=yes
ac_cv_member_struct_msghdr_msg_control=yes
ac_cv_member_struct_sockaddr_sa_len=no
ac_cv_objext=o
ac_cv_path_EGREP='/bin/grep -E'
ac_cv_path_GREP=/bin/grep
ac_cv_path_install='/usr/bin/install -c'
ac_cv_path_mkdir=/bin/mkdir
ac_cv_prog_AWK=mawk
ac_cv_prog_CPP='gcc -E'
ac_cv_prog_ac_ct_CC=gcc
ac_cv_prog_ac_ct_RANLIB=ranlib
ac_cv_prog_ac_ct_STRIP=strip
ac_cv_prog_cc_c89=
ac_cv_prog_cc_g=yes
ac_cv_prog_make_make_set=yes
ac_cv_search_MD5Init=no
ac_cv_search_MD5_Init=no
ac_cv_search_if_nametoindex='none required'
ac_cv_search_inet_aton='none required'
ac_cv_search_inet_ntoa='none required'
ac_cv_search_regcomp='none required'
ac_cv_search_socket='none required'
ac_cv_sizeof_struct_iaddr_p=4
ac_cv_type_struct_iaddr_p=yes
am_cv_CC_dependencies_compiler_type=none

## ----------------- ##
## Output variables. ##
## ----------------- ##

ACLOCAL='${SHELL} /home/pmq/work/ctcsrc/apps/dhcp/dhcp-4.1.0a2/missing --run aclocal-1.10'
AMDEPBACKSLASH=''
AMDEP_FALSE=''
AMDEP_TRUE='#'
AMTAR='${SHELL} /home/pmq/work/ctcsrc/apps/dhcp/dhcp-4.1.0a2/missing --run tar'
AUTOCONF='${SHELL} /home/pmq/work/ctcsrc/apps/dhcp/dhcp-4.1.0a2/missing --run autoconf'
AUTOHEADER='${SHELL} /home/pmq/work/ctcsrc/apps/dhcp/dhcp-4.1.0a2/missing --run autoheader'
AUTOMAKE='${SHELL} /home/pmq/work/ctcsrc/apps/dhcp/dhcp-4.1.0a2/missing --run automake-1.10'
AWK='mawk'
CC='gcc'
CCDEPMODE='depmode=none'
CFLAGS='-g -O2  -Wall -Werror -fno-strict-aliasing'
CPP='gcc -E'
CPPFLAGS=''
CYGPATH_W='echo'
DEFS='-DHAVE_CONFIG_H'
DEPDIR='.deps'
ECHO_C=''
ECHO_N='-n'
ECHO_T=''
EGREP='/bin/grep -E'
EXEEXT=''
GREP='/bin/grep'
INSTALL_DATA='${INSTALL} -m 644'
INSTALL_PROGRAM='${INSTALL}'
INSTALL_SCRIPT='${INSTALL}'
INSTALL_STRIP_PROGRAM='$(install_sh) -c -s'
LDFLAGS=''
LIBOBJS=''
LIBS=''
LTLIBOBJS=''
MAKEINFO='${SHELL} /home/pmq/work/ctcsrc/apps/dhcp/dhcp-4.1.0a2/missing --run makeinfo'
OBJEXT='o'
PACKAGE='dhcp'
PACKAGE_BUGREPORT='dhcp-users@isc.org'
PACKAGE_NAME='DHCP'
PACKAGE_STRING='DHCP 4.1.0a2'
PACKAGE_TARNAME='dhcp'
PACKAGE_VERSION='4.1.0a2'
PATH_SEPARATOR=':'
RANLIB='ranlib'
SET_MAKE=''
SHELL='/bin/bash'
STRIP='strip'
VERSION='4.1.0a2'
ac_ct_CC='gcc'
ac_prefix_program=''
am__fastdepCC_FALSE=''
am__fastdepCC_TRUE='#'
am__include='include'
am__isrc=''
am__leading_dot='.'
am__quote=''
am__tar='${AMTAR} chof - "$$tardir"'
am__untar='${AMTAR} xf -'
bindir='${exec_prefix}/bin'
build_alias=''
byte_order='LITTLE_ENDIAN'
datadir='${datarootdir}'
datarootdir='${prefix}/share'
docdir='${datarootdir}/doc/${PACKAGE_TARNAME}'
dvidir='${docdir}'
exec_prefix='${prefix}'
host_alias='mips-linux'
htmldir='${docdir}'
includedir='${prefix}/include'
infodir='${datarootdir}/info'
install_sh='$(SHELL) /home/pmq/work/ctcsrc/apps/dhcp/dhcp-4.1.0a2/install-sh'
libdir='${exec_prefix}/lib'
libexecdir='${exec_prefix}/libexec'
localedir='${datarootdir}/locale'
localstatedir='/var'
mandir='${datarootdir}/man'
mkdir_p='/bin/mkdir -p'
oldincludedir='/usr/include'
pdfdir='${docdir}'
prefix='/usr/local'
program_transform_name='s,x,x,'
psdir='${docdir}'
sbindir='${exec_prefix}/sbin'
sharedstatedir='${prefix}/com'
sysconfdir='${prefix}/etc'
target_alias=''

## ----------- ##
## confdefs.h. ##
## ----------- ##

#define PACKAGE_NAME "DHCP"
#define PACKAGE_TARNAME "dhcp"
#define PACKAGE_VERSION "4.1.0a2"
#define PACKAGE_STRING "DHCP 4.1.0a2"
#define PACKAGE_BUGREPORT "dhcp-users@isc.org"
#define PACKAGE "dhcp"
#define VERSION "4.1.0a2"
#define STDC_HEADERS 1
#define HAVE_SYS_TYPES_H 1
#define HAVE_SYS_STAT_H 1
#define HAVE_STDLIB_H 1
#define HAVE_STRING_H 1
#define HAVE_MEMORY_H 1
#define HAVE_STRINGS_H 1
#define HAVE_INTTYPES_H 1
#define HAVE_STDINT_H 1
#define HAVE_UNISTD_H 1
#define DHCP_BYTE_ORDER LITTLE_ENDIAN
#define HAVE_IFADDRS_H 1
#define HAVE_LINUX_TYPES_H 1
#define USE_LPF 1
#define HAVE_SYS_SOCKET_H 1
#define HAVE_REGEX_H 1
#define HAVE_DEV_RANDOM 1
#define SIZEOF_STRUCT_IADDR_P 4

configure: exit 0

## ---------------------- ##
## Running config.status. ##
## ---------------------- ##

This file was extended by DHCP config.status 4.1.0a2, which was
generated by GNU Autoconf 2.61.  Invocation command line was

  CONFIG_FILES    = 
  CONFIG_HEADERS  = 
  CONFIG_LINKS    = 
  CONFIG_COMMANDS = 
  $ ./config.status client/Makefile depfiles

on WS-PETERP-01

config.status:649: creating client/Makefile
config.status:789: WARNING:  client/Makefile.in seems to ignore the --datarootdir setting
config.status:929: executing depfiles commands
