This file contains any messages produced by compilers while
running configure, to aid debugging if configure makes a mistake.

It was created by configure, which was
generated by GNU Autoconf 2.59.  Invocation command line was

  $ ./configure 

## --------- ##
## Platform. ##
## --------- ##

hostname = valery
uname -m = i686
uname -r = 2.6.10-1.760_FC3smp
uname -s = Linux
uname -v = #1 SMP Wed Feb 2 00:29:03 EST 2005

/usr/bin/uname -p = unknown
/bin/uname -X     = unknown

/bin/arch              = i686
/usr/bin/arch -k       = unknown
/usr/convex/getsysinfo = unknown
hostinfo               = unknown
/bin/machine           = unknown
/usr/bin/oslevel       = unknown
/bin/universe          = unknown

PATH: /usr/java/j2sdk1.4.2_06/bin
PATH: /usr/kerberos/bin
PATH: /usr/local/bin
PATH: /usr/bin
PATH: /bin
PATH: /usr/X11R6/bin
PATH: /home/valery/bin
PATH: /home/oracle/product/8.1.7/bin


## ----------- ##
## Core tests. ##
## ----------- ##

configure:1361: checking for g++
configure:1377: found /usr/bin/g++
configure:1387: result: g++
configure:1403: checking for C++ compiler version
configure:1406: g++ --version </dev/null >&5
g++ (GCC) 3.4.2 20041017 (Red Hat 3.4.2-6.fc3)
Copyright (C) 2004 Free Software Foundation, Inc.
This is free software; see the source for copying conditions.  There is NO
warranty; not even for MERCHANTABILITY or FITNESS FOR A PARTICULAR PURPOSE.

configure:1409: $? = 0
configure:1411: g++ -v </dev/null >&5
Reading specs from /usr/lib/gcc/i386-redhat-linux/3.4.2/specs
Configured with: ../configure --prefix=/usr --mandir=/usr/share/man --infodir=/usr/share/info --enable-shared --enable-threads=posix --disable-checking --with-system-zlib --enable-__cxa_atexit --disable-libunwind-exceptions --enable-java-awt=gtk --host=i386-redhat-linux
Thread model: posix
gcc version 3.4.2 20041017 (Red Hat 3.4.2-6.fc3)
configure:1414: $? = 0
configure:1416: g++ -V </dev/null >&5
g++: `-V' option must have argument
configure:1419: $? = 1
configure:1442: checking for C++ compiler default output file name
configure:1445: g++    conftest.cc  >&5
configure:1448: $? = 0
configure:1494: result: a.out
configure:1499: checking whether the C++ compiler works
configure:1505: ./a.out
configure:1508: $? = 0
configure:1525: result: yes
configure:1532: checking whether we are cross compiling
configure:1534: result: no
configure:1537: checking for suffix of executables
configure:1539: g++ -o conftest    conftest.cc  >&5
configure:1542: $? = 0
configure:1567: result: 
configure:1573: checking for suffix of object files
configure:1594: g++ -c   conftest.cc >&5
configure:1597: $? = 0
configure:1619: result: o
configure:1623: checking whether we are using the GNU C++ compiler
configure:1647: g++ -c   conftest.cc >&5
configure:1653: $? = 0
configure:1657: test -z 
			 || test ! -s conftest.err
configure:1660: $? = 0
configure:1663: test -s conftest.o
configure:1666: $? = 0
configure:1679: result: yes
configure:1685: checking whether g++ accepts -g
configure:1706: g++ -c -g  conftest.cc >&5
configure:1712: $? = 0
configure:1716: test -z 
			 || test ! -s conftest.err
configure:1719: $? = 0
configure:1722: test -s conftest.o
configure:1725: $? = 0
configure:1736: result: yes
configure:1778: g++ -c -g -O2  conftest.cc >&5
configure:1784: $? = 0
configure:1788: test -z 
			 || test ! -s conftest.err
configure:1791: $? = 0
configure:1794: test -s conftest.o
configure:1797: $? = 0
configure:1823: g++ -c -g -O2  conftest.cc >&5
conftest.cc: In function `int main()':
conftest.cc:13: error: `exit' undeclared (first use this function)
conftest.cc:13: error: (Each undeclared identifier is reported only once for each function it appears in.)
configure:1829: $? = 1
configure: failed program was:
| /* confdefs.h.  */
| 
| #define PACKAGE_NAME ""
| #define PACKAGE_TARNAME ""
| #define PACKAGE_VERSION ""
| #define PACKAGE_STRING ""
| #define PACKAGE_BUGREPORT ""
| /* end confdefs.h.  */
| 
| int
| main ()
| {
| exit (42);
|   ;
|   return 0;
| }
configure:1778: g++ -c -g -O2  conftest.cc >&5
configure:1784: $? = 0
configure:1788: test -z 
			 || test ! -s conftest.err
configure:1791: $? = 0
configure:1794: test -s conftest.o
configure:1797: $? = 0
configure:1823: g++ -c -g -O2  conftest.cc >&5
configure:1829: $? = 0
configure:1833: test -z 
			 || test ! -s conftest.err
configure:1836: $? = 0
configure:1839: test -s conftest.o
configure:1842: $? = 0
configure:1911: checking for gcc
configure:1927: found /usr/bin/gcc
configure:1937: result: gcc
configure:2181: checking for C compiler version
configure:2184: gcc --version </dev/null >&5
gcc (GCC) 3.4.2 20041017 (Red Hat 3.4.2-6.fc3)
Copyright (C) 2004 Free Software Foundation, Inc.
This is free software; see the source for copying conditions.  There is NO
warranty; not even for MERCHANTABILITY or FITNESS FOR A PARTICULAR PURPOSE.

configure:2187: $? = 0
configure:2189: gcc -v </dev/null >&5
Reading specs from /usr/lib/gcc/i386-redhat-linux/3.4.2/specs
Configured with: ../configure --prefix=/usr --mandir=/usr/share/man --infodir=/usr/share/info --enable-shared --enable-threads=posix --disable-checking --with-system-zlib --enable-__cxa_atexit --disable-libunwind-exceptions --enable-java-awt=gtk --host=i386-redhat-linux
Thread model: posix
gcc version 3.4.2 20041017 (Red Hat 3.4.2-6.fc3)
configure:2192: $? = 0
configure:2194: gcc -V </dev/null >&5
gcc: `-V' option must have argument
configure:2197: $? = 1
configure:2200: checking whether we are using the GNU C compiler
configure:2224: gcc -c -DNORMALUNIX -DLINUX -Os  conftest.c >&5
configure:2230: $? = 0
configure:2234: test -z 
			 || test ! -s conftest.err
configure:2237: $? = 0
configure:2240: test -s conftest.o
configure:2243: $? = 0
configure:2256: result: yes
configure:2262: checking whether gcc accepts -g
configure:2283: gcc -c -g  conftest.c >&5
configure:2289: $? = 0
configure:2293: test -z 
			 || test ! -s conftest.err
configure:2296: $? = 0
configure:2299: test -s conftest.o
configure:2302: $? = 0
configure:2313: result: yes
configure:2330: checking for gcc option to accept ANSI C
configure:2400: gcc  -c -DNORMALUNIX -DLINUX -Os  conftest.c >&5
configure:2406: $? = 0
configure:2410: test -z 
			 || test ! -s conftest.err
configure:2413: $? = 0
configure:2416: test -s conftest.o
configure:2419: $? = 0
configure:2437: result: none needed
configure:2455: gcc -c -DNORMALUNIX -DLINUX -Os  conftest.c >&5
conftest.c:2: error: syntax error before "me"
configure:2461: $? = 1
configure: failed program was:
| #ifndef __cplusplus
|   choke me
| #endif
configure:2599: checking how to run the C preprocessor
configure:2634: gcc -E  conftest.c
configure:2640: $? = 0
configure:2672: gcc -E  conftest.c
conftest.c:12:28: ac_nonexistent.h: No such file or directory
configure:2678: $? = 1
configure: failed program was:
| /* confdefs.h.  */
| 
| #define PACKAGE_NAME ""
| #define PACKAGE_TARNAME ""
| #define PACKAGE_VERSION ""
| #define PACKAGE_STRING ""
| #define PACKAGE_BUGREPORT ""
| #ifdef __cplusplus
| extern "C" void std::exit (int) throw (); using std::exit;
| #endif
| /* end confdefs.h.  */
| #include <ac_nonexistent.h>
configure:2717: result: gcc -E
configure:2741: gcc -E  conftest.c
configure:2747: $? = 0
configure:2779: gcc -E  conftest.c
conftest.c:12:28: ac_nonexistent.h: No such file or directory
configure:2785: $? = 1
configure: failed program was:
| /* confdefs.h.  */
| 
| #define PACKAGE_NAME ""
| #define PACKAGE_TARNAME ""
| #define PACKAGE_VERSION ""
| #define PACKAGE_STRING ""
| #define PACKAGE_BUGREPORT ""
| #ifdef __cplusplus
| extern "C" void std::exit (int) throw (); using std::exit;
| #endif
| /* end confdefs.h.  */
| #include <ac_nonexistent.h>
configure:2869: checking for ranlib
configure:2885: found /usr/bin/ranlib
configure:2896: result: ranlib
configure:2910: checking for ar
configure:2926: found /usr/bin/ar
configure:2937: result: ar
configure:2947: checking for gethostbyname in -lnsl
configure:2977: gcc -o conftest -DNORMALUNIX -DLINUX -Os   conftest.c -lnsl   >&5
configure:2983: $? = 0
configure:2987: test -z 
			 || test ! -s conftest.err
configure:2990: $? = 0
configure:2993: test -s conftest
configure:2996: $? = 0
configure:3009: result: yes
configure:3021: checking for bind in -lsocket
configure:3051: gcc -o conftest -DNORMALUNIX -DLINUX -Os   conftest.c -lsocket  -lnsl  >&5
/usr/bin/ld: cannot find -lsocket
collect2: ld returned 1 exit status
configure:3057: $? = 1
configure: failed program was:
| /* confdefs.h.  */
| 
| #define PACKAGE_NAME ""
| #define PACKAGE_TARNAME ""
| #define PACKAGE_VERSION ""
| #define PACKAGE_STRING ""
| #define PACKAGE_BUGREPORT ""
| #ifdef __cplusplus
| extern "C" void std::exit (int) throw (); using std::exit;
| #endif
| #define HAVE_LIBNSL 1
| /* end confdefs.h.  */
| 
| /* Override any gcc2 internal prototype to avoid an error.  */
| #ifdef __cplusplus
| extern "C"
| #endif
| /* We use char because int might match the return type of a gcc2
|    builtin and then its argument prototype would still apply.  */
| char bind ();
| int
| main ()
| {
| bind ();
|   ;
|   return 0;
| }
configure:3083: result: no
configure:3113: checking whether make sets $(MAKE)
configure:3133: result: yes
configure:3279: creating ./config.status

## ---------------------- ##
## Running config.status. ##
## ---------------------- ##

This file was extended by config.status, which was
generated by GNU Autoconf 2.59.  Invocation command line was

  CONFIG_FILES    = 
  CONFIG_HEADERS  = 
  CONFIG_LINKS    = 
  CONFIG_COMMANDS = 
  $ ./config.status 

on valery

config.status:650: creating Makefile
config.status:650: creating src/Makefile
config.status:650: creating scripts/routed
config.status:650: creating pkg-slack.sh
config.status:650: creating pkg-deb.sh
config.status:650: creating nx-routed.spec

## ---------------- ##
## Cache variables. ##
## ---------------- ##

ac_cv_c_compiler_gnu=yes
ac_cv_cxx_compiler_gnu=yes
ac_cv_env_CC_set=
ac_cv_env_CC_value=
ac_cv_env_CFLAGS_set=
ac_cv_env_CFLAGS_value=
ac_cv_env_CPPFLAGS_set=
ac_cv_env_CPPFLAGS_value=
ac_cv_env_CPP_set=
ac_cv_env_CPP_value=
ac_cv_env_CXXFLAGS_set=
ac_cv_env_CXXFLAGS_value=
ac_cv_env_CXX_set=
ac_cv_env_CXX_value=
ac_cv_env_LDFLAGS_set=
ac_cv_env_LDFLAGS_value=
ac_cv_env_build_alias_set=
ac_cv_env_build_alias_value=
ac_cv_env_host_alias_set=
ac_cv_env_host_alias_value=
ac_cv_env_target_alias_set=
ac_cv_env_target_alias_value=
ac_cv_exeext=
ac_cv_lib_nsl_gethostbyname=yes
ac_cv_lib_socket_bind=no
ac_cv_objext=o
ac_cv_prog_AR=ar
ac_cv_prog_CPP='gcc -E'
ac_cv_prog_ac_ct_CC=gcc
ac_cv_prog_ac_ct_CXX=g++
ac_cv_prog_ac_ct_RANLIB=ranlib
ac_cv_prog_cc_g=yes
ac_cv_prog_cc_stdc=
ac_cv_prog_cxx_g=yes
ac_cv_prog_make_make_set=yes

## ----------------- ##
## Output variables. ##
## ----------------- ##

AR='ar'
CC='gcc'
CFLAGS='-DNORMALUNIX -DLINUX -Os -O3 -Wall -s'
CPP='gcc -E'
CPPFLAGS=''
CXX='g++'
CXXFLAGS='-g -O2'
DEFS='-DPACKAGE_NAME=\"\" -DPACKAGE_TARNAME=\"\" -DPACKAGE_VERSION=\"\" -DPACKAGE_STRING=\"\" -DPACKAGE_BUGREPORT=\"\" -DHAVE_LIBNSL=1 '
ECHO_C=''
ECHO_N='-n'
ECHO_T=''
EXEEXT=''
INSTALL='./config/install-sh -c'
LDFLAGS=''
LIBOBJS=''
LIBS='-lnsl '
LTLIBOBJS=''
OBJEXT='o'
OUTPATH='bin'
OUTPUT_FILES='Makefile src/Makefile'
PACKAGE_BUGREPORT=''
PACKAGE_NAME=''
PACKAGE_STRING=''
PACKAGE_TARNAME=''
PACKAGE_VERSION=''
PATH_SEPARATOR=':'
RANLIB='ranlib'
SET_MAKE=''
SHELL='/bin/sh'
SUBDIRS='src'
ac_ct_CC='gcc'
ac_ct_CXX='g++'
ac_ct_RANLIB='ranlib'
bindir='${exec_prefix}/bin'
build_alias=''
datadir='${prefix}/share'
etcdir='/etc'
exec_prefix='${prefix}'
host_alias=''
includedir='${prefix}/include'
infodir='${prefix}/info'
libdir='${exec_prefix}/lib'
libexecdir='${exec_prefix}/libexec'
localstatedir='${prefix}/var'
mandir='/usr/share/man'
oldincludedir='/usr/include'
prefix='/usr/local'
program_transform_name='s,x,x,'
sbindir='/usr/local/sbin'
sharedstatedir='${prefix}/com'
startupdir='/etc/rc.d/init.d'
sysconfdir='${prefix}/etc'
target_alias=''

## ----------- ##
## confdefs.h. ##
## ----------- ##

#define HAVE_LIBNSL 1
#define PACKAGE_BUGREPORT ""
#define PACKAGE_NAME ""
#define PACKAGE_STRING ""
#define PACKAGE_TARNAME ""
#define PACKAGE_VERSION ""
#endif
#ifdef __cplusplus
extern "C" void std::exit (int) throw (); using std::exit;

configure: exit 0
