This file contains any messages produced by compilers while
running configure, to aid debugging if configure makes a mistake.

It was created by configure, which was
generated by GNU Autoconf 2.61.  Invocation command line was

  $ ../../src/libosip2-3.3.0/configure --disable-static --enable-shared --host=mips-linux --prefix=/home/yangjilong/20131119/9344/apps/cacm/target

## --------- ##
## Platform. ##
## --------- ##

hostname = atheros-server
uname -m = i686
uname -r = 3.8.0-19-generic
uname -s = Linux
uname -v = #29-Ubuntu SMP Wed Apr 17 18:19:42 UTC 2013

/usr/bin/uname -p = unknown
/bin/uname -X     = unknown

/bin/arch              = unknown
/usr/bin/arch -k       = unknown
/usr/convex/getsysinfo = unknown
/usr/bin/hostinfo      = unknown
/bin/machine           = unknown
/usr/bin/oslevel       = unknown
/bin/universe          = unknown

PATH: /home/yangjilong/20131119/9344/build/../build/util
PATH: /home/yangjilong/20131119/9344/build/../build/gcc-4.3.3/build_mips/staging_dir/usr//bin
PATH: /home/yangjilong/20131119/9344/build/../linux
PATH: /home/yangjilong/20131119/9344/build/../build
PATH: /home/yangjilong/20131119/9344/build/../boot/redboot/ecos/tools/bin
PATH: `pwd`
PATH: /usr/local/sbin
PATH: /usr/local/bin
PATH: /usr/sbin
PATH: /usr/bin
PATH: /sbin
PATH: /bin
PATH: /usr/games
PATH: /usr/local/games


## ----------- ##
## Core tests. ##
## ----------- ##

configure:1958: osip2                                       The GNU Open SIP library.
configure:1960: Copyright (C) 2001,2002,2003,2004,2005,2006,2007 Aymeric MOIZARD - <jack@atosc.org>
configure:1989: result: Configuring libosip2 3.3.0
configure:1992: result: Building Package on linux
configure:2044: checking for a BSD-compatible install
configure:2100: result: /usr/bin/install -c
configure:2111: checking whether build environment is sane
configure:2154: result: yes
configure:2219: checking for gawk
configure:2249: result: no
configure:2219: checking for mawk
configure:2235: found /usr/bin/mawk
configure:2246: result: mawk
configure:2257: checking whether make sets $(MAKE)
configure:2278: result: yes
configure:2354: checking for mips-linux-strip
configure:2381: result: mips-linux-uclibc-strip
configure:2485: checking build system type
configure:2503: result: i686-pc-linux-gnu
configure:2525: checking host system type
configure:2540: result: mips-unknown-linux-gnu
configure:2572: checking for mips-linux-gcc
configure:2588: found /home/yangjilong/20131119/9344/build/../build/gcc-4.3.3/build_mips/staging_dir/usr//bin/mips-linux-gcc
configure:2599: result: mips-linux-gcc
configure:2877: checking for C compiler version
configure:2884: mips-linux-gcc --version >&5
mips-linux-gcc (GCC) 4.3.3
Copyright (C) 2008 Free Software Foundation, Inc.
This is free software; see the source for copying conditions.  There is NO
warranty; not even for MERCHANTABILITY or FITNESS FOR A PARTICULAR PURPOSE.

configure:2887: $? = 0
configure:2894: mips-linux-gcc -v >&5
Using built-in specs.
Target: mips-linux-uclibc
Configured with: /home/yangjilong/20131119/9344/build/gcc-4.3.3/toolchain_build_mips/gcc-4.3.3/configure --prefix=/usr --build=i386-pc-linux-gnu --host=i386-pc-linux-gnu --target=mips-linux-uclibc --enable-languages=c,c++ --with-sysroot=/home/yangjilong/20131119/9344/build/gcc-4.3.3/build_mips/staging_dir --with-build-time-tools=/home/yangjilong/20131119/9344/build/gcc-4.3.3/build_mips/staging_dir/usr/mips-linux-uclibc/bin --disable-__cxa_atexit --enable-target-optspace --with-gnu-ld --disable-libssp --disable-tls --enable-shared --with-gmp=/home/yangjilong/20131119/9344/build/gcc-4.3.3/toolchain_build_mips/gmp --with-mpfr=/home/yangjilong/20131119/9344/build/gcc-4.3.3/toolchain_build_mips/mpfr --disable-nls --enable-threads --disable-multilib --disable-decimal-float --with-float=soft --with-abi=32 --with-tune=mips32r2
Thread model: posix
gcc version 4.3.3 (GCC) 
configure:2897: $? = 0
configure:2904: mips-linux-gcc -V >&5
mips-linux-gcc: '-V' option must have argument
configure:2907: $? = 1
configure:2930: checking for C compiler default output file name
configure:2957: mips-linux-gcc    conftest.c  >&5
configure:2960: $? = 0
configure:2998: result: a.out
configure:3015: checking whether the C compiler works
configure:3025: ./a.out
../../src/libosip2-3.3.0/configure: line 3026: ./a.out: cannot execute binary file
configure:3028: $? = 126
configure:3045: result: yes
configure:3052: checking whether we are cross compiling
configure:3054: result: yes
configure:3057: checking for suffix of executables
configure:3064: mips-linux-gcc -o conftest    conftest.c  >&5
configure:3067: $? = 0
configure:3091: result: 
configure:3097: checking for suffix of object files
configure:3123: mips-linux-gcc -c   conftest.c >&5
configure:3126: $? = 0
configure:3149: result: o
configure:3153: checking whether we are using the GNU C compiler
configure:3182: mips-linux-gcc -c   conftest.c >&5
configure:3188: $? = 0
configure:3205: result: yes
configure:3210: checking whether mips-linux-gcc accepts -g
configure:3240: mips-linux-gcc -c -g  conftest.c >&5
configure:3246: $? = 0
configure:3345: result: yes
configure:3362: checking for mips-linux-gcc option to accept ISO C89
configure:3436: mips-linux-gcc  -c -g -O2  conftest.c >&5
configure:3442: $? = 0
configure:3465: result: none needed
configure:3494: checking for style of include used by make
configure:3522: result: GNU
configure:3550: checking dependency style of mips-linux-gcc
configure:3640: result: gcc3
configure:3662: checking how to run the C preprocessor
configure:3702: mips-linux-gcc -E  conftest.c
configure:3708: $? = 0
configure:3739: mips-linux-gcc -E  conftest.c
conftest.c:10:28: error: ac_nonexistent.h: No such file or directory
configure:3745: $? = 1
configure: failed program was:
| /* confdefs.h.  */
| #define PACKAGE_NAME ""
| #define PACKAGE_TARNAME ""
| #define PACKAGE_VERSION ""
| #define PACKAGE_STRING ""
| #define PACKAGE_BUGREPORT ""
| #define PACKAGE "libosip2"
| #define VERSION "3.3.0"
| /* end confdefs.h.  */
| #include <ac_nonexistent.h>
configure:3778: result: mips-linux-gcc -E
configure:3807: mips-linux-gcc -E  conftest.c
configure:3813: $? = 0
configure:3844: mips-linux-gcc -E  conftest.c
conftest.c:10:28: error: ac_nonexistent.h: No such file or directory
configure:3850: $? = 1
configure: failed program was:
| /* confdefs.h.  */
| #define PACKAGE_NAME ""
| #define PACKAGE_TARNAME ""
| #define PACKAGE_VERSION ""
| #define PACKAGE_STRING ""
| #define PACKAGE_BUGREPORT ""
| #define PACKAGE "libosip2"
| #define VERSION "3.3.0"
| /* end confdefs.h.  */
| #include <ac_nonexistent.h>
configure:3900: checking for a BSD-compatible install
configure:3956: result: /usr/bin/install -c
configure:3971: checking for a sed that does not truncate output
configure:4027: result: /bin/sed
configure:4102: checking for grep that handles long lines and -e
configure:4176: result: /bin/grep
configure:4181: checking for egrep
configure:4259: result: /bin/grep -E
configure:4275: checking for ld used by mips-linux-gcc
configure:4342: result: /home/yangjilong/20131119/9344/build/gcc-4.3.3/build_mips/staging_dir/usr/mips-linux-uclibc/bin/ld
configure:4351: checking if the linker (/home/yangjilong/20131119/9344/build/gcc-4.3.3/build_mips/staging_dir/usr/mips-linux-uclibc/bin/ld) is GNU ld
configure:4366: result: yes
configure:4371: checking for /home/yangjilong/20131119/9344/build/gcc-4.3.3/build_mips/staging_dir/usr/mips-linux-uclibc/bin/ld option to reload object files
configure:4378: result: -r
configure:4396: checking for BSD-compatible nm
configure:4445: result: /home/yangjilong/20131119/9344/build/../build/gcc-4.3.3/build_mips/staging_dir/usr//bin/mips-linux-nm -B
configure:4449: checking whether ln -s works
configure:4453: result: yes
configure:4460: checking how to recognize dependent libraries
configure:4646: result: pass_all
configure:5177: checking for ANSI C header files
configure:5207: mips-linux-gcc -c -g -O2  conftest.c >&5
configure:5213: $? = 0
configure:5341: result: yes
configure:5365: checking for sys/types.h
configure:5386: mips-linux-gcc -c -g -O2  conftest.c >&5
configure:5392: $? = 0
configure:5408: result: yes
configure:5365: checking for sys/stat.h
configure:5386: mips-linux-gcc -c -g -O2  conftest.c >&5
configure:5392: $? = 0
configure:5408: result: yes
configure:5365: checking for stdlib.h
configure:5386: mips-linux-gcc -c -g -O2  conftest.c >&5
configure:5392: $? = 0
configure:5408: result: yes
configure:5365: checking for string.h
configure:5386: mips-linux-gcc -c -g -O2  conftest.c >&5
configure:5392: $? = 0
configure:5408: result: yes
configure:5365: checking for memory.h
configure:5386: mips-linux-gcc -c -g -O2  conftest.c >&5
configure:5392: $? = 0
configure:5408: result: yes
configure:5365: checking for strings.h
configure:5386: mips-linux-gcc -c -g -O2  conftest.c >&5
configure:5392: $? = 0
configure:5408: result: yes
configure:5365: checking for inttypes.h
configure:5386: mips-linux-gcc -c -g -O2  conftest.c >&5
configure:5392: $? = 0
configure:5408: result: yes
configure:5365: checking for stdint.h
configure:5386: mips-linux-gcc -c -g -O2  conftest.c >&5
configure:5392: $? = 0
configure:5408: result: yes
configure:5365: checking for unistd.h
configure:5386: mips-linux-gcc -c -g -O2  conftest.c >&5
configure:5392: $? = 0
configure:5408: result: yes
configure:5435: checking dlfcn.h usability
configure:5452: mips-linux-gcc -c -g -O2  conftest.c >&5
configure:5458: $? = 0
configure:5472: result: yes
configure:5476: checking dlfcn.h presence
configure:5491: mips-linux-gcc -E  conftest.c
configure:5497: $? = 0
configure:5511: result: yes
configure:5539: checking for dlfcn.h
configure:5547: result: yes
configure:5574: checking for mips-linux-g++
configure:5590: found /home/yangjilong/20131119/9344/build/../build/gcc-4.3.3/build_mips/staging_dir/usr//bin/mips-linux-g++
configure:5601: result: mips-linux-g++
configure:5676: checking for C++ compiler version
configure:5683: mips-linux-g++ --version >&5
mips-linux-g++ (GCC) 4.3.3
Copyright (C) 2008 Free Software Foundation, Inc.
This is free software; see the source for copying conditions.  There is NO
warranty; not even for MERCHANTABILITY or FITNESS FOR A PARTICULAR PURPOSE.

configure:5686: $? = 0
configure:5693: mips-linux-g++ -v >&5
Using built-in specs.
Target: mips-linux-uclibc
Configured with: /home/yangjilong/20131119/9344/build/gcc-4.3.3/toolchain_build_mips/gcc-4.3.3/configure --prefix=/usr --build=i386-pc-linux-gnu --host=i386-pc-linux-gnu --target=mips-linux-uclibc --enable-languages=c,c++ --with-sysroot=/home/yangjilong/20131119/9344/build/gcc-4.3.3/build_mips/staging_dir --with-build-time-tools=/home/yangjilong/20131119/9344/build/gcc-4.3.3/build_mips/staging_dir/usr/mips-linux-uclibc/bin --disable-__cxa_atexit --enable-target-optspace --with-gnu-ld --disable-libssp --disable-tls --enable-shared --with-gmp=/home/yangjilong/20131119/9344/build/gcc-4.3.3/toolchain_build_mips/gmp --with-mpfr=/home/yangjilong/20131119/9344/build/gcc-4.3.3/toolchain_build_mips/mpfr --disable-nls --enable-threads --disable-multilib --disable-decimal-float --with-float=soft --with-abi=32 --with-tune=mips32r2
Thread model: posix
gcc version 4.3.3 (GCC) 
configure:5696: $? = 0
configure:5703: mips-linux-g++ -V >&5
mips-linux-g++: '-V' option must have argument
configure:5706: $? = 1
configure:5709: checking whether we are using the GNU C++ compiler
configure:5738: mips-linux-g++ -c   conftest.cpp >&5
configure:5744: $? = 0
configure:5761: result: yes
configure:5766: checking whether mips-linux-g++ accepts -g
configure:5796: mips-linux-g++ -c -g  conftest.cpp >&5
configure:5802: $? = 0
configure:5901: result: yes
configure:5926: checking dependency style of mips-linux-g++
configure:6016: result: gcc3
configure:6043: checking how to run the C++ preprocessor
configure:6079: mips-linux-g++ -E  conftest.cpp
configure:6085: $? = 0
configure:6116: mips-linux-g++ -E  conftest.cpp
conftest.cpp:21:28: error: ac_nonexistent.h: No such file or directory
configure:6122: $? = 1
configure: failed program was:
| /* confdefs.h.  */
| #define PACKAGE_NAME ""
| #define PACKAGE_TARNAME ""
| #define PACKAGE_VERSION ""
| #define PACKAGE_STRING ""
| #define PACKAGE_BUGREPORT ""
| #define PACKAGE "libosip2"
| #define VERSION "3.3.0"
| #define STDC_HEADERS 1
| #define HAVE_SYS_TYPES_H 1
| #define HAVE_SYS_STAT_H 1
| #define HAVE_STDLIB_H 1
| #define HAVE_STRING_H 1
| #define HAVE_MEMORY_H 1
| #define HAVE_STRINGS_H 1
| #define HAVE_INTTYPES_H 1
| #define HAVE_STDINT_H 1
| #define HAVE_UNISTD_H 1
| #define HAVE_DLFCN_H 1
| /* end confdefs.h.  */
| #include <ac_nonexistent.h>
configure:6155: result: mips-linux-g++ -E
configure:6184: mips-linux-g++ -E  conftest.cpp
configure:6190: $? = 0
configure:6221: mips-linux-g++ -E  conftest.cpp
conftest.cpp:21:28: error: ac_nonexistent.h: No such file or directory
configure:6227: $? = 1
configure: failed program was:
| /* confdefs.h.  */
| #define PACKAGE_NAME ""
| #define PACKAGE_TARNAME ""
| #define PACKAGE_VERSION ""
| #define PACKAGE_STRING ""
| #define PACKAGE_BUGREPORT ""
| #define PACKAGE "libosip2"
| #define VERSION "3.3.0"
| #define STDC_HEADERS 1
| #define HAVE_SYS_TYPES_H 1
| #define HAVE_SYS_STAT_H 1
| #define HAVE_STDLIB_H 1
| #define HAVE_STRING_H 1
| #define HAVE_MEMORY_H 1
| #define HAVE_STRINGS_H 1
| #define HAVE_INTTYPES_H 1
| #define HAVE_STDINT_H 1
| #define HAVE_UNISTD_H 1
| #define HAVE_DLFCN_H 1
| /* end confdefs.h.  */
| #include <ac_nonexistent.h>
configure:6276: checking for mips-linux-g77
configure:6306: result: no
configure:6276: checking for mips-linux-xlf
configure:6306: result: no
configure:6276: checking for mips-linux-f77
configure:6306: result: no
configure:6276: checking for mips-linux-frt
configure:6306: result: no
configure:6276: checking for mips-linux-pgf77
configure:6306: result: no
configure:6276: checking for mips-linux-cf77
configure:6306: result: no
configure:6276: checking for mips-linux-fort77
configure:6306: result: no
configure:6276: checking for mips-linux-fl32
configure:6306: result: no
configure:6276: checking for mips-linux-af77
configure:6306: result: no
configure:6276: checking for mips-linux-xlf90
configure:6306: result: no
configure:6276: checking for mips-linux-f90
configure:6306: result: no
configure:6276: checking for mips-linux-pgf90
configure:6306: result: no
configure:6276: checking for mips-linux-pghpf
configure:6306: result: no
configure:6276: checking for mips-linux-epcf90
configure:6306: result: no
configure:6276: checking for mips-linux-gfortran
configure:6306: result: no
configure:6276: checking for mips-linux-g95
configure:6306: result: no
configure:6276: checking for mips-linux-xlf95
configure:6306: result: no
configure:6276: checking for mips-linux-f95
configure:6306: result: no
configure:6276: checking for mips-linux-fort
configure:6306: result: no
configure:6276: checking for mips-linux-ifort
configure:6306: result: no
configure:6276: checking for mips-linux-ifc
configure:6306: result: no
configure:6276: checking for mips-linux-efc
configure:6306: result: no
configure:6276: checking for mips-linux-pgf95
configure:6306: result: no
configure:6276: checking for mips-linux-lf95
configure:6306: result: no
configure:6276: checking for mips-linux-ftn
configure:6306: result: no
configure:6320: checking for g77
configure:6350: result: no
configure:6320: checking for xlf
configure:6350: result: no
configure:6320: checking for f77
configure:6350: result: no
configure:6320: checking for frt
configure:6350: result: no
configure:6320: checking for pgf77
configure:6350: result: no
configure:6320: checking for cf77
configure:6350: result: no
configure:6320: checking for fort77
configure:6350: result: no
configure:6320: checking for fl32
configure:6350: result: no
configure:6320: checking for af77
configure:6350: result: no
configure:6320: checking for xlf90
configure:6350: result: no
configure:6320: checking for f90
configure:6350: result: no
configure:6320: checking for pgf90
configure:6350: result: no
configure:6320: checking for pghpf
configure:6350: result: no
configure:6320: checking for epcf90
configure:6350: result: no
configure:6320: checking for gfortran
configure:6350: result: no
configure:6320: checking for g95
configure:6350: result: no
configure:6320: checking for xlf95
configure:6350: result: no
configure:6320: checking for f95
configure:6350: result: no
configure:6320: checking for fort
configure:6350: result: no
configure:6320: checking for ifort
configure:6350: result: no
configure:6320: checking for ifc
configure:6350: result: no
configure:6320: checking for efc
configure:6350: result: no
configure:6320: checking for pgf95
configure:6350: result: no
configure:6320: checking for lf95
configure:6350: result: no
configure:6320: checking for ftn
configure:6350: result: no
configure:6377: checking for Fortran 77 compiler version
configure:6384:  --version >&5
../../src/libosip2-3.3.0/configure: line 6385: --version: command not found
configure:6387: $? = 127
configure:6394:  -v >&5
../../src/libosip2-3.3.0/configure: line 6395: -v: command not found
configure:6397: $? = 127
configure:6404:  -V >&5
../../src/libosip2-3.3.0/configure: line 6405: -V: command not found
configure:6407: $? = 127
configure:6415: checking whether we are using the GNU Fortran 77 compiler
configure:6434:  -c  conftest.F >&5
../../src/libosip2-3.3.0/configure: line 6435: -c: command not found
configure:6440: $? = 127
configure: failed program was:
|       program main
| #ifndef __GNUC__
|        choke me
| #endif
| 
|       end
configure:6457: result: no
configure:6463: checking whether  accepts -g
configure:6480:  -c -g conftest.f >&5
../../src/libosip2-3.3.0/configure: line 6481: -c: command not found
configure:6486: $? = 127
configure: failed program was:
|       program main
| 
|       end
configure:6502: result: no
configure:6531: checking the maximum length of command line arguments
configure:6643: result: 805306365
configure:6655: checking command to parse /home/yangjilong/20131119/9344/build/../build/gcc-4.3.3/build_mips/staging_dir/usr//bin/mips-linux-nm -B output from mips-linux-gcc object
configure:6760: mips-linux-gcc -c -g -O2  conftest.c >&5
configure:6763: $? = 0
configure:6767: /home/yangjilong/20131119/9344/build/../build/gcc-4.3.3/build_mips/staging_dir/usr//bin/mips-linux-nm -B conftest.o \| sed -n -e 's/^.*[ 	]\([ABCDGIRSTW][ABCDGIRSTW]*\)[ 	][ 	]*\([_A-Za-z][_A-Za-z0-9]*\)$/\1 \2 \2/p' \> conftest.nm
configure:6770: $? = 0
configure:6822: mips-linux-gcc -o conftest -g -O2   conftest.c conftstm.o >&5
configure:6825: $? = 0
configure:6863: result: ok
configure:6867: checking for objdir
configure:6882: result: .libs
configure:6934: checking for mips-linux-ar
configure:6950: found /home/yangjilong/20131119/9344/build/../build/gcc-4.3.3/build_mips/staging_dir/usr//bin/mips-linux-ar
configure:6961: result: mips-linux-ar
configure:7030: checking for mips-linux-ranlib
configure:7046: found /home/yangjilong/20131119/9344/build/../build/gcc-4.3.3/build_mips/staging_dir/usr//bin/mips-linux-ranlib
configure:7057: result: mips-linux-ranlib
configure:7126: checking for mips-linux-strip
configure:7153: result: mips-linux-uclibc-strip
configure:7791: checking if mips-linux-gcc supports -fno-rtti -fno-exceptions
configure:7809: mips-linux-gcc -c -g -O2  -fno-rtti -fno-exceptions conftest.c >&5
cc1: warning: command line option "-fno-rtti" is valid for C++/ObjC++ but not for C
cc1: warning: command line option "-fno-rtti" is valid for C++/ObjC++ but not for C
configure:7813: $? = 0
configure:7826: result: no
configure:7841: checking for mips-linux-gcc option to produce PIC
configure:8073: result: -fPIC
configure:8081: checking if mips-linux-gcc PIC flag -fPIC works
configure:8099: mips-linux-gcc -c -g -O2  -fPIC -DPIC conftest.c >&5
configure:8103: $? = 0
configure:8116: result: yes
configure:8144: checking if mips-linux-gcc static flag -static works
configure:8172: result: yes
configure:8182: checking if mips-linux-gcc supports -c -o file.o
configure:8203: mips-linux-gcc -c -g -O2  -o out/conftest2.o conftest.c >&5
configure:8207: $? = 0
configure:8229: result: yes
configure:8255: checking whether the mips-linux-gcc linker (/home/yangjilong/20131119/9344/build/gcc-4.3.3/build_mips/staging_dir/usr/mips-linux-uclibc/bin/ld) supports shared libraries
configure:9236: result: yes
configure:9257: checking whether -lc should be explicitly linked in
configure:9262: mips-linux-gcc -c -g -O2  conftest.c >&5
configure:9265: $? = 0
configure:9280: mips-linux-gcc -shared conftest.o  -v -Wl,-soname -Wl,conftest -o conftest 2\>\&1 \| grep  -lc  \>/dev/null 2\>\&1
configure:9283: $? = 0
configure:9295: result: no
configure:9303: checking dynamic linker characteristics
configure:9917: result: GNU/Linux ld.so
configure:9941: checking how to hardcode library paths into programs
configure:9966: result: immediate
configure:9980: checking whether stripping libraries is possible
configure:9985: result: yes
configure:10787: checking if libtool supports shared libraries
configure:10789: result: yes
configure:10792: checking whether to build shared libraries
configure:10813: result: yes
configure:10816: checking whether to build static libraries
configure:10820: result: no
configure:10914: creating libtool
configure:11507: checking for ld used by mips-linux-g++
configure:11574: result: /home/yangjilong/20131119/9344/build/gcc-4.3.3/build_mips/staging_dir/usr/mips-linux-uclibc/bin/ld
configure:11583: checking if the linker (/home/yangjilong/20131119/9344/build/gcc-4.3.3/build_mips/staging_dir/usr/mips-linux-uclibc/bin/ld) is GNU ld
configure:11598: result: yes
configure:11649: checking whether the mips-linux-g++ linker (/home/yangjilong/20131119/9344/build/gcc-4.3.3/build_mips/staging_dir/usr/mips-linux-uclibc/bin/ld) supports shared libraries
configure:12595: result: yes
configure:12612: mips-linux-g++ -c -g -O2  conftest.cpp >&5
configure:12615: $? = 0
configure:12771: checking for mips-linux-g++ option to produce PIC
configure:13055: result: -fPIC
configure:13063: checking if mips-linux-g++ PIC flag -fPIC works
configure:13081: mips-linux-g++ -c -g -O2  -fPIC -DPIC conftest.cpp >&5
configure:13085: $? = 0
configure:13098: result: yes
configure:13126: checking if mips-linux-g++ static flag -static works
configure:13154: result: yes
configure:13164: checking if mips-linux-g++ supports -c -o file.o
configure:13185: mips-linux-g++ -c -g -O2  -o out/conftest2.o conftest.cpp >&5
configure:13189: $? = 0
configure:13211: result: yes
configure:13237: checking whether the mips-linux-g++ linker (/home/yangjilong/20131119/9344/build/gcc-4.3.3/build_mips/staging_dir/usr/mips-linux-uclibc/bin/ld) supports shared libraries
configure:13266: result: yes
configure:13333: checking dynamic linker characteristics
configure:13895: result: GNU/Linux ld.so
configure:13919: checking how to hardcode library paths into programs
configure:13944: result: immediate
configure:20432: checking for the pthreads library -lpthreads
configure:20475: mips-linux-gcc -o conftest -g -O2    conftest.c -lpthreads  >&5
/home/yangjilong/20131119/9344/build/gcc-4.3.3/build_mips/staging_dir/usr/bin-ccache/../lib/gcc/mips-linux-uclibc/4.3.3/../../../../mips-linux-uclibc/bin/ld: cannot find -lpthreads
collect2: ld returned 1 exit status
configure:20481: $? = 1
configure: failed program was:
| /* confdefs.h.  */
| #define PACKAGE_NAME ""
| #define PACKAGE_TARNAME ""
| #define PACKAGE_VERSION ""
| #define PACKAGE_STRING ""
| #define PACKAGE_BUGREPORT ""
| #define PACKAGE "libosip2"
| #define VERSION "3.3.0"
| #define STDC_HEADERS 1
| #define HAVE_SYS_TYPES_H 1
| #define HAVE_SYS_STAT_H 1
| #define HAVE_STDLIB_H 1
| #define HAVE_STRING_H 1
| #define HAVE_MEMORY_H 1
| #define HAVE_STRINGS_H 1
| #define HAVE_INTTYPES_H 1
| #define HAVE_STDINT_H 1
| #define HAVE_UNISTD_H 1
| #define HAVE_DLFCN_H 1
| /* end confdefs.h.  */
| #include <pthread.h>
| int
| main ()
| {
| pthread_t th; pthread_join(th, 0);
|                      pthread_attr_init(0); pthread_cleanup_push(0, 0);
|                      pthread_create(0,0,0,0); pthread_cleanup_pop(0);
|   ;
|   return 0;
| }
configure:20501: result: no
configure:20421: checking whether pthreads work without any flags
configure:20475: mips-linux-gcc -o conftest -g -O2    conftest.c   >&5
/tmp/ccdW8Djd.o: In function `main':
/home/yangjilong/20131119/9344/apps/cacm/build/libosip/conftest.c:25: undefined reference to `pthread_join'
/home/yangjilong/20131119/9344/apps/cacm/build/libosip/conftest.c:27: undefined reference to `pthread_create'
collect2: ld returned 1 exit status
configure:20481: $? = 1
configure: failed program was:
| /* confdefs.h.  */
| #define PACKAGE_NAME ""
| #define PACKAGE_TARNAME ""
| #define PACKAGE_VERSION ""
| #define PACKAGE_STRING ""
| #define PACKAGE_BUGREPORT ""
| #define PACKAGE "libosip2"
| #define VERSION "3.3.0"
| #define STDC_HEADERS 1
| #define HAVE_SYS_TYPES_H 1
| #define HAVE_SYS_STAT_H 1
| #define HAVE_STDLIB_H 1
| #define HAVE_STRING_H 1
| #define HAVE_MEMORY_H 1
| #define HAVE_STRINGS_H 1
| #define HAVE_INTTYPES_H 1
| #define HAVE_STDINT_H 1
| #define HAVE_UNISTD_H 1
| #define HAVE_DLFCN_H 1
| /* end confdefs.h.  */
| #include <pthread.h>
| int
| main ()
| {
| pthread_t th; pthread_join(th, 0);
|                      pthread_attr_init(0); pthread_cleanup_push(0, 0);
|                      pthread_create(0,0,0,0); pthread_cleanup_pop(0);
|   ;
|   return 0;
| }
configure:20501: result: no
configure:20426: checking whether pthreads work with -Kthread
configure:20475: mips-linux-gcc -o conftest -g -O2 -Kthread   conftest.c   >&5
mips-linux-gcc: unrecognized option '-Kthread'
/tmp/cc3BUDbl.o: In function `main':
/home/yangjilong/20131119/9344/apps/cacm/build/libosip/conftest.c:25: undefined reference to `pthread_join'
/home/yangjilong/20131119/9344/apps/cacm/build/libosip/conftest.c:27: undefined reference to `pthread_create'
collect2: ld returned 1 exit status
configure:20481: $? = 1
configure: failed program was:
| /* confdefs.h.  */
| #define PACKAGE_NAME ""
| #define PACKAGE_TARNAME ""
| #define PACKAGE_VERSION ""
| #define PACKAGE_STRING ""
| #define PACKAGE_BUGREPORT ""
| #define PACKAGE "libosip2"
| #define VERSION "3.3.0"
| #define STDC_HEADERS 1
| #define HAVE_SYS_TYPES_H 1
| #define HAVE_SYS_STAT_H 1
| #define HAVE_STDLIB_H 1
| #define HAVE_STRING_H 1
| #define HAVE_MEMORY_H 1
| #define HAVE_STRINGS_H 1
| #define HAVE_INTTYPES_H 1
| #define HAVE_STDINT_H 1
| #define HAVE_UNISTD_H 1
| #define HAVE_DLFCN_H 1
| /* end confdefs.h.  */
| #include <pthread.h>
| int
| main ()
| {
| pthread_t th; pthread_join(th, 0);
|                      pthread_attr_init(0); pthread_cleanup_push(0, 0);
|                      pthread_create(0,0,0,0); pthread_cleanup_pop(0);
|   ;
|   return 0;
| }
configure:20501: result: no
configure:20426: checking whether pthreads work with -kthread
configure:20475: mips-linux-gcc -o conftest -g -O2 -kthread   conftest.c   >&5
mips-linux-gcc: unrecognized option '-kthread'
/tmp/ccZw1gBs.o: In function `main':
/home/yangjilong/20131119/9344/apps/cacm/build/libosip/conftest.c:25: undefined reference to `pthread_join'
/home/yangjilong/20131119/9344/apps/cacm/build/libosip/conftest.c:27: undefined reference to `pthread_create'
collect2: ld returned 1 exit status
configure:20481: $? = 1
configure: failed program was:
| /* confdefs.h.  */
| #define PACKAGE_NAME ""
| #define PACKAGE_TARNAME ""
| #define PACKAGE_VERSION ""
| #define PACKAGE_STRING ""
| #define PACKAGE_BUGREPORT ""
| #define PACKAGE "libosip2"
| #define VERSION "3.3.0"
| #define STDC_HEADERS 1
| #define HAVE_SYS_TYPES_H 1
| #define HAVE_SYS_STAT_H 1
| #define HAVE_STDLIB_H 1
| #define HAVE_STRING_H 1
| #define HAVE_MEMORY_H 1
| #define HAVE_STRINGS_H 1
| #define HAVE_INTTYPES_H 1
| #define HAVE_STDINT_H 1
| #define HAVE_UNISTD_H 1
| #define HAVE_DLFCN_H 1
| /* end confdefs.h.  */
| #include <pthread.h>
| int
| main ()
| {
| pthread_t th; pthread_join(th, 0);
|                      pthread_attr_init(0); pthread_cleanup_push(0, 0);
|                      pthread_create(0,0,0,0); pthread_cleanup_pop(0);
|   ;
|   return 0;
| }
configure:20501: result: no
configure:20432: checking for the pthreads library -llthread
configure:20475: mips-linux-gcc -o conftest -g -O2    conftest.c -llthread  >&5
/home/yangjilong/20131119/9344/build/gcc-4.3.3/build_mips/staging_dir/usr/bin-ccache/../lib/gcc/mips-linux-uclibc/4.3.3/../../../../mips-linux-uclibc/bin/ld: cannot find -llthread
collect2: ld returned 1 exit status
configure:20481: $? = 1
configure: failed program was:
| /* confdefs.h.  */
| #define PACKAGE_NAME ""
| #define PACKAGE_TARNAME ""
| #define PACKAGE_VERSION ""
| #define PACKAGE_STRING ""
| #define PACKAGE_BUGREPORT ""
| #define PACKAGE "libosip2"
| #define VERSION "3.3.0"
| #define STDC_HEADERS 1
| #define HAVE_SYS_TYPES_H 1
| #define HAVE_SYS_STAT_H 1
| #define HAVE_STDLIB_H 1
| #define HAVE_STRING_H 1
| #define HAVE_MEMORY_H 1
| #define HAVE_STRINGS_H 1
| #define HAVE_INTTYPES_H 1
| #define HAVE_STDINT_H 1
| #define HAVE_UNISTD_H 1
| #define HAVE_DLFCN_H 1
| /* end confdefs.h.  */
| #include <pthread.h>
| int
| main ()
| {
| pthread_t th; pthread_join(th, 0);
|                      pthread_attr_init(0); pthread_cleanup_push(0, 0);
|                      pthread_create(0,0,0,0); pthread_cleanup_pop(0);
|   ;
|   return 0;
| }
configure:20501: result: no
configure:20426: checking whether pthreads work with -pthread
configure:20475: mips-linux-gcc -o conftest -g -O2 -pthread   conftest.c   >&5
configure:20481: $? = 0
configure:20501: result: yes
configure:20521: checking for joinable pthread attribute
configure:20544: mips-linux-gcc -o conftest -g -O2 -pthread   conftest.c   >&5
configure:20550: $? = 0
configure:20618: result: PTHREAD_CREATE_JOINABLE
configure:20625: checking if more special flags are required for pthreads
configure:20632: result: no
configure:20644: checking for cc_r
configure:20672: result: mips-linux-gcc
configure:21031: checking semaphore.h usability
configure:21048: mips-linux-gcc -c -g -O2  conftest.c >&5
configure:21054: $? = 0
configure:21068: result: yes
configure:21072: checking semaphore.h presence
configure:21087: mips-linux-gcc -E  conftest.c
configure:21093: $? = 0
configure:21107: result: yes
configure:21135: checking for semaphore.h
configure:21143: result: yes
configure:21171: checking sys/sem.h usability
configure:21188: mips-linux-gcc -c -g -O2  conftest.c >&5
configure:21194: $? = 0
configure:21208: result: yes
configure:21212: checking sys/sem.h presence
configure:21227: mips-linux-gcc -E  conftest.c
configure:21233: $? = 0
configure:21247: result: yes
configure:21275: checking for sys/sem.h
configure:21283: result: yes
configure:21319: Cross compiling osip.
configure:21515: checking for sem_open in -lposix4
configure:21550: mips-linux-gcc -o conftest -g    conftest.c -lposix4   >&5
/home/yangjilong/20131119/9344/build/gcc-4.3.3/build_mips/staging_dir/usr/bin-ccache/../lib/gcc/mips-linux-uclibc/4.3.3/../../../../mips-linux-uclibc/bin/ld: cannot find -lposix4
collect2: ld returned 1 exit status
configure:21556: $? = 1
configure: failed program was:
| /* confdefs.h.  */
| #define PACKAGE_NAME ""
| #define PACKAGE_TARNAME ""
| #define PACKAGE_VERSION ""
| #define PACKAGE_STRING ""
| #define PACKAGE_BUGREPORT ""
| #define PACKAGE "libosip2"
| #define VERSION "3.3.0"
| #define STDC_HEADERS 1
| #define HAVE_SYS_TYPES_H 1
| #define HAVE_SYS_STAT_H 1
| #define HAVE_STDLIB_H 1
| #define HAVE_STRING_H 1
| #define HAVE_MEMORY_H 1
| #define HAVE_STRINGS_H 1
| #define HAVE_INTTYPES_H 1
| #define HAVE_STDINT_H 1
| #define HAVE_UNISTD_H 1
| #define HAVE_DLFCN_H 1
| #define HAVE_PTHREAD 1
| #define HAVE_SEMAPHORE_H 1
| #define HAVE_SYS_SEM_H 1
| /* end confdefs.h.  */
| 
| /* Override any GCC internal prototype to avoid an error.
|    Use char because int might match the return type of a GCC
|    builtin and then its argument prototype would still apply.  */
| #ifdef __cplusplus
| extern "C"
| #endif
| char sem_open ();
| int
| main ()
| {
| return sem_open ();
|   ;
|   return 0;
| }
configure:21574: result: no
configure:21580: checking for nis_add in -lnsl
configure:21615: mips-linux-gcc -o conftest -g    conftest.c -lnsl   >&5
/tmp/ccgaf7k5.o: In function `main':
/home/yangjilong/20131119/9344/apps/cacm/build/libosip/conftest.c:35: undefined reference to `nis_add'
collect2: ld returned 1 exit status
configure:21621: $? = 1
configure: failed program was:
| /* confdefs.h.  */
| #define PACKAGE_NAME ""
| #define PACKAGE_TARNAME ""
| #define PACKAGE_VERSION ""
| #define PACKAGE_STRING ""
| #define PACKAGE_BUGREPORT ""
| #define PACKAGE "libosip2"
| #define VERSION "3.3.0"
| #define STDC_HEADERS 1
| #define HAVE_SYS_TYPES_H 1
| #define HAVE_SYS_STAT_H 1
| #define HAVE_STDLIB_H 1
| #define HAVE_STRING_H 1
| #define HAVE_MEMORY_H 1
| #define HAVE_STRINGS_H 1
| #define HAVE_INTTYPES_H 1
| #define HAVE_STDINT_H 1
| #define HAVE_UNISTD_H 1
| #define HAVE_DLFCN_H 1
| #define HAVE_PTHREAD 1
| #define HAVE_SEMAPHORE_H 1
| #define HAVE_SYS_SEM_H 1
| /* end confdefs.h.  */
| 
| /* Override any GCC internal prototype to avoid an error.
|    Use char because int might match the return type of a GCC
|    builtin and then its argument prototype would still apply.  */
| #ifdef __cplusplus
| extern "C"
| #endif
| char nis_add ();
| int
| main ()
| {
| return nis_add ();
|   ;
|   return 0;
| }
configure:21639: result: no
configure:21645: checking for sendto in -lsocket
configure:21680: mips-linux-gcc -o conftest -g    conftest.c -lsocket   >&5
/home/yangjilong/20131119/9344/build/gcc-4.3.3/build_mips/staging_dir/usr/bin-ccache/../lib/gcc/mips-linux-uclibc/4.3.3/../../../../mips-linux-uclibc/bin/ld: cannot find -lsocket
collect2: ld returned 1 exit status
configure:21686: $? = 1
configure: failed program was:
| /* confdefs.h.  */
| #define PACKAGE_NAME ""
| #define PACKAGE_TARNAME ""
| #define PACKAGE_VERSION ""
| #define PACKAGE_STRING ""
| #define PACKAGE_BUGREPORT ""
| #define PACKAGE "libosip2"
| #define VERSION "3.3.0"
| #define STDC_HEADERS 1
| #define HAVE_SYS_TYPES_H 1
| #define HAVE_SYS_STAT_H 1
| #define HAVE_STDLIB_H 1
| #define HAVE_STRING_H 1
| #define HAVE_MEMORY_H 1
| #define HAVE_STRINGS_H 1
| #define HAVE_INTTYPES_H 1
| #define HAVE_STDINT_H 1
| #define HAVE_UNISTD_H 1
| #define HAVE_DLFCN_H 1
| #define HAVE_PTHREAD 1
| #define HAVE_SEMAPHORE_H 1
| #define HAVE_SYS_SEM_H 1
| /* end confdefs.h.  */
| 
| /* Override any GCC internal prototype to avoid an error.
|    Use char because int might match the return type of a GCC
|    builtin and then its argument prototype would still apply.  */
| #ifdef __cplusplus
| extern "C"
| #endif
| char sendto ();
| int
| main ()
| {
| return sendto ();
|   ;
|   return 0;
| }
configure:21704: result: no
configure:21710: checking for lrand48 in -lc
configure:21745: mips-linux-gcc -o conftest -g    conftest.c -lc   >&5
configure:21751: $? = 0
configure:21769: result: yes
configure:21780: checking whether -Wall works
configure:21809: mips-linux-gcc -c -g  -Wall conftest.c >&5
configure:21815: $? = 0
configure:21832: result: yes
configure:21839: checking whether -Wcast-align works
configure:21868: mips-linux-gcc -c -g  -Wcast-align conftest.c >&5
configure:21874: $? = 0
configure:21891: result: yes
configure:21898: checking whether -Wchar-subscripts works
configure:21927: mips-linux-gcc -c -g  -Wchar-subscripts conftest.c >&5
configure:21933: $? = 0
configure:21950: result: yes
configure:21957: checking whether -Wformat works
configure:21986: mips-linux-gcc -c -g  -Wformat conftest.c >&5
configure:21992: $? = 0
configure:22009: result: yes
configure:22016: checking whether -Winline works
configure:22045: mips-linux-gcc -c -g  -Winline conftest.c >&5
configure:22051: $? = 0
configure:22068: result: yes
configure:22075: checking whether -Wmissing-declarations works
configure:22104: mips-linux-gcc -c -g  -Wmissing-declarations conftest.c >&5
configure:22110: $? = 0
configure:22127: result: yes
configure:22134: checking whether -Wmissing-prototypes works
configure:22163: mips-linux-gcc -c -g  -Wmissing-prototypes conftest.c >&5
configure:22169: $? = 0
configure:22186: result: yes
configure:22193: checking whether -Wnested-externs works
configure:22222: mips-linux-gcc -c -g  -Wnested-externs conftest.c >&5
configure:22228: $? = 0
configure:22245: result: yes
configure:22252: checking whether -Wpointer-arith works
configure:22281: mips-linux-gcc -c -g  -Wpointer-arith conftest.c >&5
configure:22287: $? = 0
configure:22304: result: yes
configure:22324: checking for ANSI C header files
configure:22488: result: yes
configure:22503: checking for string.h
configure:22509: result: yes
configure:22643: checking for strings.h
configure:22649: result: yes
configure:22783: checking for stdlib.h
configure:22789: result: yes
configure:22923: checking for unistd.h
configure:22929: result: yes
configure:23063: checking for sys/types.h
configure:23069: result: yes
configure:23214: checking sys/unistd.h usability
configure:23231: mips-linux-gcc -c -g   -Wall -Wcast-align -Wchar-subscripts -Wformat -Winline -Wmissing-declarations -Wmissing-prototypes -Wnested-externs -Wpointer-arith conftest.c >&5
configure:23237: $? = 0
configure:23251: result: yes
configure:23255: checking sys/unistd.h presence
configure:23270: mips-linux-gcc -E  -Wall -Wcast-align -Wchar-subscripts -Wformat -Winline -Wmissing-declarations -Wmissing-prototypes -Wnested-externs -Wpointer-arith conftest.c
configure:23276: $? = 0
configure:23290: result: yes
configure:23318: checking for sys/unistd.h
configure:23326: result: yes
configure:23354: checking syslog.h usability
configure:23371: mips-linux-gcc -c -g   -Wall -Wcast-align -Wchar-subscripts -Wformat -Winline -Wmissing-declarations -Wmissing-prototypes -Wnested-externs -Wpointer-arith conftest.c >&5
configure:23377: $? = 0
configure:23391: result: yes
configure:23395: checking syslog.h presence
configure:23410: mips-linux-gcc -E  -Wall -Wcast-align -Wchar-subscripts -Wformat -Winline -Wmissing-declarations -Wmissing-prototypes -Wnested-externs -Wpointer-arith conftest.c
configure:23416: $? = 0
configure:23430: result: yes
configure:23458: checking for syslog.h
configure:23466: result: yes
configure:23494: checking ctype.h usability
configure:23511: mips-linux-gcc -c -g   -Wall -Wcast-align -Wchar-subscripts -Wformat -Winline -Wmissing-declarations -Wmissing-prototypes -Wnested-externs -Wpointer-arith conftest.c >&5
configure:23517: $? = 0
configure:23531: result: yes
configure:23535: checking ctype.h presence
configure:23550: mips-linux-gcc -E  -Wall -Wcast-align -Wchar-subscripts -Wformat -Winline -Wmissing-declarations -Wmissing-prototypes -Wnested-externs -Wpointer-arith conftest.c
configure:23556: $? = 0
configure:23570: result: yes
configure:23598: checking for ctype.h
configure:23606: result: yes
configure:23634: checking stdio.h usability
configure:23651: mips-linux-gcc -c -g   -Wall -Wcast-align -Wchar-subscripts -Wformat -Winline -Wmissing-declarations -Wmissing-prototypes -Wnested-externs -Wpointer-arith conftest.c >&5
configure:23657: $? = 0
configure:23671: result: yes
configure:23675: checking stdio.h presence
configure:23690: mips-linux-gcc -E  -Wall -Wcast-align -Wchar-subscripts -Wformat -Winline -Wmissing-declarations -Wmissing-prototypes -Wnested-externs -Wpointer-arith conftest.c
configure:23696: $? = 0
configure:23710: result: yes
configure:23738: checking for stdio.h
configure:23746: result: yes
configure:23774: checking stdarg.h usability
configure:23791: mips-linux-gcc -c -g   -Wall -Wcast-align -Wchar-subscripts -Wformat -Winline -Wmissing-declarations -Wmissing-prototypes -Wnested-externs -Wpointer-arith conftest.c >&5
configure:23797: $? = 0
configure:23811: result: yes
configure:23815: checking stdarg.h presence
configure:23830: mips-linux-gcc -E  -Wall -Wcast-align -Wchar-subscripts -Wformat -Winline -Wmissing-declarations -Wmissing-prototypes -Wnested-externs -Wpointer-arith conftest.c
configure:23836: $? = 0
configure:23850: result: yes
configure:23878: checking for stdarg.h
configure:23886: result: yes
configure:23914: checking varargs.h usability
configure:23931: mips-linux-gcc -c -g   -Wall -Wcast-align -Wchar-subscripts -Wformat -Winline -Wmissing-declarations -Wmissing-prototypes -Wnested-externs -Wpointer-arith conftest.c >&5
In file included from conftest.c:69:
/home/yangjilong/20131119/9344/build/gcc-4.3.3/build_mips/staging_dir/usr/bin-ccache/../lib/gcc/mips-linux-uclibc/4.3.3/include/varargs.h:4:2: error: #error "GCC no longer implements <varargs.h>."
/home/yangjilong/20131119/9344/build/gcc-4.3.3/build_mips/staging_dir/usr/bin-ccache/../lib/gcc/mips-linux-uclibc/4.3.3/include/varargs.h:5:2: error: #error "Revise your code to use <stdarg.h>."
configure:23937: $? = 1
configure: failed program was:
| /* confdefs.h.  */
| #define PACKAGE_NAME ""
| #define PACKAGE_TARNAME ""
| #define PACKAGE_VERSION ""
| #define PACKAGE_STRING ""
| #define PACKAGE_BUGREPORT ""
| #define PACKAGE "libosip2"
| #define VERSION "3.3.0"
| #define STDC_HEADERS 1
| #define HAVE_SYS_TYPES_H 1
| #define HAVE_SYS_STAT_H 1
| #define HAVE_STDLIB_H 1
| #define HAVE_STRING_H 1
| #define HAVE_MEMORY_H 1
| #define HAVE_STRINGS_H 1
| #define HAVE_INTTYPES_H 1
| #define HAVE_STDINT_H 1
| #define HAVE_UNISTD_H 1
| #define HAVE_DLFCN_H 1
| #define HAVE_PTHREAD 1
| #define HAVE_SEMAPHORE_H 1
| #define HAVE_SYS_SEM_H 1
| #define HAVE_LRAND48
| #define STDC_HEADERS 1
| #define HAVE_STRING_H 1
| #define HAVE_STRINGS_H 1
| #define HAVE_STDLIB_H 1
| #define HAVE_UNISTD_H 1
| #define HAVE_SYS_TYPES_H 1
| #define HAVE_SYS_UNISTD_H 1
| #define HAVE_SYSLOG_H 1
| #define HAVE_CTYPE_H 1
| #define HAVE_STDIO_H 1
| #define HAVE_STDARG_H 1
| /* end confdefs.h.  */
| #include <stdio.h>
| #ifdef HAVE_SYS_TYPES_H
| # include <sys/types.h>
| #endif
| #ifdef HAVE_SYS_STAT_H
| # include <sys/stat.h>
| #endif
| #ifdef STDC_HEADERS
| # include <stdlib.h>
| # include <stddef.h>
| #else
| # ifdef HAVE_STDLIB_H
| #  include <stdlib.h>
| # endif
| #endif
| #ifdef HAVE_STRING_H
| # if !defined STDC_HEADERS && defined HAVE_MEMORY_H
| #  include <memory.h>
| # endif
| # include <string.h>
| #endif
| #ifdef HAVE_STRINGS_H
| # include <strings.h>
| #endif
| #ifdef HAVE_INTTYPES_H
| # include <inttypes.h>
| #endif
| #ifdef HAVE_STDINT_H
| # include <stdint.h>
| #endif
| #ifdef HAVE_UNISTD_H
| # include <unistd.h>
| #endif
| #include <varargs.h>
configure:23951: result: no
configure:23955: checking varargs.h presence
configure:23970: mips-linux-gcc -E  -Wall -Wcast-align -Wchar-subscripts -Wformat -Winline -Wmissing-declarations -Wmissing-prototypes -Wnested-externs -Wpointer-arith conftest.c
In file included from conftest.c:36:
/home/yangjilong/20131119/9344/build/gcc-4.3.3/build_mips/staging_dir/usr/bin-ccache/../lib/gcc/mips-linux-uclibc/4.3.3/include/varargs.h:4:2: error: #error "GCC no longer implements <varargs.h>."
/home/yangjilong/20131119/9344/build/gcc-4.3.3/build_mips/staging_dir/usr/bin-ccache/../lib/gcc/mips-linux-uclibc/4.3.3/include/varargs.h:5:2: error: #error "Revise your code to use <stdarg.h>."
configure:23976: $? = 1
configure: failed program was:
| /* confdefs.h.  */
| #define PACKAGE_NAME ""
| #define PACKAGE_TARNAME ""
| #define PACKAGE_VERSION ""
| #define PACKAGE_STRING ""
| #define PACKAGE_BUGREPORT ""
| #define PACKAGE "libosip2"
| #define VERSION "3.3.0"
| #define STDC_HEADERS 1
| #define HAVE_SYS_TYPES_H 1
| #define HAVE_SYS_STAT_H 1
| #define HAVE_STDLIB_H 1
| #define HAVE_STRING_H 1
| #define HAVE_MEMORY_H 1
| #define HAVE_STRINGS_H 1
| #define HAVE_INTTYPES_H 1
| #define HAVE_STDINT_H 1
| #define HAVE_UNISTD_H 1
| #define HAVE_DLFCN_H 1
| #define HAVE_PTHREAD 1
| #define HAVE_SEMAPHORE_H 1
| #define HAVE_SYS_SEM_H 1
| #define HAVE_LRAND48
| #define STDC_HEADERS 1
| #define HAVE_STRING_H 1
| #define HAVE_STRINGS_H 1
| #define HAVE_STDLIB_H 1
| #define HAVE_UNISTD_H 1
| #define HAVE_SYS_TYPES_H 1
| #define HAVE_SYS_UNISTD_H 1
| #define HAVE_SYSLOG_H 1
| #define HAVE_CTYPE_H 1
| #define HAVE_STDIO_H 1
| #define HAVE_STDARG_H 1
| /* end confdefs.h.  */
| #include <varargs.h>
configure:23990: result: no
configure:24018: checking for varargs.h
configure:24026: result: no
configure:24054: checking fcntl.h usability
configure:24071: mips-linux-gcc -c -g   -Wall -Wcast-align -Wchar-subscripts -Wformat -Winline -Wmissing-declarations -Wmissing-prototypes -Wnested-externs -Wpointer-arith conftest.c >&5
configure:24077: $? = 0
configure:24091: result: yes
configure:24095: checking fcntl.h presence
configure:24110: mips-linux-gcc -E  -Wall -Wcast-align -Wchar-subscripts -Wformat -Winline -Wmissing-declarations -Wmissing-prototypes -Wnested-externs -Wpointer-arith conftest.c
configure:24116: $? = 0
configure:24130: result: yes
configure:24158: checking for fcntl.h
configure:24166: result: yes
configure:24194: checking time.h usability
configure:24211: mips-linux-gcc -c -g   -Wall -Wcast-align -Wchar-subscripts -Wformat -Winline -Wmissing-declarations -Wmissing-prototypes -Wnested-externs -Wpointer-arith conftest.c >&5
configure:24217: $? = 0
configure:24231: result: yes
configure:24235: checking time.h presence
configure:24250: mips-linux-gcc -E  -Wall -Wcast-align -Wchar-subscripts -Wformat -Winline -Wmissing-declarations -Wmissing-prototypes -Wnested-externs -Wpointer-arith conftest.c
configure:24256: $? = 0
configure:24270: result: yes
configure:24298: checking for time.h
configure:24306: result: yes
configure:24334: checking sys/time.h usability
configure:24351: mips-linux-gcc -c -g   -Wall -Wcast-align -Wchar-subscripts -Wformat -Winline -Wmissing-declarations -Wmissing-prototypes -Wnested-externs -Wpointer-arith conftest.c >&5
configure:24357: $? = 0
configure:24371: result: yes
configure:24375: checking sys/time.h presence
configure:24390: mips-linux-gcc -E  -Wall -Wcast-align -Wchar-subscripts -Wformat -Winline -Wmissing-declarations -Wmissing-prototypes -Wnested-externs -Wpointer-arith conftest.c
configure:24396: $? = 0
configure:24410: result: yes
configure:24438: checking for sys/time.h
configure:24446: result: yes
configure:24474: checking sys/select.h usability
configure:24491: mips-linux-gcc -c -g   -Wall -Wcast-align -Wchar-subscripts -Wformat -Winline -Wmissing-declarations -Wmissing-prototypes -Wnested-externs -Wpointer-arith conftest.c >&5
configure:24497: $? = 0
configure:24511: result: yes
configure:24515: checking sys/select.h presence
configure:24530: mips-linux-gcc -E  -Wall -Wcast-align -Wchar-subscripts -Wformat -Winline -Wmissing-declarations -Wmissing-prototypes -Wnested-externs -Wpointer-arith conftest.c
configure:24536: $? = 0
configure:24550: result: yes
configure:24578: checking for sys/select.h
configure:24586: result: yes
configure:24614: checking assert.h usability
configure:24631: mips-linux-gcc -c -g   -Wall -Wcast-align -Wchar-subscripts -Wformat -Winline -Wmissing-declarations -Wmissing-prototypes -Wnested-externs -Wpointer-arith conftest.c >&5
configure:24637: $? = 0
configure:24651: result: yes
configure:24655: checking assert.h presence
configure:24670: mips-linux-gcc -E  -Wall -Wcast-align -Wchar-subscripts -Wformat -Winline -Wmissing-declarations -Wmissing-prototypes -Wnested-externs -Wpointer-arith conftest.c
configure:24676: $? = 0
configure:24690: result: yes
configure:24718: checking for assert.h
configure:24726: result: yes
configure:24754: checking signal.h usability
configure:24771: mips-linux-gcc -c -g   -Wall -Wcast-align -Wchar-subscripts -Wformat -Winline -Wmissing-declarations -Wmissing-prototypes -Wnested-externs -Wpointer-arith conftest.c >&5
configure:24777: $? = 0
configure:24791: result: yes
configure:24795: checking signal.h presence
configure:24810: mips-linux-gcc -E  -Wall -Wcast-align -Wchar-subscripts -Wformat -Winline -Wmissing-declarations -Wmissing-prototypes -Wnested-externs -Wpointer-arith conftest.c
configure:24816: $? = 0
configure:24830: result: yes
configure:24858: checking for signal.h
configure:24866: result: yes
configure:24894: checking sys/signal.h usability
configure:24911: mips-linux-gcc -c -g   -Wall -Wcast-align -Wchar-subscripts -Wformat -Winline -Wmissing-declarations -Wmissing-prototypes -Wnested-externs -Wpointer-arith conftest.c >&5
configure:24917: $? = 0
configure:24931: result: yes
configure:24935: checking sys/signal.h presence
configure:24950: mips-linux-gcc -E  -Wall -Wcast-align -Wchar-subscripts -Wformat -Winline -Wmissing-declarations -Wmissing-prototypes -Wnested-externs -Wpointer-arith conftest.c
configure:24956: $? = 0
configure:24970: result: yes
configure:24998: checking for sys/signal.h
configure:25006: result: yes
configure:25034: checking malloc.h usability
configure:25051: mips-linux-gcc -c -g   -Wall -Wcast-align -Wchar-subscripts -Wformat -Winline -Wmissing-declarations -Wmissing-prototypes -Wnested-externs -Wpointer-arith conftest.c >&5
configure:25057: $? = 0
configure:25071: result: yes
configure:25075: checking malloc.h presence
configure:25090: mips-linux-gcc -E  -Wall -Wcast-align -Wchar-subscripts -Wformat -Winline -Wmissing-declarations -Wmissing-prototypes -Wnested-externs -Wpointer-arith conftest.c
configure:25096: $? = 0
configure:25110: result: yes
configure:25138: checking for malloc.h
configure:25146: result: yes
configure:25160: checking for struct timeval
configure:25202: mips-linux-gcc -c -g   -Wall -Wcast-align -Wchar-subscripts -Wformat -Winline -Wmissing-declarations -Wmissing-prototypes -Wnested-externs -Wpointer-arith conftest.c >&5
configure:25208: $? = 0
configure:25223: result: yes
configure:25386: creating ./config.status

## ---------------------- ##
## Running config.status. ##
## ---------------------- ##

This file was extended by config.status, which was
generated by GNU Autoconf 2.61.  Invocation command line was

  CONFIG_FILES    = 
  CONFIG_HEADERS  = 
  CONFIG_LINKS    = 
  CONFIG_COMMANDS = 
  $ ./config.status 

on atheros-server

config.status:704: creating libosip2.pc
config.status:704: creating Makefile
config.status:704: creating scripts/Makefile
config.status:704: creating src/Makefile
config.status:704: creating src/osipparser2/Makefile
config.status:704: creating src/osip2/Makefile
config.status:704: creating src/test/Makefile
config.status:704: creating src/test/res/Makefile
config.status:704: creating include/Makefile
config.status:704: creating include/osip2/Makefile
config.status:704: creating include/osipparser2/Makefile
config.status:704: creating include/osipparser2/headers/Makefile
config.status:704: creating help/Makefile
config.status:704: creating help/man/Makefile
config.status:704: creating help/doxygen/Makefile
config.status:704: creating platform/Makefile
config.status:704: creating platform/rpm/Makefile
config.status:704: creating platform/vsnet/Makefile
config.status:704: creating platform/wince/Makefile
config.status:704: creating include/osip2/doxygen.dox
config.status:704: creating config.h
config.status:942: config.h is unchanged
config.status:988: executing depfiles commands

## ---------------- ##
## Cache variables. ##
## ---------------- ##

ac_cv_build=i686-pc-linux-gnu
ac_cv_c_compiler_gnu=yes
ac_cv_cxx_compiler_gnu=yes
ac_cv_env_CCC_set=
ac_cv_env_CCC_value=
ac_cv_env_CC_set=
ac_cv_env_CC_value=
ac_cv_env_CFLAGS_set=
ac_cv_env_CFLAGS_value=
ac_cv_env_CPPFLAGS_set=
ac_cv_env_CPPFLAGS_value=
ac_cv_env_CPP_set=
ac_cv_env_CPP_value=
ac_cv_env_CXXCPP_set=
ac_cv_env_CXXCPP_value=
ac_cv_env_CXXFLAGS_set=
ac_cv_env_CXXFLAGS_value=
ac_cv_env_CXX_set=
ac_cv_env_CXX_value=
ac_cv_env_F77_set=
ac_cv_env_F77_value=
ac_cv_env_FFLAGS_set=
ac_cv_env_FFLAGS_value=
ac_cv_env_LDFLAGS_set=
ac_cv_env_LDFLAGS_value=
ac_cv_env_LIBS_set=
ac_cv_env_LIBS_value=
ac_cv_env_build_alias_set=
ac_cv_env_build_alias_value=
ac_cv_env_host_alias_set=set
ac_cv_env_host_alias_value=mips-linux
ac_cv_env_target_alias_set=
ac_cv_env_target_alias_value=
ac_cv_f77_compiler_gnu=no
ac_cv_header_assert_h=yes
ac_cv_header_ctype_h=yes
ac_cv_header_dlfcn_h=yes
ac_cv_header_fcntl_h=yes
ac_cv_header_inttypes_h=yes
ac_cv_header_malloc_h=yes
ac_cv_header_memory_h=yes
ac_cv_header_semaphore_h=yes
ac_cv_header_signal_h=yes
ac_cv_header_stdarg_h=yes
ac_cv_header_stdc=yes
ac_cv_header_stdint_h=yes
ac_cv_header_stdio_h=yes
ac_cv_header_stdlib_h=yes
ac_cv_header_string_h=yes
ac_cv_header_strings_h=yes
ac_cv_header_sys_select_h=yes
ac_cv_header_sys_sem_h=yes
ac_cv_header_sys_signal_h=yes
ac_cv_header_sys_stat_h=yes
ac_cv_header_sys_time_h=yes
ac_cv_header_sys_types_h=yes
ac_cv_header_sys_unistd_h=yes
ac_cv_header_syslog_h=yes
ac_cv_header_time_h=yes
ac_cv_header_unistd_h=yes
ac_cv_header_varargs_h=no
ac_cv_host=mips-unknown-linux-gnu
ac_cv_lib_c_lrand48=yes
ac_cv_lib_nsl_nis_add=no
ac_cv_lib_posix4_sem_open=no
ac_cv_lib_socket_sendto=no
ac_cv_objext=o
ac_cv_path_EGREP='/bin/grep -E'
ac_cv_path_GREP=/bin/grep
ac_cv_path_install='/usr/bin/install -c'
ac_cv_prog_AR=mips-linux-ar
ac_cv_prog_AWK=mawk
ac_cv_prog_CC=mips-linux-gcc
ac_cv_prog_CPP='mips-linux-gcc -E'
ac_cv_prog_CXX=mips-linux-g++
ac_cv_prog_CXXCPP='mips-linux-g++ -E'
ac_cv_prog_PTHREAD_CC=mips-linux-gcc
ac_cv_prog_RANLIB=mips-linux-ranlib
ac_cv_prog_STRIP=mips-linux-uclibc-strip
ac_cv_prog_cc_c89=
ac_cv_prog_cc_g=yes
ac_cv_prog_cxx_g=yes
ac_cv_prog_f77_g=no
ac_cv_prog_make_make_set=yes
ac_cv_type_struct_timeval=yes
am_cv_CC_dependencies_compiler_type=gcc3
am_cv_CXX_dependencies_compiler_type=gcc3
lt_cv_deplibs_check_method=pass_all
lt_cv_file_magic_cmd='$MAGIC_CMD'
lt_cv_file_magic_test_file=
lt_cv_ld_reload_flag=-r
lt_cv_objdir=.libs
lt_cv_path_LD=/home/yangjilong/20131119/9344/build/gcc-4.3.3/build_mips/staging_dir/usr/mips-linux-uclibc/bin/ld
lt_cv_path_LDCXX=/home/yangjilong/20131119/9344/build/gcc-4.3.3/build_mips/staging_dir/usr/mips-linux-uclibc/bin/ld
lt_cv_path_NM='/home/yangjilong/20131119/9344/build/../build/gcc-4.3.3/build_mips/staging_dir/usr//bin/mips-linux-nm -B'
lt_cv_path_SED=/bin/sed
lt_cv_prog_compiler_c_o=yes
lt_cv_prog_compiler_c_o_CXX=yes
lt_cv_prog_compiler_pic_works=yes
lt_cv_prog_compiler_pic_works_CXX=yes
lt_cv_prog_compiler_rtti_exceptions=no
lt_cv_prog_compiler_static_works=yes
lt_cv_prog_compiler_static_works_CXX=yes
lt_cv_prog_gnu_ld=yes
lt_cv_prog_gnu_ldcxx=yes
lt_cv_sys_global_symbol_pipe='sed -n -e '\''s/^.*[ 	]\([ABCDGIRSTW][ABCDGIRSTW]*\)[ 	][ 	]*\([_A-Za-z][_A-Za-z0-9]*\)$/\1 \2 \2/p'\'''
lt_cv_sys_global_symbol_to_c_name_address='sed -n -e '\''s/^: \([^ ]*\) $/  {\"\1\", (lt_ptr) 0},/p'\'' -e '\''s/^[BCDEGRST] \([^ ]*\) \([^ ]*\)$/  {"\2", (lt_ptr) \&\2},/p'\'''
lt_cv_sys_global_symbol_to_cdecl='sed -n -e '\''s/^. .* \(.*\)$/extern int \1;/p'\'''
lt_cv_sys_lib_dlsearch_path_spec='/lib /usr/lib /usr/lib/i386-linux-gnu/mesa-egl /usr/lib/i386-linux-gnu/mesa /lib/i386-linux-gnu /usr/lib/i386-linux-gnu /lib/i686-linux-gnu /usr/lib/i686-linux-gnu /usr/local/lib '
lt_cv_sys_lib_search_path_spec='/home/yangjilong/20131119/9344/build/gcc-4.3.3/build_mips/staging_dir/usr/lib/gcc/mips-linux-uclibc/4.3.3 /home/yangjilong/20131119/9344/build/gcc-4.3.3/build_mips/staging_dir/usr/lib/gcc /home/yangjilong/20131119/9344/build/gcc-4.3.3/build_mips/staging_dir/usr/mips-linux-uclibc/lib /home/yangjilong/20131119/9344/build/gcc-4.3.3/build_mips/staging_dir/lib /home/yangjilong/20131119/9344/build/gcc-4.3.3/build_mips/staging_dir/usr/lib'
lt_cv_sys_max_cmd_len=805306365
lt_lt_cv_prog_compiler_c_o='"yes"'
lt_lt_cv_prog_compiler_c_o_CXX='"yes"'
lt_lt_cv_sys_global_symbol_pipe='"sed -n -e '\''s/^.*[ 	]\\([ABCDGIRSTW][ABCDGIRSTW]*\\)[ 	][ 	]*\\([_A-Za-z][_A-Za-z0-9]*\\)\$/\\1 \\2 \\2/p'\''"'
lt_lt_cv_sys_global_symbol_to_c_name_address='"sed -n -e '\''s/^: \\([^ ]*\\) \$/  {\\\"\\1\\\", (lt_ptr) 0},/p'\'' -e '\''s/^[BCDEGRST] \\([^ ]*\\) \\([^ ]*\\)\$/  {\"\\2\", (lt_ptr) \\&\\2},/p'\''"'
lt_lt_cv_sys_global_symbol_to_cdecl='"sed -n -e '\''s/^. .* \\(.*\\)\$/extern int \\1;/p'\''"'

## ----------------- ##
## Output variables. ##
## ----------------- ##

ACLOCAL='${SHELL} /home/yangjilong/20131119/9344/apps/cacm/src/libosip2-3.3.0/scripts/missing --run aclocal-1.9 -I scripts'
AMDEPBACKSLASH='\'
AMDEP_FALSE='#'
AMDEP_TRUE=''
AMTAR='${SHELL} /home/yangjilong/20131119/9344/apps/cacm/src/libosip2-3.3.0/scripts/missing --run tar'
AR='mips-linux-ar'
AS='as'
AUTOCONF='${SHELL} /home/yangjilong/20131119/9344/apps/cacm/src/libosip2-3.3.0/scripts/missing --run autoconf'
AUTOHEADER='${SHELL} /home/yangjilong/20131119/9344/apps/cacm/src/libosip2-3.3.0/scripts/missing --run autoheader'
AUTOMAKE='${SHELL} /home/yangjilong/20131119/9344/apps/cacm/src/libosip2-3.3.0/scripts/missing --run automake-1.9'
AWK='mawk'
BUILD_MAXSIZE_FALSE='#'
BUILD_MAXSIZE_TRUE=''
BUILD_MT_FALSE='#'
BUILD_MT_TRUE=''
CC='mips-linux-gcc'
CCDEPMODE='depmode=gcc3'
CFLAGS='-g '
COMPILE_TESTS_FALSE=''
COMPILE_TESTS_TRUE='#'
CPP='mips-linux-gcc -E'
CPPFLAGS=' -Wall -Wcast-align -Wchar-subscripts -Wformat -Winline -Wmissing-declarations -Wmissing-prototypes -Wnested-externs -Wpointer-arith'
CXX='mips-linux-g++'
CXXCPP='mips-linux-g++ -E'
CXXDEPMODE='depmode=gcc3'
CXXFLAGS='-g -O2'
CYGPATH_W='echo'
DEFS='-DHAVE_CONFIG_H'
DEPDIR='.deps'
DLLTOOL='dlltool'
DSYMUTIL=''
ECHO='echo'
ECHO_C=''
ECHO_N='-n'
ECHO_T=''
EGREP='/bin/grep -E'
EXEEXT=''
EXTRA_LIB=''
F77=''
FFLAGS=''
FSM_LIB=''
GREP='/bin/grep'
INSIDE_GNOME_COMMON_FALSE=''
INSIDE_GNOME_COMMON_TRUE='#'
INSTALL_DATA='${INSTALL} -m 644'
INSTALL_PROGRAM='${INSTALL}'
INSTALL_SCRIPT='${INSTALL}'
INSTALL_STRIP_PROGRAM='${SHELL} $(install_sh) -c -s'
LDFLAGS=''
LIBOBJS=''
LIBOSIP_SO_VERSION='6:0:2'
LIBS=''
LIBTOOL='$(SHELL) $(top_builddir)/libtool'
LN_S='ln -s'
LTLIBOBJS=''
MAKEINFO='${SHELL} /home/yangjilong/20131119/9344/apps/cacm/src/libosip2-3.3.0/scripts/missing --run makeinfo'
NMEDIT=''
OBJDUMP='objdump'
OBJEXT='o'
OSIP_VERSION='3.3.0'
PACKAGE='libosip2'
PACKAGE_BUGREPORT=''
PACKAGE_NAME=''
PACKAGE_STRING=''
PACKAGE_TARNAME=''
PACKAGE_VERSION=''
PARSER_LIB=''
PATH_SEPARATOR=':'
PTHREAD_CC='mips-linux-gcc'
PTHREAD_CFLAGS='-pthread'
PTHREAD_LIBS=''
RANLIB='mips-linux-ranlib'
SED='/bin/sed'
SET_MAKE=''
SHELL='/bin/bash'
SIP_CFLAGS=' -g '
SIP_EXTRA_FLAGS=' -g -DENABLE_TRACE'
SIP_FSM_FLAGS='-DOSIP_MT'
SIP_PARSER_FLAGS=''
STRIP='mips-linux-uclibc-strip'
VERSION='3.3.0'
ac_ct_CC=''
ac_ct_CXX=''
ac_ct_F77=''
am__fastdepCC_FALSE='#'
am__fastdepCC_TRUE=''
am__fastdepCXX_FALSE='#'
am__fastdepCXX_TRUE=''
am__include='include'
am__leading_dot='.'
am__quote=''
am__tar='${AMTAR} chof - "$$tardir"'
am__untar='${AMTAR} xf -'
bindir='${exec_prefix}/bin'
build='i686-pc-linux-gnu'
build_alias=''
build_cpu='i686'
build_os='linux-gnu'
build_vendor='pc'
datadir='${datarootdir}'
datarootdir='${prefix}/share'
docdir='${datarootdir}/doc/${PACKAGE}'
dvidir='${docdir}'
exec_prefix='${prefix}'
host='mips-unknown-linux-gnu'
host_alias='mips-linux'
host_cpu='mips'
host_os='linux-gnu'
host_vendor='unknown'
htmldir='${docdir}'
includedir='${prefix}/include'
infodir='${datarootdir}/info'
install_sh='/home/yangjilong/20131119/9344/apps/cacm/src/libosip2-3.3.0/scripts/install-sh'
libdir='${exec_prefix}/lib'
libexecdir='${exec_prefix}/libexec'
localedir='${datarootdir}/locale'
localstatedir='${prefix}/var'
mandir='${datarootdir}/man'
mkdir_p='mkdir -p --'
oldincludedir='/usr/include'
pdfdir='${docdir}'
prefix='/home/yangjilong/20131119/9344/apps/cacm/target'
program_transform_name='s,x,x,'
psdir='${docdir}'
sbindir='${exec_prefix}/sbin'
sharedstatedir='${prefix}/com'
sysconfdir='${prefix}/etc'
target_alias=''

## ----------- ##
## confdefs.h. ##
## ----------- ##

#define PACKAGE_NAME ""
#define PACKAGE_TARNAME ""
#define PACKAGE_VERSION ""
#define PACKAGE_STRING ""
#define PACKAGE_BUGREPORT ""
#define PACKAGE "libosip2"
#define VERSION "3.3.0"
#define STDC_HEADERS 1
#define HAVE_SYS_TYPES_H 1
#define HAVE_SYS_STAT_H 1
#define HAVE_STDLIB_H 1
#define HAVE_STRING_H 1
#define HAVE_MEMORY_H 1
#define HAVE_STRINGS_H 1
#define HAVE_INTTYPES_H 1
#define HAVE_STDINT_H 1
#define HAVE_UNISTD_H 1
#define HAVE_DLFCN_H 1
#define HAVE_PTHREAD 1
#define HAVE_SEMAPHORE_H 1
#define HAVE_SYS_SEM_H 1
#define HAVE_LRAND48
#define STDC_HEADERS 1
#define HAVE_STRING_H 1
#define HAVE_STRINGS_H 1
#define HAVE_STDLIB_H 1
#define HAVE_UNISTD_H 1
#define HAVE_SYS_TYPES_H 1
#define HAVE_SYS_UNISTD_H 1
#define HAVE_SYSLOG_H 1
#define HAVE_CTYPE_H 1
#define HAVE_STDIO_H 1
#define HAVE_STDARG_H 1
#define HAVE_FCNTL_H 1
#define HAVE_TIME_H 1
#define HAVE_SYS_TIME_H 1
#define HAVE_SYS_SELECT_H 1
#define HAVE_ASSERT_H 1
#define HAVE_SIGNAL_H 1
#define HAVE_SYS_SIGNAL_H 1
#define HAVE_MALLOC_H 1
#define HAVE_STRUCT_TIMEVAL 1

configure: exit 0
